#-----------------------------------------------------------
# Vivado v2020.2 (64-bit)
# SW Build 3064766 on Wed Nov 18 09:12:45 MST 2020
# IP Build 3064653 on Wed Nov 18 14:17:31 MST 2020
# Start of session at: Tue Mar 19 14:57:45 2024
# Process ID: 10672
# Current directory: D:/ES_2024/ES_DCMotor_BaseProj
# Command line: vivado.exe -gui_launcher_event rodinguilauncherevent6208 D:\ES_2024\ES_DCMotor_BaseProj\ES_DCMotor_BaseProj.xpr
# Log file: D:/ES_2024/ES_DCMotor_BaseProj/vivado.log
# Journal file: D:/ES_2024/ES_DCMotor_BaseProj\vivado.jou
#-----------------------------------------------------------
start_gui
open_project D:/ES_2024/ES_DCMotor_BaseProj/ES_DCMotor_BaseProj.xpr
INFO: [Project 1-313] Project file moved from 'D:/ES_2022/ES_DCMotor_BaseProj' since last save.
WARNING: [filemgmt 56-2] Default IP Output Path : Could not find the directory 'D:/ES_2024/ES_DCMotor_BaseProj/ES_DCMotor_BaseProj.gen/sources_1', nor could it be found using path 'D:/ES_2022/ES_DCMotor_BaseProj/ES_DCMotor_BaseProj.gen/sources_1'.
Scanning sources...
Finished scanning sources
INFO: [IP_Flow 19-234] Refreshing IP repositories
INFO: [IP_Flow 19-1704] No user IP repositories specified
INFO: [IP_Flow 19-2313] Loaded Vivado IP repository 'C:/apps/Xilinx/Vivado/2020.2/data/ip'.
open_project: Time (s): cpu = 00:00:12 ; elapsed = 00:00:05 . Memory (MB): peak = 1000.867 ; gain = 0.000
update_compile_order -fileset sources_1
