
*** Running vivado
    with args -log c_addsub_0.vds -m64 -product Vivado -mode batch -messageDb vivado.pb -notrace -source c_addsub_0.tcl


ECHO is off.
ECHO is off.

****** Vivado v2023.2 (64-bit)
  **** SW Build 4029153 on Fri Oct 13 20:14:34 MDT 2023
  **** IP Build 4028589 on Sat Oct 14 00:45:43 MDT 2023
  **** SharedData Build 4025554 on Tue Oct 10 17:18:54 MDT 2023
    ** Copyright 1986-2022 Xilinx, Inc. All Rights Reserved.
    ** Copyright 2022-2023 Advanced Micro Devices, Inc. All Rights Reserved.

source c_addsub_0.tcl -notrace
create_project: Time (s): cpu = 00:00:07 ; elapsed = 00:00:09 . Memory (MB): peak = 472.914 ; gain = 177.070
INFO: [IP_Flow 19-6924] IPCACHE: Running cache check for IP inst: c_addsub_0
Command: synth_design -top c_addsub_0 -part xc7z020clg400-1 -incremental_mode off -mode out_of_context
Starting synth_design
Attempting to get a license for feature 'Synthesis' and/or device 'xc7z020'
INFO: [Common 17-349] Got license for feature 'Synthesis' and/or device 'xc7z020'
INFO: [Device 21-403] Loading part xc7z020clg400-1
INFO: [Synth 8-7079] Multithreading enabled for synth_design using a maximum of 2 processes.
INFO: [Synth 8-7078] Launching helper process for spawning children vivado processes
INFO: [Synth 8-7075] Helper process launched with PID 1048

*** Running vivado
    with args -log c_addsub_0.vds -m64 -product Vivado -mode batch -messageDb vivado.pb -notrace -source c_addsub_0.tcl


ECHO is off.
ECHO is off.

****** Vivado v2023.2 (64-bit)
  **** SW Build 4029153 on Fri Oct 13 20:14:34 MDT 2023
  **** IP Build 4028589 on Sat Oct 14 00:45:43 MDT 2023
  **** SharedData Build 4025554 on Tue Oct 10 17:18:54 MDT 2023
    ** Copyright 1986-2022 Xilinx, Inc. All Rights Reserved.
    ** Copyright 2022-2023 Advanced Micro Devices, Inc. All Rights Reserved.

source c_addsub_0.tcl -notrace
create_project: Time (s): cpu = 00:00:06 ; elapsed = 00:00:08 . Memory (MB): peak = 473.930 ; gain = 178.664
INFO: [IP_Flow 19-6924] IPCACHE: Running cache check for IP inst: c_addsub_0
Command: synth_design -top c_addsub_0 -part xc7z020clg400-1 -incremental_mode off -mode out_of_context
Starting synth_design
Attempting to get a license for feature 'Synthesis' and/or device 'xc7z020'
INFO: [Common 17-349] Got license for feature 'Synthesis' and/or device 'xc7z020'
INFO: [Device 21-403] Loading part xc7z020clg400-1
INFO: [Synth 8-7079] Multithreading enabled for synth_design using a maximum of 2 processes.
INFO: [Synth 8-7078] Launching helper process for spawning children vivado processes
INFO: [Synth 8-7075] Helper process launched with PID 3292
---------------------------------------------------------------------------------
Starting RTL Elaboration : Time (s): cpu = 00:00:08 ; elapsed = 00:00:11 . Memory (MB): peak = 1348.434 ; gain = 438.781
---------------------------------------------------------------------------------
INFO: [Synth 8-638] synthesizing module 'c_addsub_0' [c:/Studia/Semestr_6/Systemy_Rekonfigurowalne/arithemtic/arithemtic.gen/sources_1/ip/c_addsub_0/synth/c_addsub_0.vhd:69]
	Parameter C_VERBOSITY bound to: 0 - type: integer 
	Parameter C_XDEVICEFAMILY bound to: zynq - type: string 
	Parameter C_IMPLEMENTATION bound to: 1 - type: integer 
	Parameter C_A_WIDTH bound to: 9 - type: integer 
	Parameter C_B_WIDTH bound to: 9 - type: integer 
	Parameter C_OUT_WIDTH bound to: 10 - type: integer 
	Parameter C_CE_OVERRIDES_SCLR bound to: 0 - type: integer 
	Parameter C_A_TYPE bound to: 0 - type: integer 
	Parameter C_B_TYPE bound to: 0 - type: integer 
	Parameter C_LATENCY bound to: 2 - type: integer 
	Parameter C_ADD_MODE bound to: 0 - type: integer 
	Parameter C_B_CONSTANT bound to: 0 - type: integer 
	Parameter C_B_VALUE bound to: 000000000 - type: string 
	Parameter C_AINIT_VAL bound to: 0 - type: string 
	Parameter C_SINIT_VAL bound to: 0 - type: string 
	Parameter C_CE_OVERRIDES_BYPASS bound to: 1 - type: integer 
	Parameter C_BYPASS_LOW bound to: 0 - type: integer 
	Parameter C_SCLR_OVERRIDES_SSET bound to: 1 - type: integer 
	Parameter C_HAS_C_IN bound to: 0 - type: integer 
	Parameter C_HAS_C_OUT bound to: 0 - type: integer 
	Parameter C_BORROW_LOW bound to: 1 - type: integer 
	Parameter C_HAS_CE bound to: 1 - type: integer 
	Parameter C_HAS_BYPASS bound to: 0 - type: integer 
	Parameter C_HAS_SCLR bound to: 0 - type: integer 
	Parameter C_HAS_SSET bound to: 0 - type: integer 
	Parameter C_HAS_SINIT bound to: 0 - type: integer 
INFO: [Synth 8-3491] module 'c_addsub_v12_0_16' declared at 'c:/Studia/Semestr_6/Systemy_Rekonfigurowalne/arithemtic/arithemtic.gen/sources_1/ip/c_addsub_0/hdl/c_addsub_v12_0_vh_rfs.vhd:7006' bound to instance 'U0' of component 'c_addsub_v12_0_16' [c:/Studia/Semestr_6/Systemy_Rekonfigurowalne/arithemtic/arithemtic.gen/sources_1/ip/c_addsub_0/synth/c_addsub_0.vhd:136]
INFO: [Synth 8-256] done synthesizing module 'c_addsub_0' (0#1) [c:/Studia/Semestr_6/Systemy_Rekonfigurowalne/arithemtic/arithemtic.gen/sources_1/ip/c_addsub_0/synth/c_addsub_0.vhd:69]
WARNING: [Synth 8-7129] Port SCLR in module xbip_pipe_v3_0_7_viv is either unconnected or has no load
WARNING: [Synth 8-7129] Port SINIT in module xbip_pipe_v3_0_7_viv is either unconnected or has no load
WARNING: [Synth 8-7129] Port CEA1 in module xbip_dsp48e1_wrapper_v3_0 is either unconnected or has no load
WARNING: [Synth 8-7129] Port CEA2 in module xbip_dsp48e1_wrapper_v3_0 is either unconnected or has no load
WARNING: [Synth 8-7129] Port CEB1 in module xbip_dsp48e1_wrapper_v3_0 is either unconnected or has no load
WARNING: [Synth 8-7129] Port CEB2 in module xbip_dsp48e1_wrapper_v3_0 is either unconnected or has no load
WARNING: [Synth 8-7129] Port CEAD in module xbip_dsp48e1_wrapper_v3_0 is either unconnected or has no load
WARNING: [Synth 8-7129] Port CED in module xbip_dsp48e1_wrapper_v3_0 is either unconnected or has no load
WARNING: [Synth 8-7129] Port CEC in module xbip_dsp48e1_wrapper_v3_0 is either unconnected or has no load
WARNING: [Synth 8-7129] Port CECARRYIN in module xbip_dsp48e1_wrapper_v3_0 is either unconnected or has no load
WARNING: [Synth 8-7129] Port CECTRL in module xbip_dsp48e1_wrapper_v3_0 is either unconnected or has no load
WARNING: [Synth 8-7129] Port CEALUMODE in module xbip_dsp48e1_wrapper_v3_0 is either unconnected or has no load
WARNING: [Synth 8-7129] Port CEINMODE in module xbip_dsp48e1_wrapper_v3_0 is either unconnected or has no load
WARNING: [Synth 8-7129] Port CEM in module xbip_dsp48e1_wrapper_v3_0 is either unconnected or has no load
WARNING: [Synth 8-7129] Port CEP in module xbip_dsp48e1_wrapper_v3_0 is either unconnected or has no load
WARNING: [Synth 8-7129] Port SCLRA in module xbip_dsp48e1_wrapper_v3_0 is either unconnected or has no load
WARNING: [Synth 8-7129] Port SCLRB in module xbip_dsp48e1_wrapper_v3_0 is either unconnected or has no load
WARNING: [Synth 8-7129] Port SCLRC in module xbip_dsp48e1_wrapper_v3_0 is either unconnected or has no load
WARNING: [Synth 8-7129] Port SCLRD in module xbip_dsp48e1_wrapper_v3_0 is either unconnected or has no load
WARNING: [Synth 8-7129] Port SCLRALLCARRYIN in module xbip_dsp48e1_wrapper_v3_0 is either unconnected or has no load
WARNING: [Synth 8-7129] Port SCLRCTRL in module xbip_dsp48e1_wrapper_v3_0 is either unconnected or has no load
WARNING: [Synth 8-7129] Port SCLRALUMODE in module xbip_dsp48e1_wrapper_v3_0 is either unconnected or has no load
WARNING: [Synth 8-7129] Port SCLRINMODE in module xbip_dsp48e1_wrapper_v3_0 is either unconnected or has no load
WARNING: [Synth 8-7129] Port SCLRM in module xbip_dsp48e1_wrapper_v3_0 is either unconnected or has no load
WARNING: [Synth 8-7129] Port SCLRP in module xbip_dsp48e1_wrapper_v3_0 is either unconnected or has no load
WARNING: [Synth 8-7129] Port C_IN in module c_addsub_v12_0_16_viv is either unconnected or has no load
WARNING: [Synth 8-7129] Port BYPASS in module c_addsub_v12_0_16_viv is either unconnected or has no load
WARNING: [Synth 8-7129] Port SCLR in module c_addsub_v12_0_16_viv is either unconnected or has no load
WARNING: [Synth 8-7129] Port SSET in module c_addsub_v12_0_16_viv is either unconnected or has no load
WARNING: [Synth 8-7129] Port SINIT in module c_addsub_v12_0_16_viv is either unconnected or has no load
---------------------------------------------------------------------------------
Finished RTL Elaboration : Time (s): cpu = 00:00:14 ; elapsed = 00:00:17 . Memory (MB): peak = 1529.598 ; gain = 619.945
---------------------------------------------------------------------------------
---------------------------------------------------------------------------------
Start Handling Custom Attributes
---------------------------------------------------------------------------------
---------------------------------------------------------------------------------
Finished Handling Custom Attributes : Time (s): cpu = 00:00:14 ; elapsed = 00:00:18 . Memory (MB): peak = 1529.598 ; gain = 619.945
---------------------------------------------------------------------------------
---------------------------------------------------------------------------------
Finished RTL Optimization Phase 1 : Time (s): cpu = 00:00:14 ; elapsed = 00:00:18 . Memory (MB): peak = 1529.598 ; gain = 619.945
---------------------------------------------------------------------------------
Netlist sorting complete. Time (s): cpu = 00:00:00 ; elapsed = 00:00:00.009 . Memory (MB): peak = 1529.598 ; gain = 0.000
INFO: [Netlist 29-17] Analyzing 1 Unisim elements for replacement
INFO: [Netlist 29-28] Unisim Transformation completed in 0 CPU seconds
INFO: [Project 1-570] Preparing netlist for logic optimization

Processing XDC Constraints
Initializing timing engine
Parsing XDC File [c:/Studia/Semestr_6/Systemy_Rekonfigurowalne/arithemtic/arithemtic.gen/sources_1/ip/c_addsub_0/c_addsub_0_ooc.xdc] for cell 'U0'
Finished Parsing XDC File [c:/Studia/Semestr_6/Systemy_Rekonfigurowalne/arithemtic/arithemtic.gen/sources_1/ip/c_addsub_0/c_addsub_0_ooc.xdc] for cell 'U0'
Parsing XDC File [C:/Studia/Semestr_6/Systemy_Rekonfigurowalne/arithemtic/arithemtic.runs/c_addsub_0_synth_1/dont_touch.xdc]
Finished Parsing XDC File [C:/Studia/Semestr_6/Systemy_Rekonfigurowalne/arithemtic/arithemtic.runs/c_addsub_0_synth_1/dont_touch.xdc]
Completed Processing XDC Constraints

Netlist sorting complete. Time (s): cpu = 00:00:00 ; elapsed = 00:00:00 . Memory (MB): peak = 1547.406 ; gain = 0.000
INFO: [Project 1-111] Unisim Transformation Summary:
No Unisim elements were transformed.

System nie mo푘 odnale쳠 okre쁫onej 쁟ie푟i.
Constraint Validation Runtime : Time (s): cpu = 00:00:00 ; elapsed = 00:00:00.034 . Memory (MB): peak = 1549.051 ; gain = 1.645
INFO: [Designutils 20-5008] Incremental synthesis strategy off
---------------------------------------------------------------------------------
Finished Constraint Validation : Time (s): cpu = 00:00:24 ; elapsed = 00:00:30 . Memory (MB): peak = 1549.051 ; gain = 639.398
---------------------------------------------------------------------------------
---------------------------------------------------------------------------------
Start Loading Part and Timing Information
---------------------------------------------------------------------------------
Loading part: xc7z020clg400-1
---------------------------------------------------------------------------------
Finished Loading Part and Timing Information : Time (s): cpu = 00:00:24 ; elapsed = 00:00:30 . Memory (MB): peak = 1549.051 ; gain = 639.398
---------------------------------------------------------------------------------
---------------------------------------------------------------------------------
Start Applying 'set_property' XDC Constraints
---------------------------------------------------------------------------------
Applied set_property KEEP_HIERARCHY = SOFT for U0. (constraint file  C:/Studia/Semestr_6/Systemy_Rekonfigurowalne/arithemtic/arithemtic.runs/c_addsub_0_synth_1/dont_touch.xdc, line 9).
---------------------------------------------------------------------------------
Finished applying 'set_property' XDC Constraints : Time (s): cpu = 00:00:24 ; elapsed = 00:00:30 . Memory (MB): peak = 1549.051 ; gain = 639.398
---------------------------------------------------------------------------------
---------------------------------------------------------------------------------
Finished RTL Optimization Phase 2 : Time (s): cpu = 00:00:24 ; elapsed = 00:00:30 . Memory (MB): peak = 1549.051 ; gain = 639.398
---------------------------------------------------------------------------------
---------------------------------------------------------------------------------
Start RTL Component Statistics 
---------------------------------------------------------------------------------
---------------------------------------------------------------------------------
Finished RTL Component Statistics 
---------------------------------------------------------------------------------
---------------------------------------------------------------------------------
Start Part Resource Summary
---------------------------------------------------------------------------------
Part Resources:
DSPs: 220 (col length:60)
BRAMs: 280 (col length: RAMB18 60 RAMB36 30)
---------------------------------------------------------------------------------
Finished Part Resource Summary
---------------------------------------------------------------------------------
---------------------------------------------------------------------------------
Start Cross Boundary and Area Optimization
---------------------------------------------------------------------------------
WARNING: [Synth 8-7080] Parallel synthesis criteria is not met
WARNING: [Synth 8-7129] Port C_IN in module c_addsub_v12_0_16_viv is either unconnected or has no load
WARNING: [Synth 8-7129] Port BYPASS in module c_addsub_v12_0_16_viv is either unconnected or has no load
WARNING: [Synth 8-7129] Port SCLR in module c_addsub_v12_0_16_viv is either unconnected or has no load
WARNING: [Synth 8-7129] Port SSET in module c_addsub_v12_0_16_viv is either unconnected or has no load
WARNING: [Synth 8-7129] Port SINIT in module c_addsub_v12_0_16_viv is either unconnected or has no load
---------------------------------------------------------------------------------
Finished Cross Boundary and Area Optimization : Time (s): cpu = 00:00:26 ; elapsed = 00:00:32 . Memory (MB): peak = 1549.051 ; gain = 639.398
---------------------------------------------------------------------------------
---------------------------------------------------------------------------------
Start Applying XDC Timing Constraints
---------------------------------------------------------------------------------
---------------------------------------------------------------------------------
Finished Applying XDC Timing Constraints : Time (s): cpu = 00:00:35 ; elapsed = 00:00:44 . Memory (MB): peak = 1549.051 ; gain = 639.398
---------------------------------------------------------------------------------
---------------------------------------------------------------------------------
Start Timing Optimization
---------------------------------------------------------------------------------
---------------------------------------------------------------------------------
Finished Timing Optimization : Time (s): cpu = 00:00:35 ; elapsed = 00:00:44 . Memory (MB): peak = 1549.051 ; gain = 639.398
---------------------------------------------------------------------------------
---------------------------------------------------------------------------------
Start Technology Mapping
---------------------------------------------------------------------------------
---------------------------------------------------------------------------------
Finished Technology Mapping : Time (s): cpu = 00:00:35 ; elapsed = 00:00:44 . Memory (MB): peak = 1549.051 ; gain = 639.398
---------------------------------------------------------------------------------
---------------------------------------------------------------------------------
Start IO Insertion
---------------------------------------------------------------------------------
---------------------------------------------------------------------------------
Start Flattening Before IO Insertion
---------------------------------------------------------------------------------
---------------------------------------------------------------------------------
Finished Flattening Before IO Insertion
---------------------------------------------------------------------------------
---------------------------------------------------------------------------------
Start Final Netlist Cleanup
---------------------------------------------------------------------------------
---------------------------------------------------------------------------------
Finished Final Netlist Cleanup
---------------------------------------------------------------------------------
---------------------------------------------------------------------------------
Finished IO Insertion : Time (s): cpu = 00:00:41 ; elapsed = 00:00:51 . Memory (MB): peak = 1549.051 ; gain = 639.398
---------------------------------------------------------------------------------
---------------------------------------------------------------------------------
Start Renaming Generated Instances
---------------------------------------------------------------------------------
---------------------------------------------------------------------------------
Finished Renaming Generated Instances : Time (s): cpu = 00:00:41 ; elapsed = 00:00:51 . Memory (MB): peak = 1549.051 ; gain = 639.398
---------------------------------------------------------------------------------
---------------------------------------------------------------------------------
Start Rebuilding User Hierarchy
---------------------------------------------------------------------------------
---------------------------------------------------------------------------------
Finished Rebuilding User Hierarchy : Time (s): cpu = 00:00:41 ; elapsed = 00:00:51 . Memory (MB): peak = 1549.051 ; gain = 639.398
---------------------------------------------------------------------------------
---------------------------------------------------------------------------------
Start Renaming Generated Ports
---------------------------------------------------------------------------------
---------------------------------------------------------------------------------
Finished Renaming Generated Ports : Time (s): cpu = 00:00:41 ; elapsed = 00:00:51 . Memory (MB): peak = 1549.051 ; gain = 639.398
---------------------------------------------------------------------------------
---------------------------------------------------------------------------------
Start Handling Custom Attributes
---------------------------------------------------------------------------------
---------------------------------------------------------------------------------
Finished Handling Custom Attributes : Time (s): cpu = 00:00:41 ; elapsed = 00:00:51 . Memory (MB): peak = 1549.051 ; gain = 639.398
---------------------------------------------------------------------------------
---------------------------------------------------------------------------------
Start Renaming Generated Nets
---------------------------------------------------------------------------------
---------------------------------------------------------------------------------
Finished Renaming Generated Nets : Time (s): cpu = 00:00:41 ; elapsed = 00:00:51 . Memory (MB): peak = 1549.051 ; gain = 639.398
---------------------------------------------------------------------------------
---------------------------------------------------------------------------------
Start Writing Synthesis Report
---------------------------------------------------------------------------------

DSP Final Report (the ' indicates corresponding REG is set)
+--------------------------+-------------+--------+--------+--------+--------+--------+------+------+------+------+-------+------+------+
|Module Name               | DSP Mapping | A Size | B Size | C Size | D Size | P Size | AREG | BREG | CREG | DREG | ADREG | MREG | PREG | 
+--------------------------+-------------+--------+--------+--------+--------+--------+------+------+------+------+-------+------+------+
|xbip_dsp48e1_wrapper_v3_0 | (C'+A':B')' | 30     | 18     | 48     | -      | 48     | 1    | 1    | 1    | -    | -     | 0    | 1    | 
+--------------------------+-------------+--------+--------+--------+--------+--------+------+------+------+------+-------+------+------+


Report BlackBoxes: 
+-+--------------+----------+
| |BlackBox name |Instances |
+-+--------------+----------+
+-+--------------+----------+

Report Cell Usage: 
+------+--------+------+
|      |Cell    |Count |
+------+--------+------+
|1     |DSP48E1 |     1|
|2     |LUT3    |     1|
|3     |FDRE    |     1|
+------+--------+------+
---------------------------------------------------------------------------------
Finished Writing Synthesis Report : Time (s): cpu = 00:00:41 ; elapsed = 00:00:51 . Memory (MB): peak = 1549.051 ; gain = 639.398
---------------------------------------------------------------------------------
Synthesis finished with 0 errors, 0 critical warnings and 6 warnings.
Synthesis Optimization Runtime : Time (s): cpu = 00:00:25 ; elapsed = 00:00:48 . Memory (MB): peak = 1549.051 ; gain = 619.945
Synthesis Optimization Complete : Time (s): cpu = 00:00:41 ; elapsed = 00:00:51 . Memory (MB): peak = 1549.051 ; gain = 639.398
INFO: [Project 1-571] Translating synthesized netlist
Netlist sorting complete. Time (s): cpu = 00:00:00 ; elapsed = 00:00:00.002 . Memory (MB): peak = 1549.051 ; gain = 0.000
INFO: [Netlist 29-17] Analyzing 1 Unisim elements for replacement
INFO: [Netlist 29-28] Unisim Transformation completed in 0 CPU seconds
INFO: [Project 1-570] Preparing netlist for logic optimization
INFO: [Opt 31-138] Pushed 0 inverter(s) to 0 load pin(s).
Netlist sorting complete. Time (s): cpu = 00:00:00 ; elapsed = 00:00:00.001 . Memory (MB): peak = 1549.051 ; gain = 0.000
INFO: [Project 1-111] Unisim Transformation Summary:
No Unisim elements were transformed.

System nie mo푘 odnale쳠 okre쁫onej 쁟ie푟i.
Synth Design complete | Checksum: 97410cc4
INFO: [Common 17-83] Releasing license: Synthesis
21 Infos, 36 Warnings, 0 Critical Warnings and 0 Errors encountered.
synth_design completed successfully
synth_design: Time (s): cpu = 00:00:46 ; elapsed = 00:00:58 . Memory (MB): peak = 1549.051 ; gain = 1058.645
INFO: [Common 17-1381] The checkpoint 'C:/Studia/Semestr_6/Systemy_Rekonfigurowalne/arithemtic/arithemtic.runs/c_addsub_0_synth_1/c_addsub_0.dcp' has been generated.
INFO: [Coretcl 2-1648] Added synthesis output to IP cache for IP c_addsub_0, cache-ID = a4688d08b61cd1e1
INFO: [Coretcl 2-1174] Renamed 7 cell refs.
INFO: [Common 17-1381] The checkpoint 'C:/Studia/Semestr_6/Systemy_Rekonfigurowalne/arithemtic/arithemtic.runs/c_addsub_0_synth_1/c_addsub_0.dcp' has been generated.
INFO: [runtcl-4] Executing : report_utilization -file c_addsub_0_utilization_synth.rpt -pb c_addsub_0_utilization_synth.pb
INFO: [Common 17-206] Exiting Vivado at Mon Apr  8 22:31:47 2024...
