#-----------------------------------------------------------
# Vivado v2023.2 (64-bit)
# SW Build 4029153 on Fri Oct 13 20:14:34 MDT 2023
# IP Build 4028589 on Sat Oct 14 00:45:43 MDT 2023
# SharedData Build 4025554 on Tue Oct 10 17:18:54 MDT 2023
# Start of session at: Mon May 20 15:56:16 2024
# Process ID: 8460
# Current directory: D:/Kuba/studia/semestr VI/SR/Lab_6/hdmi_zybo_centroid
# Command line: vivado.exe -gui_launcher_event rodinguilauncherevent15076 D:\Kuba\studia\semestr VI\SR\Lab_6\hdmi_zybo_centroid\hdmi_vga_zybo_YCbCr_centroid.xpr
# Log file: D:/Kuba/studia/semestr VI/SR/Lab_6/hdmi_zybo_centroid/vivado.log
# Journal file: D:/Kuba/studia/semestr VI/SR/Lab_6/hdmi_zybo_centroid\vivado.jou
# Running On: DESKTOP-VERHI1K, OS: Windows, CPU Frequency: 2496 MHz, CPU Physical cores: 4, Host memory: 8503 MB
#-----------------------------------------------------------
start_gui
open_project {D:/Kuba/studia/semestr VI/SR/Lab_6/hdmi_zybo_centroid/hdmi_vga_zybo_YCbCr_centroid.xpr}
WARNING: [Board 49-26] cannot add Board Part digilentinc.com:arty-a7-100:part0:1.0 available at D:/Programy-studia/Xlinx/Vivado/2023.2/data/xhub/boards/XilinxBoardStore/boards/Xilinx/arty-a7-100/E.0/1.0/board.xml as part xc7a100tcsg324-1 specified in board_part file is either invalid or not available
WARNING: [Board 49-26] cannot add Board Part digilentinc.com:arty-a7-100:part0:1.1 available at D:/Programy-studia/Xlinx/Vivado/2023.2/data/xhub/boards/XilinxBoardStore/boards/Xilinx/arty-a7-100/E.0/1.1/board.xml as part xc7a100tcsg324-1 specified in board_part file is either invalid or not available
WARNING: [Board 49-26] cannot add Board Part digilentinc.com:arty-a7-35:part0:1.0 available at D:/Programy-studia/Xlinx/Vivado/2023.2/data/xhub/boards/XilinxBoardStore/boards/Xilinx/arty-a7-35/E.0/1.0/board.xml as part xc7a35ticsg324-1l specified in board_part file is either invalid or not available
WARNING: [Board 49-26] cannot add Board Part digilentinc.com:arty-a7-35:part0:1.1 available at D:/Programy-studia/Xlinx/Vivado/2023.2/data/xhub/boards/XilinxBoardStore/boards/Xilinx/arty-a7-35/E.0/1.1/board.xml as part xc7a35ticsg324-1l specified in board_part file is either invalid or not available
WARNING: [Board 49-26] cannot add Board Part digilentinc.com:arty-s7-25:part0:1.1 available at D:/Programy-studia/Xlinx/Vivado/2023.2/data/xhub/boards/XilinxBoardStore/boards/Xilinx/arty-s7-25/E.0/board.xml as part xc7s25csga324-1 specified in board_part file is either invalid or not available
WARNING: [Board 49-26] cannot add Board Part digilentinc.com:arty-s7-50:part0:1.1 available at D:/Programy-studia/Xlinx/Vivado/2023.2/data/xhub/boards/XilinxBoardStore/boards/Xilinx/arty-s7-50/B.0/board.xml as part xc7s50csga324-1 specified in board_part file is either invalid or not available
WARNING: [Board 49-26] cannot add Board Part digilentinc.com:arty:part0:1.1 available at D:/Programy-studia/Xlinx/Vivado/2023.2/data/xhub/boards/XilinxBoardStore/boards/Xilinx/arty/C.0/board.xml as part xc7a35ticsg324-1l specified in board_part file is either invalid or not available
WARNING: [Board 49-26] cannot add Board Part digilentinc.com:basys3:part0:1.2 available at D:/Programy-studia/Xlinx/Vivado/2023.2/data/xhub/boards/XilinxBoardStore/boards/Xilinx/basys3/C.0/board.xml as part xc7a35tcpg236-1 specified in board_part file is either invalid or not available
WARNING: [Board 49-26] cannot add Board Part digilentinc.com:cmod-s7-25:part0:1.0 available at D:/Programy-studia/Xlinx/Vivado/2023.2/data/xhub/boards/XilinxBoardStore/boards/Xilinx/cmod-s7-25/B.0/board.xml as part xc7s25csga225-1 specified in board_part file is either invalid or not available
WARNING: [Board 49-26] cannot add Board Part digilentinc.com:cmod_a7-15t:part0:1.2 available at D:/Programy-studia/Xlinx/Vivado/2023.2/data/xhub/boards/XilinxBoardStore/boards/Xilinx/cmod_a7-15t/B.0/board.xml as part xc7a15tcpg236-1 specified in board_part file is either invalid or not available
WARNING: [Board 49-26] cannot add Board Part digilentinc.com:cmod_a7-35t:part0:1.2 available at D:/Programy-studia/Xlinx/Vivado/2023.2/data/xhub/boards/XilinxBoardStore/boards/Xilinx/cmod_a7-35t/B.0/board.xml as part xc7a35tcpg236-1 specified in board_part file is either invalid or not available
WARNING: [Board 49-26] cannot add Board Part digilentinc.com:genesys2:part0:1.1 available at D:/Programy-studia/Xlinx/Vivado/2023.2/data/xhub/boards/XilinxBoardStore/boards/Xilinx/genesys2/H/board.xml as part xc7k325tffg900-2 specified in board_part file is either invalid or not available
WARNING: [Board 49-26] cannot add Board Part digilentinc.com:nexys-a7-100t:part0:1.0 available at D:/Programy-studia/Xlinx/Vivado/2023.2/data/xhub/boards/XilinxBoardStore/boards/Xilinx/nexys-a7-100t/D.0/1.0/board.xml as part xc7a100tcsg324-1 specified in board_part file is either invalid or not available
WARNING: [Board 49-26] cannot add Board Part digilentinc.com:nexys-a7-100t:part0:1.3 available at D:/Programy-studia/Xlinx/Vivado/2023.2/data/xhub/boards/XilinxBoardStore/boards/Xilinx/nexys-a7-100t/D.0/1.3/board.xml as part xc7a100tcsg324-1 specified in board_part file is either invalid or not available
WARNING: [Board 49-26] cannot add Board Part digilentinc.com:nexys-a7-50t:part0:1.0 available at D:/Programy-studia/Xlinx/Vivado/2023.2/data/xhub/boards/XilinxBoardStore/boards/Xilinx/nexys-a7-50t/D.0/1.0/board.xml as part xc7a50ticsg324-1l specified in board_part file is either invalid or not available
WARNING: [Board 49-26] cannot add Board Part digilentinc.com:nexys-a7-50t:part0:1.3 available at D:/Programy-studia/Xlinx/Vivado/2023.2/data/xhub/boards/XilinxBoardStore/boards/Xilinx/nexys-a7-50t/D.0/1.3/board.xml as part xc7a50ticsg324-1l specified in board_part file is either invalid or not available
WARNING: [Board 49-26] cannot add Board Part digilentinc.com:nexys4:part0:1.1 available at D:/Programy-studia/Xlinx/Vivado/2023.2/data/xhub/boards/XilinxBoardStore/boards/Xilinx/nexys4/B.1/board.xml as part xc7a100tcsg324-1 specified in board_part file is either invalid or not available
WARNING: [Board 49-26] cannot add Board Part digilentinc.com:nexys4_ddr:part0:1.1 available at D:/Programy-studia/Xlinx/Vivado/2023.2/data/xhub/boards/XilinxBoardStore/boards/Xilinx/nexys4_ddr/C.1/board.xml as part xc7a100tcsg324-1 specified in board_part file is either invalid or not available
WARNING: [Board 49-26] cannot add Board Part digilentinc.com:nexys_video:part0:1.1 available at D:/Programy-studia/Xlinx/Vivado/2023.2/data/xhub/boards/XilinxBoardStore/boards/Xilinx/nexys_video/A.0/1.1/board.xml as part xc7a200tsbg484-1 specified in board_part file is either invalid or not available
WARNING: [Board 49-26] cannot add Board Part digilentinc.com:nexys_video:part0:1.2 available at D:/Programy-studia/Xlinx/Vivado/2023.2/data/xhub/boards/XilinxBoardStore/boards/Xilinx/nexys_video/A.0/1.2/board.xml as part xc7a200tsbg484-1 specified in board_part file is either invalid or not available
WARNING: [Board 49-26] cannot add Board Part digilentinc.com:sword:part0:1.0 available at D:/Programy-studia/Xlinx/Vivado/2023.2/data/xhub/boards/XilinxBoardStore/boards/Xilinx/sword/C.0/board.xml as part xc7k325tffg900-2 specified in board_part file is either invalid or not available
WARNING: [Board 49-26] cannot add Board Part digilentinc.com:usb104-a7:part0:1.0 available at D:/Programy-studia/Xlinx/Vivado/2023.2/data/xhub/boards/XilinxBoardStore/boards/Xilinx/usb104-a7/B/1.0/board.xml as part xc7a100tcsg324-1 specified in board_part file is either invalid or not available
WARNING: [Board 49-26] cannot add Board Part digilentinc.com:usb104-a7:part0:1.1 available at D:/Programy-studia/Xlinx/Vivado/2023.2/data/xhub/boards/XilinxBoardStore/boards/Xilinx/usb104-a7/B/1.1/board.xml as part xc7a100tcsg324-1 specified in board_part file is either invalid or not available
WARNING: [Board 49-26] cannot add Board Part digilentinc.com:usb104-a7:part0:1.2 available at D:/Programy-studia/Xlinx/Vivado/2023.2/data/xhub/boards/XilinxBoardStore/boards/Xilinx/usb104-a7/B/1.2/board.xml as part xc7a100tcsg324-1 specified in board_part file is either invalid or not available
WARNING: [Board 49-26] cannot add Board Part digilentinc.com:usb104-a7:part0:1.3 available at D:/Programy-studia/Xlinx/Vivado/2023.2/data/xhub/boards/XilinxBoardStore/boards/Xilinx/usb104-a7/B/1.3/board.xml as part xc7a100tcsg324-1 specified in board_part file is either invalid or not available
WARNING: [Board 49-26] cannot add Board Part xilinx.com:ac701:part0:1.4 available at D:/Programy-studia/Xlinx/Vivado/2023.2/data/xhub/boards/XilinxBoardStore/boards/Xilinx/ac701/1.4/board.xml as part xc7a200tfbg676-2 specified in board_part file is either invalid or not available
WARNING: [Board 49-26] cannot add Board Part xilinx.com:kc705:part0:1.6 available at D:/Programy-studia/Xlinx/Vivado/2023.2/data/xhub/boards/XilinxBoardStore/boards/Xilinx/kc705/1.6/board.xml as part xc7k325tffg900-2 specified in board_part file is either invalid or not available
WARNING: [Board 49-26] cannot add Board Part xilinx.com:kcu105:part0:1.6 available at D:/Programy-studia/Xlinx/Vivado/2023.2/data/xhub/boards/XilinxBoardStore/boards/Xilinx/kcu105/1.6/board.xml as part xcku040-ffva1156-2-e specified in board_part file is either invalid or not available
WARNING: [Board 49-26] cannot add Board Part xilinx.com:kcu105:part0:1.7 available at D:/Programy-studia/Xlinx/Vivado/2023.2/data/xhub/boards/XilinxBoardStore/boards/Xilinx/kcu105/1.7/board.xml as part xcku040-ffva1156-2-e specified in board_part file is either invalid or not available
WARNING: [Board 49-26] cannot add Board Part xilinx.com:kcu116:part0:1.4 available at D:/Programy-studia/Xlinx/Vivado/2023.2/data/xhub/boards/XilinxBoardStore/boards/Xilinx/kcu116/1.4/board.xml as part xcku5p-ffvb676-2-e specified in board_part file is either invalid or not available
WARNING: [Board 49-26] cannot add Board Part xilinx.com:kcu116:part0:1.5 available at D:/Programy-studia/Xlinx/Vivado/2023.2/data/xhub/boards/XilinxBoardStore/boards/Xilinx/kcu116/1.5/board.xml as part xcku5p-ffvb676-2-e specified in board_part file is either invalid or not available
WARNING: [Board 49-26] cannot add Board Part xilinx.com:kcu1500:part0:1.2 available at D:/Programy-studia/Xlinx/Vivado/2023.2/data/xhub/boards/XilinxBoardStore/boards/Xilinx/kcu1500/1.2/board.xml as part xcku115-flvb2104-2-e specified in board_part file is either invalid or not available
WARNING: [Board 49-26] cannot add Board Part xilinx.com:sp701:part0:1.0 available at D:/Programy-studia/Xlinx/Vivado/2023.2/data/xhub/boards/XilinxBoardStore/boards/Xilinx/sp701/1.0/board.xml as part xc7s100fgga676-2 specified in board_part file is either invalid or not available
WARNING: [Board 49-26] cannot add Board Part xilinx.com:sp701:part0:1.1 available at D:/Programy-studia/Xlinx/Vivado/2023.2/data/xhub/boards/XilinxBoardStore/boards/Xilinx/sp701/1.1/board.xml as part xc7s100fgga676-2 specified in board_part file is either invalid or not available
WARNING: [Board 49-26] cannot add Board Part xilinx.com:vc707:part0:1.4 available at D:/Programy-studia/Xlinx/Vivado/2023.2/data/xhub/boards/XilinxBoardStore/boards/Xilinx/vc707/1.4/board.xml as part xc7vx485tffg1761-2 specified in board_part file is either invalid or not available
WARNING: [Board 49-26] cannot add Board Part xilinx.com:vc709:part0:1.8 available at D:/Programy-studia/Xlinx/Vivado/2023.2/data/xhub/boards/XilinxBoardStore/boards/Xilinx/vc709/1.8/board.xml as part xc7vx690tffg1761-2 specified in board_part file is either invalid or not available
WARNING: [Board 49-26] cannot add Board Part xilinx.com:vck190:part0:2.2 available at D:/Programy-studia/Xlinx/Vivado/2023.2/data/xhub/boards/XilinxBoardStore/boards/Xilinx/vck190/production/2.2/board.xml as part xcvc1902-vsva2197-2mp-e-s specified in board_part file is either invalid or not available
WARNING: [Board 49-26] cannot add Board Part xilinx.com:vck190:part0:3.0 available at D:/Programy-studia/Xlinx/Vivado/2023.2/data/xhub/boards/XilinxBoardStore/boards/Xilinx/vck190/production/3.0/board.xml as part xcvc1902-vsva2197-2mp-e-s specified in board_part file is either invalid or not available
WARNING: [Board 49-26] cannot add Board Part xilinx.com:vck190:part0:3.1 available at D:/Programy-studia/Xlinx/Vivado/2023.2/data/xhub/boards/XilinxBoardStore/boards/Xilinx/vck190/production/3.1/board.xml as part xcvc1902-vsva2197-2mp-e-s specified in board_part file is either invalid or not available
WARNING: [Board 49-26] cannot add Board Part xilinx.com:vck190:part0:3.2 available at D:/Programy-studia/Xlinx/Vivado/2023.2/data/xhub/boards/XilinxBoardStore/boards/Xilinx/vck190/production/3.2/board.xml as part xcvc1902-vsva2197-2mp-e-s specified in board_part file is either invalid or not available
WARNING: [Board 49-26] cannot add Board Part xilinx.com:vck190_newl:part0:1.0 available at D:/Programy-studia/Xlinx/Vivado/2023.2/data/xhub/boards/XilinxBoardStore/boards/Xilinx/vck190_newl/production/1.0/board.xml as part xcvc1902-vsva2197-2mp-e-s specified in board_part file is either invalid or not available
WARNING: [Board 49-26] cannot add Board Part xilinx.com:vck190_newl:part0:1.1 available at D:/Programy-studia/Xlinx/Vivado/2023.2/data/xhub/boards/XilinxBoardStore/boards/Xilinx/vck190_newl/production/1.1/board.xml as part xcvc1902-vsva2197-2mp-e-s specified in board_part file is either invalid or not available
WARNING: [Board 49-26] cannot add Board Part xilinx.com:vcu108:part0:1.6 available at D:/Programy-studia/Xlinx/Vivado/2023.2/data/xhub/boards/XilinxBoardStore/boards/Xilinx/vcu108/1.6/board.xml as part xcvu095-ffva2104-2-e specified in board_part file is either invalid or not available
WARNING: [Board 49-26] cannot add Board Part xilinx.com:vcu108:part0:1.7 available at D:/Programy-studia/Xlinx/Vivado/2023.2/data/xhub/boards/XilinxBoardStore/boards/Xilinx/vcu108/1.7/board.xml as part xcvu095-ffva2104-2-e specified in board_part file is either invalid or not available
WARNING: [Board 49-26] cannot add Board Part xilinx.com:vcu110:part0:1.4 available at D:/Programy-studia/Xlinx/Vivado/2023.2/data/xhub/boards/XilinxBoardStore/boards/Xilinx/vcu110/1.4/board.xml as part xcvu190-flgc2104-2-e specified in board_part file is either invalid or not available
WARNING: [Board 49-26] cannot add Board Part xilinx.com:vcu118:part0:2.0 available at D:/Programy-studia/Xlinx/Vivado/2023.2/data/xhub/boards/XilinxBoardStore/boards/Xilinx/vcu118/2.0/board.xml as part xcvu9p-flga2104-2l-e specified in board_part file is either invalid or not available
WARNING: [Board 49-26] cannot add Board Part xilinx.com:vcu118:part0:2.3 available at D:/Programy-studia/Xlinx/Vivado/2023.2/data/xhub/boards/XilinxBoardStore/boards/Xilinx/vcu118/2.3/board.xml as part xcvu9p-flga2104-2l-e specified in board_part file is either invalid or not available
WARNING: [Board 49-26] cannot add Board Part xilinx.com:vcu118:part0:2.4 available at D:/Programy-studia/Xlinx/Vivado/2023.2/data/xhub/boards/XilinxBoardStore/boards/Xilinx/vcu118/2.4/board.xml as part xcvu9p-flga2104-2l-e specified in board_part file is either invalid or not available
WARNING: [Board 49-26] cannot add Board Part xilinx.com:vcu128:part0:1.0 available at D:/Programy-studia/Xlinx/Vivado/2023.2/data/xhub/boards/XilinxBoardStore/boards/Xilinx/vcu128/production/1.0/board.xml as part xcvu37p-fsvh2892-2l-e specified in board_part file is either invalid or not available
WARNING: [Board 49-26] cannot add Board Part xilinx.com:vcu129:part0:1.0 available at D:/Programy-studia/Xlinx/Vivado/2023.2/data/xhub/boards/XilinxBoardStore/boards/Xilinx/vcu129/production/1.0/board.xml as part xcvu29p-fsga2577-2l-e specified in board_part file is either invalid or not available
WARNING: [Board 49-26] cannot add Board Part xilinx.com:vcu1525:part0:1.3 available at D:/Programy-studia/Xlinx/Vivado/2023.2/data/xhub/boards/XilinxBoardStore/boards/Xilinx/vcu1525/1.3/board.xml as part xcvu9p-fsgd2104-2l-e specified in board_part file is either invalid or not available
WARNING: [Board 49-26] cannot add Board Part xilinx.com:vek280:part0:1.0 available at D:/Programy-studia/Xlinx/Vivado/2023.2/data/xhub/boards/XilinxBoardStore/boards/Xilinx/vek280/production/1.0/board.xml as part xcve2802-vsvh1760-2mp-e-s specified in board_part file is either invalid or not available
WARNING: [Board 49-26] cannot add Board Part xilinx.com:vek280_es:part0:1.0 available at D:/Programy-studia/Xlinx/Vivado/2023.2/data/xhub/boards/XilinxBoardStore/boards/Xilinx/vek280/es/rev_a/1.0/board.xml as part xcve2802-vsvh1760-2lp-e-s-es1 specified in board_part file is either invalid or not available
WARNING: [Board 49-26] cannot add Board Part xilinx.com:vek280_es:part0:1.1 available at D:/Programy-studia/Xlinx/Vivado/2023.2/data/xhub/boards/XilinxBoardStore/boards/Xilinx/vek280/es/rev_a/1.1/board.xml as part xcve2802-vsvh1760-2lp-e-s-es1 specified in board_part file is either invalid or not available
WARNING: [Board 49-26] cannot add Board Part xilinx.com:vek280_es_revb:part0:1.0 available at D:/Programy-studia/Xlinx/Vivado/2023.2/data/xhub/boards/XilinxBoardStore/boards/Xilinx/vek280/es/rev_b/1.0/board.xml as part xcve2802-vsvh1760-2mp-e-s-es1 specified in board_part file is either invalid or not available
WARNING: [Board 49-26] cannot add Board Part xilinx.com:vek280_es_revb:part0:1.1 available at D:/Programy-studia/Xlinx/Vivado/2023.2/data/xhub/boards/XilinxBoardStore/boards/Xilinx/vek280/es/rev_b/1.1/board.xml as part xcve2802-vsvh1760-2mp-e-s-es1 specified in board_part file is either invalid or not available
WARNING: [Board 49-26] cannot add Board Part xilinx.com:vermeo_t1_mpsoc:part0:1.0 available at D:/Programy-studia/Xlinx/Vivado/2023.2/data/xhub/boards/XilinxBoardStore/boards/Xilinx/vermeo_t1_mpsoc/1.0/board.xml as part xczu19eg-ffvd1760-2l-e specified in board_part file is either invalid or not available
WARNING: [Board 49-26] cannot add Board Part xilinx.com:vermeo_t1_rfsoc:part0:1.0 available at D:/Programy-studia/Xlinx/Vivado/2023.2/data/xhub/boards/XilinxBoardStore/boards/Xilinx/vermeo_t1_rfsoc/1.0/board.xml as part xczu21dr-ffvd1156-2l-e specified in board_part file is either invalid or not available
WARNING: [Board 49-26] cannot add Board Part xilinx.com:vhk158:part0:1.0 available at D:/Programy-studia/Xlinx/Vivado/2023.2/data/xhub/boards/XilinxBoardStore/boards/Xilinx/vhk158/production/1.0/board.xml as part xcvh1582-vsva3697-2mp-e-s specified in board_part file is either invalid or not available
WARNING: [Board 49-26] cannot add Board Part xilinx.com:vhk158:part0:1.1 available at D:/Programy-studia/Xlinx/Vivado/2023.2/data/xhub/boards/XilinxBoardStore/boards/Xilinx/vhk158/production/1.1/board.xml as part xcvh1582-vsva3697-2mp-e-s specified in board_part file is either invalid or not available
WARNING: [Board 49-26] cannot add Board Part xilinx.com:vhk158_es:part0:1.0 available at D:/Programy-studia/Xlinx/Vivado/2023.2/data/xhub/boards/XilinxBoardStore/boards/Xilinx/vhk158/es/1.0/board.xml as part xcvh1582-vsva3697-2mp-e-s-es1 specified in board_part file is either invalid or not available
WARNING: [Board 49-26] cannot add Board Part xilinx.com:vhk158_es:part0:1.1 available at D:/Programy-studia/Xlinx/Vivado/2023.2/data/xhub/boards/XilinxBoardStore/boards/Xilinx/vhk158/es/1.1/board.xml as part xcvh1582-vsva3697-2mp-e-s-es1 specified in board_part file is either invalid or not available
WARNING: [Board 49-26] cannot add Board Part xilinx.com:vmk180:part0:2.2 available at D:/Programy-studia/Xlinx/Vivado/2023.2/data/xhub/boards/XilinxBoardStore/boards/Xilinx/vmk180/production/2.2/board.xml as part xcvm1802-vsva2197-2mp-e-s specified in board_part file is either invalid or not available
WARNING: [Board 49-26] cannot add Board Part xilinx.com:vmk180:part0:3.0 available at D:/Programy-studia/Xlinx/Vivado/2023.2/data/xhub/boards/XilinxBoardStore/boards/Xilinx/vmk180/production/3.0/board.xml as part xcvm1802-vsva2197-2mp-e-s specified in board_part file is either invalid or not available
WARNING: [Board 49-26] cannot add Board Part xilinx.com:vmk180:part0:3.1 available at D:/Programy-studia/Xlinx/Vivado/2023.2/data/xhub/boards/XilinxBoardStore/boards/Xilinx/vmk180/production/3.1/board.xml as part xcvm1802-vsva2197-2mp-e-s specified in board_part file is either invalid or not available
WARNING: [Board 49-26] cannot add Board Part xilinx.com:vmk180:part0:3.2 available at D:/Programy-studia/Xlinx/Vivado/2023.2/data/xhub/boards/XilinxBoardStore/boards/Xilinx/vmk180/production/3.2/board.xml as part xcvm1802-vsva2197-2mp-e-s specified in board_part file is either invalid or not available
WARNING: [Board 49-26] cannot add Board Part xilinx.com:vmk180_newl:part0:1.0 available at D:/Programy-studia/Xlinx/Vivado/2023.2/data/xhub/boards/XilinxBoardStore/boards/Xilinx/vmk180_newl/production/1.0/board.xml as part xcvm1802-vsva2197-2mp-e-s specified in board_part file is either invalid or not available
WARNING: [Board 49-26] cannot add Board Part xilinx.com:vmk180_newl:part0:1.1 available at D:/Programy-studia/Xlinx/Vivado/2023.2/data/xhub/boards/XilinxBoardStore/boards/Xilinx/vmk180_newl/production/1.1/board.xml as part xcvm1802-vsva2197-2mp-e-s specified in board_part file is either invalid or not available
WARNING: [Board 49-26] cannot add Board Part xilinx.com:vpk120:part0:1.0 available at D:/Programy-studia/Xlinx/Vivado/2023.2/data/xhub/boards/XilinxBoardStore/boards/Xilinx/vpk120/production/1.0/board.xml as part xcvp1202-vsva2785-2mp-e-s specified in board_part file is either invalid or not available
WARNING: [Board 49-26] cannot add Board Part xilinx.com:vpk120:part0:1.1 available at D:/Programy-studia/Xlinx/Vivado/2023.2/data/xhub/boards/XilinxBoardStore/boards/Xilinx/vpk120/production/1.1/board.xml as part xcvp1202-vsva2785-2mp-e-s specified in board_part file is either invalid or not available
WARNING: [Board 49-26] cannot add Board Part xilinx.com:vpk120:part0:1.2 available at D:/Programy-studia/Xlinx/Vivado/2023.2/data/xhub/boards/XilinxBoardStore/boards/Xilinx/vpk120/production/1.2/board.xml as part xcvp1202-vsva2785-2mp-e-s specified in board_part file is either invalid or not available
WARNING: [Board 49-26] cannot add Board Part xilinx.com:vpk180:part0:1.0 available at D:/Programy-studia/Xlinx/Vivado/2023.2/data/xhub/boards/XilinxBoardStore/boards/Xilinx/vpk180/production/1.0/board.xml as part xcvp1802-lsvc4072-2mp-e-s specified in board_part file is either invalid or not available
WARNING: [Board 49-26] cannot add Board Part xilinx.com:vpk180:part0:1.1 available at D:/Programy-studia/Xlinx/Vivado/2023.2/data/xhub/boards/XilinxBoardStore/boards/Xilinx/vpk180/production/1.1/board.xml as part xcvp1802-lsvc4072-2mp-e-s specified in board_part file is either invalid or not available
WARNING: [Board 49-26] cannot add Board Part xilinx.com:zc706:part0:1.4 available at D:/Programy-studia/Xlinx/Vivado/2023.2/data/xhub/boards/XilinxBoardStore/boards/Xilinx/zc706/1.4/board.xml as part xc7z045ffg900-2 specified in board_part file is either invalid or not available
WARNING: [Board 49-26] cannot add Board Part xilinx.com:zcu102:part0:3.3 available at D:/Programy-studia/Xlinx/Vivado/2023.2/data/xhub/boards/XilinxBoardStore/boards/Xilinx/zcu102/3.3/board.xml as part xczu9eg-ffvb1156-2-e specified in board_part file is either invalid or not available
WARNING: [Board 49-26] cannot add Board Part xilinx.com:zcu102:part0:3.4 available at D:/Programy-studia/Xlinx/Vivado/2023.2/data/xhub/boards/XilinxBoardStore/boards/Xilinx/zcu102/3.4/board.xml as part xczu9eg-ffvb1156-2-e specified in board_part file is either invalid or not available
WARNING: [Board 49-26] cannot add Board Part xilinx.com:zcu111:part0:1.2 available at D:/Programy-studia/Xlinx/Vivado/2023.2/data/xhub/boards/XilinxBoardStore/boards/Xilinx/zcu111/1.2/board.xml as part xczu28dr-ffvg1517-2-e specified in board_part file is either invalid or not available
WARNING: [Board 49-26] cannot add Board Part xilinx.com:zcu111:part0:1.3 available at D:/Programy-studia/Xlinx/Vivado/2023.2/data/xhub/boards/XilinxBoardStore/boards/Xilinx/zcu111/1.3/board.xml as part xczu28dr-ffvg1517-2-e specified in board_part file is either invalid or not available
WARNING: [Board 49-26] cannot add Board Part xilinx.com:zcu111:part0:1.4 available at D:/Programy-studia/Xlinx/Vivado/2023.2/data/xhub/boards/XilinxBoardStore/boards/Xilinx/zcu111/1.4/board.xml as part xczu28dr-ffvg1517-2-e specified in board_part file is either invalid or not available
WARNING: [Board 49-26] cannot add Board Part xilinx.com:zcu1275:part0:1.0 available at D:/Programy-studia/Xlinx/Vivado/2023.2/data/xhub/boards/XilinxBoardStore/boards/Xilinx/zcu1275/1.0/board.xml as part xczu29dr-ffvf1760-2-e specified in board_part file is either invalid or not available
WARNING: [Board 49-26] cannot add Board Part xilinx.com:zcu1285:part0:1.0 available at D:/Programy-studia/Xlinx/Vivado/2023.2/data/xhub/boards/XilinxBoardStore/boards/Xilinx/zcu1285/1.0/board.xml as part xczu39dr-ffvf1760-2-i specified in board_part file is either invalid or not available
WARNING: [Board 49-26] cannot add Board Part xilinx.com:zcu208:part0:2.0 available at D:/Programy-studia/Xlinx/Vivado/2023.2/data/xhub/boards/XilinxBoardStore/boards/Xilinx/zcu208/production/2.0/board.xml as part xczu48dr-fsvg1517-2-e specified in board_part file is either invalid or not available
WARNING: [Board 49-26] cannot add Board Part xilinx.com:zcu208ld:part0:2.0 available at D:/Programy-studia/Xlinx/Vivado/2023.2/data/xhub/boards/XilinxBoardStore/boards/Xilinx/zcu208ld/production/2.0/board.xml as part xczu58dr-fsvg1517-2-i specified in board_part file is either invalid or not available
WARNING: [Board 49-26] cannot add Board Part xilinx.com:zcu216:part0:2.0 available at D:/Programy-studia/Xlinx/Vivado/2023.2/data/xhub/boards/XilinxBoardStore/boards/Xilinx/zcu216/production/2.0/board.xml as part xczu49dr-ffvf1760-2-e specified in board_part file is either invalid or not available
WARNING: [Board 49-26] cannot add Board Part xilinx.com:zcu216ld:part0:2.0 available at D:/Programy-studia/Xlinx/Vivado/2023.2/data/xhub/boards/XilinxBoardStore/boards/Xilinx/zcu216ld/production/2.0/board.xml as part xczu59dr-ffvf1760-2-i specified in board_part file is either invalid or not available
WARNING: [Board 49-26] cannot add Board Part xilinx.com:zcu670:part0:2.0 available at D:/Programy-studia/Xlinx/Vivado/2023.2/data/xhub/boards/XilinxBoardStore/boards/Xilinx/zcu670/2.0/board.xml as part xczu67dr-fsve1156-2-i specified in board_part file is either invalid or not available
WARNING: [Board 49-26] cannot add Board Part xilinx.com:zcu670ld:part0:1.0 available at D:/Programy-studia/Xlinx/Vivado/2023.2/data/xhub/boards/XilinxBoardStore/boards/Xilinx/zcu670ld/1.0/board.xml as part xczu57dr-fsve1156-2-i specified in board_part file is either invalid or not available
INFO: [Project 1-313] Project file moved from 'C:/Users/Jakub/Kuba - lokalne/studia/semestr VI/Systemy rekonfigurowalne/Lab_6/hdmi_zybo_centroid' since last save.
Scanning sources...
Finished scanning sources
INFO: [IP_Flow 19-234] Refreshing IP repositories
INFO: [IP_Flow 19-1700] Loaded user IP repository 'd:/Kuba/studia/semestr VI/SR/Lab_5/vivado-library'.
INFO: [IP_Flow 19-1700] Loaded user IP repository 'd:/Kuba/studia/semestr VI/SR/Lab_6/ip_repo'.
INFO: [IP_Flow 19-1700] Loaded user IP repository 'd:/Kuba/studia/semestr VI/SR/Lab_6/divider_32_20_0'.
INFO: [IP_Flow 19-2313] Loaded Vivado IP repository 'D:/Programy-studia/Xlinx/Vivado/2023.2/data/ip'.
WARNING: [IP_Flow 19-2162] IP 'rgb2ycbcr_0' is locked:
* The IP Data in the repository is incompatible with the current instance (despite having identical Version and Revision). You will need to upgrade the IP before viewing the customization and generating outputs.
open_project: Time (s): cpu = 00:01:16 ; elapsed = 00:01:00 . Memory (MB): peak = 1564.609 ; gain = 351.625
update_compile_order -fileset sources_1
WARNING: [filemgmt 56-199] Attempt to get parsing info during refresh. "On-the-fly" syntax checking information may be incorrect. [D:\Kuba\studia\semestr VI\SR\Lab_6\hdmi_zybo_centroid\hdmi_vga_zybo_YCbCr_centroid.srcs\sources_1\new\vis_centroid.v:]
WARNING: [filemgmt 56-199] Attempt to get parsing info during refresh. "On-the-fly" syntax checking information may be incorrect. [D:\Kuba\studia\semestr VI\SR\Lab_6\hdmi_zybo_centroid\hdmi_vga_zybo_YCbCr_centroid.srcs\sim_1\imports\tb_src\hdmi_in.v:]
WARNING: [filemgmt 56-199] Attempt to get parsing info during refresh. "On-the-fly" syntax checking information may be incorrect. [D:\Kuba\studia\semestr VI\SR\Lab_6\hdmi_zybo_centroid\hdmi_vga_zybo_YCbCr_centroid.srcs\sources_1\new\centroid.v:]
WARNING: [filemgmt 56-199] Attempt to get parsing info during refresh. "On-the-fly" syntax checking information may be incorrect. [D:\Kuba\studia\semestr VI\SR\Lab_6\hdmi_zybo_centroid\hdmi_vga_zybo_YCbCr_centroid.srcs\sources_1\new\vis_centroid.v:]
WARNING: [filemgmt 56-199] Attempt to get parsing info during refresh. "On-the-fly" syntax checking information may be incorrect. [D:\Kuba\studia\semestr VI\SR\Lab_6\hdmi_zybo_centroid\hdmi_vga_zybo_YCbCr_centroid.srcs\sim_1\imports\tb_src\hdmi_in.v:]
WARNING: [filemgmt 56-199] Attempt to get parsing info during refresh. "On-the-fly" syntax checking information may be incorrect. [D:\Kuba\studia\semestr VI\SR\Lab_6\hdmi_zybo_centroid\hdmi_vga_zybo_YCbCr_centroid.srcs\sources_1\new\centroid.v:]
ERROR: [Common 17-180] Spawn failed: No error
WARNING: [filemgmt 56-199] Attempt to get parsing info during refresh. "On-the-fly" syntax checking information may be incorrect. [D:\Kuba\studia\semestr VI\SR\Lab_6\hdmi_zybo_centroid\hdmi_vga_zybo_YCbCr_centroid.srcs\sources_1\new\vis_centroid.v:]
WARNING: [filemgmt 56-199] Attempt to get parsing info during refresh. "On-the-fly" syntax checking information may be incorrect. [D:\Kuba\studia\semestr VI\SR\Lab_6\hdmi_zybo_centroid\hdmi_vga_zybo_YCbCr_centroid.srcs\sim_1\imports\tb_src\hdmi_in.v:]
WARNING: [filemgmt 56-199] Attempt to get parsing info during refresh. "On-the-fly" syntax checking information may be incorrect. [D:\Kuba\studia\semestr VI\SR\Lab_6\hdmi_zybo_centroid\hdmi_vga_zybo_YCbCr_centroid.srcs\sources_1\new\centroid.v:]
WARNING: [filemgmt 56-199] Attempt to get parsing info during refresh. "On-the-fly" syntax checking information may be incorrect. [D:\Kuba\studia\semestr VI\SR\Lab_6\hdmi_zybo_centroid\hdmi_vga_zybo_YCbCr_centroid.srcs\sources_1\new\vis_centroid.v:]
WARNING: [filemgmt 56-199] Attempt to get parsing info during refresh. "On-the-fly" syntax checking information may be incorrect. [D:\Kuba\studia\semestr VI\SR\Lab_6\hdmi_zybo_centroid\hdmi_vga_zybo_YCbCr_centroid.srcs\sim_1\imports\tb_src\hdmi_in.v:]
WARNING: [filemgmt 56-199] Attempt to get parsing info during refresh. "On-the-fly" syntax checking information may be incorrect. [D:\Kuba\studia\semestr VI\SR\Lab_6\hdmi_zybo_centroid\hdmi_vga_zybo_YCbCr_centroid.srcs\sources_1\new\centroid.v:]
reset_run synth_1
INFO: [Project 1-1161] Replacing file D:/Kuba/studia/semestr VI/SR/Lab_6/hdmi_zybo_centroid/hdmi_vga_zybo_YCbCr_centroid.srcs/utils_1/imports/synth_1/vp.dcp with file D:/Kuba/studia/semestr VI/SR/Lab_6/hdmi_zybo_centroid/hdmi_vga_zybo_YCbCr_centroid.runs/synth_1/hdmi_vga_wrapper.dcp
WARNING: [filemgmt 56-199] Attempt to get parsing info during refresh. "On-the-fly" syntax checking information may be incorrect. [D:\Kuba\studia\semestr VI\SR\Lab_6\hdmi_zybo_centroid\hdmi_vga_zybo_YCbCr_centroid.srcs\sources_1\new\vis_centroid.v:]
WARNING: [filemgmt 56-199] Attempt to get parsing info during refresh. "On-the-fly" syntax checking information may be incorrect. [D:\Kuba\studia\semestr VI\SR\Lab_6\hdmi_zybo_centroid\hdmi_vga_zybo_YCbCr_centroid.srcs\sim_1\imports\tb_src\hdmi_in.v:]
WARNING: [filemgmt 56-199] Attempt to get parsing info during refresh. "On-the-fly" syntax checking information may be incorrect. [D:\Kuba\studia\semestr VI\SR\Lab_6\hdmi_zybo_centroid\hdmi_vga_zybo_YCbCr_centroid.srcs\sources_1\new\centroid.v:]
launch_runs synth_1 -jobs 2
WARNING: [filemgmt 56-199] Attempt to get parsing info during refresh. "On-the-fly" syntax checking information may be incorrect. [D:\Kuba\studia\semestr VI\SR\Lab_6\hdmi_zybo_centroid\hdmi_vga_zybo_YCbCr_centroid.srcs\sources_1\new\vis_centroid.v:]
WARNING: [filemgmt 56-199] Attempt to get parsing info during refresh. "On-the-fly" syntax checking information may be incorrect. [D:\Kuba\studia\semestr VI\SR\Lab_6\hdmi_zybo_centroid\hdmi_vga_zybo_YCbCr_centroid.srcs\sim_1\imports\tb_src\hdmi_in.v:]
WARNING: [filemgmt 56-199] Attempt to get parsing info during refresh. "On-the-fly" syntax checking information may be incorrect. [D:\Kuba\studia\semestr VI\SR\Lab_6\hdmi_zybo_centroid\hdmi_vga_zybo_YCbCr_centroid.srcs\sources_1\new\centroid.v:]
INFO: [Vivado 12-4149] The synthesis checkpoint for IP 'D:/Kuba/studia/semestr VI/SR/Lab_6/hdmi_zybo_centroid/hdmi_vga_zybo_YCbCr_centroid.srcs/sources_1/ip/add/add.xci' is already up-to-date
INFO: [Vivado 12-4149] The synthesis checkpoint for IP 'D:/Kuba/studia/semestr VI/SR/Lab_6/hdmi_zybo_centroid/hdmi_vga_zybo_YCbCr_centroid.srcs/sources_1/ip/divider_32_20_0/divider_32_20_0.xci' is already up-to-date
INFO: [Vivado 12-4149] The synthesis checkpoint for IP 'D:/Kuba/studia/semestr VI/SR/Lab_6/hdmi_zybo_centroid/hdmi_vga_zybo_YCbCr_centroid.srcs/sources_1/ip/rgb2ycbcr_0_1/rgb2ycbcr_0.xci' is already up-to-date
INFO: [Vivado 12-4149] The synthesis checkpoint for IP 'D:/Kuba/studia/semestr VI/SR/Lab_6/hdmi_zybo_centroid/hdmi_vga_zybo_YCbCr_centroid.srcs/sources_1/ip/add/add.xci' is already up-to-date
INFO: [BD 41-1662] The design 'hdmi_vga.bd' is already validated. Therefore parameter propagation will not be re-run.
Verilog Output written to : d:/Kuba/studia/semestr VI/SR/Lab_6/hdmi_zybo_centroid/hdmi_vga_zybo_YCbCr_centroid.gen/sources_1/bd/hdmi_vga/synth/hdmi_vga.v
Verilog Output written to : d:/Kuba/studia/semestr VI/SR/Lab_6/hdmi_zybo_centroid/hdmi_vga_zybo_YCbCr_centroid.gen/sources_1/bd/hdmi_vga/sim/hdmi_vga.v
Verilog Output written to : d:/Kuba/studia/semestr VI/SR/Lab_6/hdmi_zybo_centroid/hdmi_vga_zybo_YCbCr_centroid.gen/sources_1/bd/hdmi_vga/hdl/hdmi_vga_wrapper.v
Exporting to file d:/Kuba/studia/semestr VI/SR/Lab_6/hdmi_zybo_centroid/hdmi_vga_zybo_YCbCr_centroid.gen/sources_1/bd/hdmi_vga/hw_handoff/hdmi_vga.hwh
Generated Hardware Definition File d:/Kuba/studia/semestr VI/SR/Lab_6/hdmi_zybo_centroid/hdmi_vga_zybo_YCbCr_centroid.gen/sources_1/bd/hdmi_vga/synth/hdmi_vga.hwdef
WARNING: [filemgmt 56-199] Attempt to get parsing info during refresh. "On-the-fly" syntax checking information may be incorrect. [D:\Kuba\studia\semestr VI\SR\Lab_6\hdmi_zybo_centroid\hdmi_vga_zybo_YCbCr_centroid.srcs\sources_1\new\vis_centroid.v:]
WARNING: [filemgmt 56-199] Attempt to get parsing info during refresh. "On-the-fly" syntax checking information may be incorrect. [D:\Kuba\studia\semestr VI\SR\Lab_6\hdmi_zybo_centroid\hdmi_vga_zybo_YCbCr_centroid.srcs\sim_1\imports\tb_src\hdmi_in.v:]
WARNING: [filemgmt 56-199] Attempt to get parsing info during refresh. "On-the-fly" syntax checking information may be incorrect. [D:\Kuba\studia\semestr VI\SR\Lab_6\hdmi_zybo_centroid\hdmi_vga_zybo_YCbCr_centroid.srcs\sources_1\new\centroid.v:]
[Mon May 20 16:37:59 2024] Launched synth_1...
Run output will be captured here: D:/Kuba/studia/semestr VI/SR/Lab_6/hdmi_zybo_centroid/hdmi_vga_zybo_YCbCr_centroid.runs/synth_1/runme.log
launch_runs: Time (s): cpu = 00:00:18 ; elapsed = 00:00:31 . Memory (MB): peak = 1882.176 ; gain = 290.496
launch_runs impl_1 -jobs 2
INFO: [Vivado 12-4149] The synthesis checkpoint for IP 'D:/Kuba/studia/semestr VI/SR/Lab_6/hdmi_zybo_centroid/hdmi_vga_zybo_YCbCr_centroid.srcs/sources_1/ip/add/add.xci' is already up-to-date
INFO: [Vivado 12-4149] The synthesis checkpoint for IP 'D:/Kuba/studia/semestr VI/SR/Lab_6/hdmi_zybo_centroid/hdmi_vga_zybo_YCbCr_centroid.srcs/sources_1/ip/divider_32_20_0/divider_32_20_0.xci' is already up-to-date
INFO: [Vivado 12-4149] The synthesis checkpoint for IP 'D:/Kuba/studia/semestr VI/SR/Lab_6/hdmi_zybo_centroid/hdmi_vga_zybo_YCbCr_centroid.srcs/sources_1/ip/rgb2ycbcr_0_1/rgb2ycbcr_0.xci' is already up-to-date
INFO: [Vivado 12-4149] The synthesis checkpoint for IP 'D:/Kuba/studia/semestr VI/SR/Lab_6/hdmi_zybo_centroid/hdmi_vga_zybo_YCbCr_centroid.srcs/sources_1/ip/add/add.xci' is already up-to-date
[Mon May 20 16:40:38 2024] Launched impl_1...
Run output will be captured here: D:/Kuba/studia/semestr VI/SR/Lab_6/hdmi_zybo_centroid/hdmi_vga_zybo_YCbCr_centroid.runs/impl_1/runme.log
WARNING: [filemgmt 56-199] Attempt to get parsing info during refresh. "On-the-fly" syntax checking information may be incorrect. [D:\Kuba\studia\semestr VI\SR\Lab_6\hdmi_zybo_centroid\hdmi_vga_zybo_YCbCr_centroid.srcs\sources_1\new\vis_centroid.v:]
WARNING: [filemgmt 56-199] Attempt to get parsing info during refresh. "On-the-fly" syntax checking information may be incorrect. [D:\Kuba\studia\semestr VI\SR\Lab_6\hdmi_zybo_centroid\hdmi_vga_zybo_YCbCr_centroid.srcs\sim_1\imports\tb_src\hdmi_in.v:]
WARNING: [filemgmt 56-199] Attempt to get parsing info during refresh. "On-the-fly" syntax checking information may be incorrect. [D:\Kuba\studia\semestr VI\SR\Lab_6\hdmi_zybo_centroid\hdmi_vga_zybo_YCbCr_centroid.srcs\sources_1\new\vp.v:]
WARNING: [filemgmt 56-199] Attempt to get parsing info during refresh. "On-the-fly" syntax checking information may be incorrect. [D:\Kuba\studia\semestr VI\SR\Lab_6\hdmi_zybo_centroid\hdmi_vga_zybo_YCbCr_centroid.srcs\sources_1\new\centroid.v:]
WARNING: [filemgmt 56-199] Attempt to get parsing info during refresh. "On-the-fly" syntax checking information may be incorrect. [D:\Kuba\studia\semestr VI\SR\Lab_6\hdmi_zybo_centroid\hdmi_vga_zybo_YCbCr_centroid.srcs\sources_1\new\vis_centroid.v:]
WARNING: [filemgmt 56-199] Attempt to get parsing info during refresh. "On-the-fly" syntax checking information may be incorrect. [D:\Kuba\studia\semestr VI\SR\Lab_6\hdmi_zybo_centroid\hdmi_vga_zybo_YCbCr_centroid.srcs\sim_1\imports\tb_src\hdmi_in.v:]
WARNING: [filemgmt 56-199] Attempt to get parsing info during refresh. "On-the-fly" syntax checking information may be incorrect. [D:\Kuba\studia\semestr VI\SR\Lab_6\hdmi_zybo_centroid\hdmi_vga_zybo_YCbCr_centroid.srcs\sources_1\new\vp.v:]
WARNING: [filemgmt 56-199] Attempt to get parsing info during refresh. "On-the-fly" syntax checking information may be incorrect. [D:\Kuba\studia\semestr VI\SR\Lab_6\hdmi_zybo_centroid\hdmi_vga_zybo_YCbCr_centroid.srcs\sources_1\new\centroid.v:]
ERROR: [Common 17-180] Spawn failed: No error
ERROR: [Common 17-180] Spawn failed: No error
WARNING: [filemgmt 56-199] Attempt to get parsing info during refresh. "On-the-fly" syntax checking information may be incorrect. [D:\Kuba\studia\semestr VI\SR\Lab_6\hdmi_zybo_centroid\hdmi_vga_zybo_YCbCr_centroid.srcs\sources_1\new\vis_centroid.v:]
WARNING: [filemgmt 56-199] Attempt to get parsing info during refresh. "On-the-fly" syntax checking information may be incorrect. [D:\Kuba\studia\semestr VI\SR\Lab_6\hdmi_zybo_centroid\hdmi_vga_zybo_YCbCr_centroid.srcs\sim_1\imports\tb_src\hdmi_in.v:]
WARNING: [filemgmt 56-199] Attempt to get parsing info during refresh. "On-the-fly" syntax checking information may be incorrect. [D:\Kuba\studia\semestr VI\SR\Lab_6\hdmi_zybo_centroid\hdmi_vga_zybo_YCbCr_centroid.srcs\sources_1\new\vp.v:]
WARNING: [filemgmt 56-199] Attempt to get parsing info during refresh. "On-the-fly" syntax checking information may be incorrect. [D:\Kuba\studia\semestr VI\SR\Lab_6\hdmi_zybo_centroid\hdmi_vga_zybo_YCbCr_centroid.srcs\sources_1\new\centroid.v:]
WARNING: [filemgmt 56-199] Attempt to get parsing info during refresh. "On-the-fly" syntax checking information may be incorrect. [D:\Kuba\studia\semestr VI\SR\Lab_6\hdmi_zybo_centroid\hdmi_vga_zybo_YCbCr_centroid.srcs\sources_1\new\vis_centroid.v:]
WARNING: [filemgmt 56-199] Attempt to get parsing info during refresh. "On-the-fly" syntax checking information may be incorrect. [D:\Kuba\studia\semestr VI\SR\Lab_6\hdmi_zybo_centroid\hdmi_vga_zybo_YCbCr_centroid.srcs\sim_1\imports\tb_src\hdmi_in.v:]
WARNING: [filemgmt 56-199] Attempt to get parsing info during refresh. "On-the-fly" syntax checking information may be incorrect. [D:\Kuba\studia\semestr VI\SR\Lab_6\hdmi_zybo_centroid\hdmi_vga_zybo_YCbCr_centroid.srcs\sources_1\new\vp.v:]
WARNING: [filemgmt 56-199] Attempt to get parsing info during refresh. "On-the-fly" syntax checking information may be incorrect. [D:\Kuba\studia\semestr VI\SR\Lab_6\hdmi_zybo_centroid\hdmi_vga_zybo_YCbCr_centroid.srcs\sources_1\new\centroid.v:]
WARNING: [filemgmt 56-199] Attempt to get parsing info during refresh. "On-the-fly" syntax checking information may be incorrect. [D:\Kuba\studia\semestr VI\SR\Lab_6\hdmi_zybo_centroid\hdmi_vga_zybo_YCbCr_centroid.srcs\sources_1\new\vis_centroid.v:]
WARNING: [filemgmt 56-199] Attempt to get parsing info during refresh. "On-the-fly" syntax checking information may be incorrect. [D:\Kuba\studia\semestr VI\SR\Lab_6\hdmi_zybo_centroid\hdmi_vga_zybo_YCbCr_centroid.srcs\sim_1\imports\tb_src\hdmi_in.v:]
WARNING: [filemgmt 56-199] Attempt to get parsing info during refresh. "On-the-fly" syntax checking information may be incorrect. [D:\Kuba\studia\semestr VI\SR\Lab_6\hdmi_zybo_centroid\hdmi_vga_zybo_YCbCr_centroid.srcs\sources_1\new\vp.v:]
WARNING: [filemgmt 56-199] Attempt to get parsing info during refresh. "On-the-fly" syntax checking information may be incorrect. [D:\Kuba\studia\semestr VI\SR\Lab_6\hdmi_zybo_centroid\hdmi_vga_zybo_YCbCr_centroid.srcs\sources_1\new\centroid.v:]
ERROR: [Common 17-180] Spawn failed: No error
ERROR: [Common 17-180] Spawn failed: No error
WARNING: [filemgmt 56-199] Attempt to get parsing info during refresh. "On-the-fly" syntax checking information may be incorrect. [D:\Kuba\studia\semestr VI\SR\Lab_6\hdmi_zybo_centroid\hdmi_vga_zybo_YCbCr_centroid.srcs\sources_1\new\vis_centroid.v:]
WARNING: [filemgmt 56-199] Attempt to get parsing info during refresh. "On-the-fly" syntax checking information may be incorrect. [D:\Kuba\studia\semestr VI\SR\Lab_6\hdmi_zybo_centroid\hdmi_vga_zybo_YCbCr_centroid.srcs\sim_1\imports\tb_src\hdmi_in.v:]
WARNING: [filemgmt 56-199] Attempt to get parsing info during refresh. "On-the-fly" syntax checking information may be incorrect. [D:\Kuba\studia\semestr VI\SR\Lab_6\hdmi_zybo_centroid\hdmi_vga_zybo_YCbCr_centroid.srcs\sources_1\new\vp.v:]
WARNING: [filemgmt 56-199] Attempt to get parsing info during refresh. "On-the-fly" syntax checking information may be incorrect. [D:\Kuba\studia\semestr VI\SR\Lab_6\hdmi_zybo_centroid\hdmi_vga_zybo_YCbCr_centroid.srcs\sources_1\new\centroid.v:]
WARNING: [filemgmt 56-199] Attempt to get parsing info during refresh. "On-the-fly" syntax checking information may be incorrect. [D:\Kuba\studia\semestr VI\SR\Lab_6\hdmi_zybo_centroid\hdmi_vga_zybo_YCbCr_centroid.srcs\sources_1\new\vis_centroid.v:]
WARNING: [filemgmt 56-199] Attempt to get parsing info during refresh. "On-the-fly" syntax checking information may be incorrect. [D:\Kuba\studia\semestr VI\SR\Lab_6\hdmi_zybo_centroid\hdmi_vga_zybo_YCbCr_centroid.srcs\sim_1\imports\tb_src\hdmi_in.v:]
WARNING: [filemgmt 56-199] Attempt to get parsing info during refresh. "On-the-fly" syntax checking information may be incorrect. [D:\Kuba\studia\semestr VI\SR\Lab_6\hdmi_zybo_centroid\hdmi_vga_zybo_YCbCr_centroid.srcs\sources_1\new\vp.v:]
WARNING: [filemgmt 56-199] Attempt to get parsing info during refresh. "On-the-fly" syntax checking information may be incorrect. [D:\Kuba\studia\semestr VI\SR\Lab_6\hdmi_zybo_centroid\hdmi_vga_zybo_YCbCr_centroid.srcs\sources_1\new\centroid.v:]
ERROR: [Common 17-180] Spawn failed: No error
WARNING: [filemgmt 56-199] Attempt to get parsing info during refresh. "On-the-fly" syntax checking information may be incorrect. [D:\Kuba\studia\semestr VI\SR\Lab_6\hdmi_zybo_centroid\hdmi_vga_zybo_YCbCr_centroid.srcs\sources_1\new\vis_centroid.v:]
WARNING: [filemgmt 56-199] Attempt to get parsing info during refresh. "On-the-fly" syntax checking information may be incorrect. [D:\Kuba\studia\semestr VI\SR\Lab_6\hdmi_zybo_centroid\hdmi_vga_zybo_YCbCr_centroid.srcs\sim_1\imports\tb_src\hdmi_in.v:]
WARNING: [filemgmt 56-199] Attempt to get parsing info during refresh. "On-the-fly" syntax checking information may be incorrect. [D:\Kuba\studia\semestr VI\SR\Lab_6\hdmi_zybo_centroid\hdmi_vga_zybo_YCbCr_centroid.srcs\sources_1\new\vp.v:]
WARNING: [filemgmt 56-199] Attempt to get parsing info during refresh. "On-the-fly" syntax checking information may be incorrect. [D:\Kuba\studia\semestr VI\SR\Lab_6\hdmi_zybo_centroid\hdmi_vga_zybo_YCbCr_centroid.srcs\sources_1\new\centroid.v:]
ERROR: [Common 17-180] Spawn failed: No error
update_module_reference hdmi_vga_vp_0_0
INFO: [IP_Flow 19-5107] Inferred bus interface 'clk' of definition 'xilinx.com:signal:clock:1.0' (from Xilinx Repository).
WARNING: [IP_Flow 19-5661] Bus Interface 'clk' does not have any bus interfaces associated with it.
WARNING: [IP_Flow 19-11770] Clock interface 'clk' has no FREQ_HZ parameter.
INFO: [IP_Flow 19-5107] Inferred bus interface 'clk' of definition 'xilinx.com:signal:clock:1.0' (from Xilinx Repository).
WARNING: [IP_Flow 19-5661] Bus Interface 'clk' does not have any bus interfaces associated with it.
WARNING: [IP_Flow 19-11770] Clock interface 'clk' has no FREQ_HZ parameter.
Reading block design file <D:/Kuba/studia/semestr VI/SR/Lab_6/hdmi_zybo_centroid/hdmi_vga_zybo_YCbCr_centroid.srcs/sources_1/bd/hdmi_vga/hdmi_vga.bd>...
Adding component instance block -- digilentinc.com:ip:dvi2rgb:2.0 - dvi2rgb_0
Adding component instance block -- digilentinc.com:ip:rgb2vga:1.0 - rgb2vga_0
Adding component instance block -- xilinx.com:ip:clk_wiz:6.0 - clk_wiz_0
Adding component instance block -- xilinx.com:ip:xlconstant:1.1 - xlconstant_0
Adding component instance block -- xilinx.com:ip:xlconstant:1.1 - xlconstant_1
Adding component instance block -- xilinx.com:module_ref:vp:1.0 - vp_0
Successfully read diagram <hdmi_vga> from block design file <D:/Kuba/studia/semestr VI/SR/Lab_6/hdmi_zybo_centroid/hdmi_vga_zybo_YCbCr_centroid.srcs/sources_1/bd/hdmi_vga/hdmi_vga.bd>
Upgrading 'D:/Kuba/studia/semestr VI/SR/Lab_6/hdmi_zybo_centroid/hdmi_vga_zybo_YCbCr_centroid.srcs/sources_1/bd/hdmi_vga/hdmi_vga.bd'
INFO: [IP_Flow 19-3420] Updated hdmi_vga_vp_0_0 to use current project options
Wrote  : <D:\Kuba\studia\semestr VI\SR\Lab_6\hdmi_zybo_centroid\hdmi_vga_zybo_YCbCr_centroid.srcs\sources_1\bd\hdmi_vga\hdmi_vga.bd> 
Wrote  : <D:/Kuba/studia/semestr VI/SR/Lab_6/hdmi_zybo_centroid/hdmi_vga_zybo_YCbCr_centroid.srcs/sources_1/bd/hdmi_vga/ui/bd_390e6c89.ui> 
upgrade_ip: Time (s): cpu = 00:00:13 ; elapsed = 00:00:15 . Memory (MB): peak = 1996.094 ; gain = 87.676
update_module_reference: Time (s): cpu = 00:00:14 ; elapsed = 00:00:17 . Memory (MB): peak = 1996.094 ; gain = 87.676
apply_bd_automation -rule xilinx.com:bd_rule:board -config { Manual_Source {New External Port (ACTIVE_HIGH)}}  [get_bd_pins clk_wiz_0/reset]
INFO: [BoardRule 102-10] create_bd_port -dir I reset_rtl -type rst
INFO: [BoardRule 102-7] set_property CONFIG.POLARITY ACTIVE_HIGH /reset_rtl
INFO: [BoardRule 102-15] connect_bd_net /reset_rtl /clk_wiz_0/reset
INFO: [BoardRule 102-19] set_property CONFIG.POLARITY ACTIVE_HIGH /reset_rtl
WARNING: [BoardRule 102-1] Board automation did not generate location constraint for /clk_wiz_0/reset. Users may need to specify the location constraint manually.
save_bd_design
Wrote  : <D:\Kuba\studia\semestr VI\SR\Lab_6\hdmi_zybo_centroid\hdmi_vga_zybo_YCbCr_centroid.srcs\sources_1\bd\hdmi_vga\hdmi_vga.bd> 
Wrote  : <D:/Kuba/studia/semestr VI/SR/Lab_6/hdmi_zybo_centroid/hdmi_vga_zybo_YCbCr_centroid.srcs/sources_1/bd/hdmi_vga/ui/bd_390e6c89.ui> 
reset_run synth_1
INFO: [Project 1-1161] Replacing file D:/Kuba/studia/semestr VI/SR/Lab_6/hdmi_zybo_centroid/hdmi_vga_zybo_YCbCr_centroid.srcs/utils_1/imports/synth_1/vp.dcp with file D:/Kuba/studia/semestr VI/SR/Lab_6/hdmi_zybo_centroid/hdmi_vga_zybo_YCbCr_centroid.runs/synth_1/hdmi_vga_wrapper.dcp
WARNING: [filemgmt 56-199] Attempt to get parsing info during refresh. "On-the-fly" syntax checking information may be incorrect. [D:\Kuba\studia\semestr VI\SR\Lab_6\hdmi_zybo_centroid\hdmi_vga_zybo_YCbCr_centroid.srcs\sources_1\new\vis_centroid.v:]
WARNING: [filemgmt 56-199] Attempt to get parsing info during refresh. "On-the-fly" syntax checking information may be incorrect. [D:\Kuba\studia\semestr VI\SR\Lab_6\hdmi_zybo_centroid\hdmi_vga_zybo_YCbCr_centroid.srcs\sim_1\imports\tb_src\hdmi_in.v:]
WARNING: [filemgmt 56-199] Attempt to get parsing info during refresh. "On-the-fly" syntax checking information may be incorrect. [D:\Kuba\studia\semestr VI\SR\Lab_6\hdmi_zybo_centroid\hdmi_vga_zybo_YCbCr_centroid.srcs\sources_1\new\vp.v:]
WARNING: [filemgmt 56-199] Attempt to get parsing info during refresh. "On-the-fly" syntax checking information may be incorrect. [D:\Kuba\studia\semestr VI\SR\Lab_6\hdmi_zybo_centroid\hdmi_vga_zybo_YCbCr_centroid.srcs\sources_1\new\centroid.v:]
WARNING: [filemgmt 56-199] Attempt to get parsing info during refresh. "On-the-fly" syntax checking information may be incorrect. [D:\Kuba\studia\semestr VI\SR\Lab_6\hdmi_zybo_centroid\hdmi_vga_zybo_YCbCr_centroid.srcs\sources_1\new\vis_centroid.v:]
WARNING: [filemgmt 56-199] Attempt to get parsing info during refresh. "On-the-fly" syntax checking information may be incorrect. [D:\Kuba\studia\semestr VI\SR\Lab_6\hdmi_zybo_centroid\hdmi_vga_zybo_YCbCr_centroid.srcs\sim_1\imports\tb_src\hdmi_in.v:]
WARNING: [filemgmt 56-199] Attempt to get parsing info during refresh. "On-the-fly" syntax checking information may be incorrect. [D:\Kuba\studia\semestr VI\SR\Lab_6\hdmi_zybo_centroid\hdmi_vga_zybo_YCbCr_centroid.srcs\sources_1\new\vp.v:]
WARNING: [filemgmt 56-199] Attempt to get parsing info during refresh. "On-the-fly" syntax checking information may be incorrect. [D:\Kuba\studia\semestr VI\SR\Lab_6\hdmi_zybo_centroid\hdmi_vga_zybo_YCbCr_centroid.srcs\sources_1\new\centroid.v:]
launch_runs impl_1 -to_step write_bitstream -jobs 2
INFO: [Vivado 12-4149] The synthesis checkpoint for IP 'D:/Kuba/studia/semestr VI/SR/Lab_6/hdmi_zybo_centroid/hdmi_vga_zybo_YCbCr_centroid.srcs/sources_1/ip/add/add.xci' is already up-to-date
INFO: [Vivado 12-4149] The synthesis checkpoint for IP 'D:/Kuba/studia/semestr VI/SR/Lab_6/hdmi_zybo_centroid/hdmi_vga_zybo_YCbCr_centroid.srcs/sources_1/ip/divider_32_20_0/divider_32_20_0.xci' is already up-to-date
INFO: [Vivado 12-4149] The synthesis checkpoint for IP 'D:/Kuba/studia/semestr VI/SR/Lab_6/hdmi_zybo_centroid/hdmi_vga_zybo_YCbCr_centroid.srcs/sources_1/ip/rgb2ycbcr_0_1/rgb2ycbcr_0.xci' is already up-to-date
INFO: [Vivado 12-4149] The synthesis checkpoint for IP 'D:/Kuba/studia/semestr VI/SR/Lab_6/hdmi_zybo_centroid/hdmi_vga_zybo_YCbCr_centroid.srcs/sources_1/ip/add/add.xci' is already up-to-date
INFO: [xilinx.com:ip:clk_wiz:6.0-1] /clk_wiz_0 clk_wiz propagate
Wrote  : <D:\Kuba\studia\semestr VI\SR\Lab_6\hdmi_zybo_centroid\hdmi_vga_zybo_YCbCr_centroid.srcs\sources_1\bd\hdmi_vga\hdmi_vga.bd> 
Verilog Output written to : d:/Kuba/studia/semestr VI/SR/Lab_6/hdmi_zybo_centroid/hdmi_vga_zybo_YCbCr_centroid.gen/sources_1/bd/hdmi_vga/synth/hdmi_vga.v
Verilog Output written to : d:/Kuba/studia/semestr VI/SR/Lab_6/hdmi_zybo_centroid/hdmi_vga_zybo_YCbCr_centroid.gen/sources_1/bd/hdmi_vga/sim/hdmi_vga.v
Verilog Output written to : d:/Kuba/studia/semestr VI/SR/Lab_6/hdmi_zybo_centroid/hdmi_vga_zybo_YCbCr_centroid.gen/sources_1/bd/hdmi_vga/hdl/hdmi_vga_wrapper.v
WARNING: [filemgmt 56-199] Attempt to get parsing info during refresh. "On-the-fly" syntax checking information may be incorrect. [D:\Kuba\studia\semestr VI\SR\Lab_6\hdmi_zybo_centroid\hdmi_vga_zybo_YCbCr_centroid.srcs\sources_1\new\vis_centroid.v:]
WARNING: [filemgmt 56-199] Attempt to get parsing info during refresh. "On-the-fly" syntax checking information may be incorrect. [D:\Kuba\studia\semestr VI\SR\Lab_6\hdmi_zybo_centroid\hdmi_vga_zybo_YCbCr_centroid.srcs\sim_1\imports\tb_src\hdmi_in.v:]
WARNING: [filemgmt 56-199] Attempt to get parsing info during refresh. "On-the-fly" syntax checking information may be incorrect. [D:\Kuba\studia\semestr VI\SR\Lab_6\hdmi_zybo_centroid\hdmi_vga_zybo_YCbCr_centroid.srcs\sources_1\new\vp.v:]
WARNING: [filemgmt 56-199] Attempt to get parsing info during refresh. "On-the-fly" syntax checking information may be incorrect. [D:\Kuba\studia\semestr VI\SR\Lab_6\hdmi_zybo_centroid\hdmi_vga_zybo_YCbCr_centroid.srcs\sources_1\new\centroid.v:]
INFO: [BD 41-1029] Generation completed for the IP Integrator block vp_0 .
Exporting to file d:/Kuba/studia/semestr VI/SR/Lab_6/hdmi_zybo_centroid/hdmi_vga_zybo_YCbCr_centroid.gen/sources_1/bd/hdmi_vga/hw_handoff/hdmi_vga.hwh
Generated Hardware Definition File d:/Kuba/studia/semestr VI/SR/Lab_6/hdmi_zybo_centroid/hdmi_vga_zybo_YCbCr_centroid.gen/sources_1/bd/hdmi_vga/synth/hdmi_vga.hwdef
[Mon May 20 16:51:06 2024] Launched hdmi_vga_vp_0_0_synth_1, synth_1...
Run output will be captured here:
hdmi_vga_vp_0_0_synth_1: D:/Kuba/studia/semestr VI/SR/Lab_6/hdmi_zybo_centroid/hdmi_vga_zybo_YCbCr_centroid.runs/hdmi_vga_vp_0_0_synth_1/runme.log
synth_1: D:/Kuba/studia/semestr VI/SR/Lab_6/hdmi_zybo_centroid/hdmi_vga_zybo_YCbCr_centroid.runs/synth_1/runme.log
[Mon May 20 16:51:06 2024] Launched impl_1...
Run output will be captured here: D:/Kuba/studia/semestr VI/SR/Lab_6/hdmi_zybo_centroid/hdmi_vga_zybo_YCbCr_centroid.runs/impl_1/runme.log
launch_runs: Time (s): cpu = 00:00:04 ; elapsed = 00:00:06 . Memory (MB): peak = 1997.543 ; gain = 0.000
WARNING: [filemgmt 56-199] Attempt to get parsing info during refresh. "On-the-fly" syntax checking information may be incorrect. [D:\Kuba\studia\semestr VI\SR\Lab_6\hdmi_zybo_centroid\hdmi_vga_zybo_YCbCr_centroid.srcs\sources_1\new\vis_centroid.v:]
WARNING: [filemgmt 56-199] Attempt to get parsing info during refresh. "On-the-fly" syntax checking information may be incorrect. [D:\Kuba\studia\semestr VI\SR\Lab_6\hdmi_zybo_centroid\hdmi_vga_zybo_YCbCr_centroid.srcs\sim_1\imports\tb_src\hdmi_in.v:]
WARNING: [filemgmt 56-199] Attempt to get parsing info during refresh. "On-the-fly" syntax checking information may be incorrect. [D:\Kuba\studia\semestr VI\SR\Lab_6\hdmi_zybo_centroid\hdmi_vga_zybo_YCbCr_centroid.srcs\sources_1\new\vp.v:]
WARNING: [filemgmt 56-199] Attempt to get parsing info during refresh. "On-the-fly" syntax checking information may be incorrect. [D:\Kuba\studia\semestr VI\SR\Lab_6\hdmi_zybo_centroid\hdmi_vga_zybo_YCbCr_centroid.srcs\sources_1\new\centroid.v:]
WARNING: [filemgmt 56-199] Attempt to get parsing info during refresh. "On-the-fly" syntax checking information may be incorrect. [D:\Kuba\studia\semestr VI\SR\Lab_6\hdmi_zybo_centroid\hdmi_vga_zybo_YCbCr_centroid.srcs\sources_1\new\vis_centroid.v:]
WARNING: [filemgmt 56-199] Attempt to get parsing info during refresh. "On-the-fly" syntax checking information may be incorrect. [D:\Kuba\studia\semestr VI\SR\Lab_6\hdmi_zybo_centroid\hdmi_vga_zybo_YCbCr_centroid.srcs\sim_1\imports\tb_src\hdmi_in.v:]
WARNING: [filemgmt 56-199] Attempt to get parsing info during refresh. "On-the-fly" syntax checking information may be incorrect. [D:\Kuba\studia\semestr VI\SR\Lab_6\hdmi_zybo_centroid\hdmi_vga_zybo_YCbCr_centroid.srcs\sources_1\new\vp.v:]
WARNING: [filemgmt 56-199] Attempt to get parsing info during refresh. "On-the-fly" syntax checking information may be incorrect. [D:\Kuba\studia\semestr VI\SR\Lab_6\hdmi_zybo_centroid\hdmi_vga_zybo_YCbCr_centroid.srcs\sources_1\new\centroid.v:]
ERROR: [Common 17-180] Spawn failed: No error
WARNING: [filemgmt 56-199] Attempt to get parsing info during refresh. "On-the-fly" syntax checking information may be incorrect. [D:\Kuba\studia\semestr VI\SR\Lab_6\hdmi_zybo_centroid\hdmi_vga_zybo_YCbCr_centroid.srcs\sources_1\new\vis_centroid.v:]
WARNING: [filemgmt 56-199] Attempt to get parsing info during refresh. "On-the-fly" syntax checking information may be incorrect. [D:\Kuba\studia\semestr VI\SR\Lab_6\hdmi_zybo_centroid\hdmi_vga_zybo_YCbCr_centroid.srcs\sim_1\imports\tb_src\hdmi_in.v:]
WARNING: [filemgmt 56-199] Attempt to get parsing info during refresh. "On-the-fly" syntax checking information may be incorrect. [D:\Kuba\studia\semestr VI\SR\Lab_6\hdmi_zybo_centroid\hdmi_vga_zybo_YCbCr_centroid.srcs\sources_1\new\vp.v:]
WARNING: [filemgmt 56-199] Attempt to get parsing info during refresh. "On-the-fly" syntax checking information may be incorrect. [D:\Kuba\studia\semestr VI\SR\Lab_6\hdmi_zybo_centroid\hdmi_vga_zybo_YCbCr_centroid.srcs\sources_1\new\centroid.v:]
ERROR: [Common 17-180] Spawn failed: No error
