#-----------------------------------------------------------
# Vivado v2023.2 (64-bit)
# SW Build 4029153 on Fri Oct 13 20:14:34 MDT 2023
# IP Build 4028589 on Sat Oct 14 00:45:43 MDT 2023
# SharedData Build 4025554 on Tue Oct 10 17:18:54 MDT 2023
# Start of session at: Tue May 14 10:12:57 2024
# Process ID: 9564
# Current directory: D:/Kuba/studia/semestr VI/SR/Lab_6/hdmi_zybo_centroid
# Command line: vivado.exe -gui_launcher_event rodinguilauncherevent116 D:\Kuba\studia\semestr VI\SR\Lab_6\hdmi_zybo_centroid\hdmi_vga_zybo_YCbCr_centroid.xpr
# Log file: D:/Kuba/studia/semestr VI/SR/Lab_6/hdmi_zybo_centroid/vivado.log
# Journal file: D:/Kuba/studia/semestr VI/SR/Lab_6/hdmi_zybo_centroid\vivado.jou
# Running On: DESKTOP-VERHI1K, OS: Windows, CPU Frequency: 2496 MHz, CPU Physical cores: 4, Host memory: 8503 MB
#-----------------------------------------------------------
start_gui
open_project {D:/Kuba/studia/semestr VI/SR/Lab_6/hdmi_zybo_centroid/hdmi_vga_zybo_YCbCr_centroid.xpr}
WARNING: [Board 49-26] cannot add Board Part digilentinc.com:arty-a7-100:part0:1.0 available at D:/Programy-studia/Xlinx/Vivado/2023.2/data/xhub/boards/XilinxBoardStore/boards/Xilinx/arty-a7-100/E.0/1.0/board.xml as part xc7a100tcsg324-1 specified in board_part file is either invalid or not available
WARNING: [Board 49-26] cannot add Board Part digilentinc.com:arty-a7-100:part0:1.1 available at D:/Programy-studia/Xlinx/Vivado/2023.2/data/xhub/boards/XilinxBoardStore/boards/Xilinx/arty-a7-100/E.0/1.1/board.xml as part xc7a100tcsg324-1 specified in board_part file is either invalid or not available
WARNING: [Board 49-26] cannot add Board Part digilentinc.com:arty-a7-35:part0:1.0 available at D:/Programy-studia/Xlinx/Vivado/2023.2/data/xhub/boards/XilinxBoardStore/boards/Xilinx/arty-a7-35/E.0/1.0/board.xml as part xc7a35ticsg324-1l specified in board_part file is either invalid or not available
WARNING: [Board 49-26] cannot add Board Part digilentinc.com:arty-a7-35:part0:1.1 available at D:/Programy-studia/Xlinx/Vivado/2023.2/data/xhub/boards/XilinxBoardStore/boards/Xilinx/arty-a7-35/E.0/1.1/board.xml as part xc7a35ticsg324-1l specified in board_part file is either invalid or not available
WARNING: [Board 49-26] cannot add Board Part digilentinc.com:arty-s7-25:part0:1.1 available at D:/Programy-studia/Xlinx/Vivado/2023.2/data/xhub/boards/XilinxBoardStore/boards/Xilinx/arty-s7-25/E.0/board.xml as part xc7s25csga324-1 specified in board_part file is either invalid or not available
WARNING: [Board 49-26] cannot add Board Part digilentinc.com:arty-s7-50:part0:1.1 available at D:/Programy-studia/Xlinx/Vivado/2023.2/data/xhub/boards/XilinxBoardStore/boards/Xilinx/arty-s7-50/B.0/board.xml as part xc7s50csga324-1 specified in board_part file is either invalid or not available
WARNING: [Board 49-26] cannot add Board Part digilentinc.com:arty:part0:1.1 available at D:/Programy-studia/Xlinx/Vivado/2023.2/data/xhub/boards/XilinxBoardStore/boards/Xilinx/arty/C.0/board.xml as part xc7a35ticsg324-1l specified in board_part file is either invalid or not available
WARNING: [Board 49-26] cannot add Board Part digilentinc.com:basys3:part0:1.2 available at D:/Programy-studia/Xlinx/Vivado/2023.2/data/xhub/boards/XilinxBoardStore/boards/Xilinx/basys3/C.0/board.xml as part xc7a35tcpg236-1 specified in board_part file is either invalid or not available
WARNING: [Board 49-26] cannot add Board Part digilentinc.com:cmod-s7-25:part0:1.0 available at D:/Programy-studia/Xlinx/Vivado/2023.2/data/xhub/boards/XilinxBoardStore/boards/Xilinx/cmod-s7-25/B.0/board.xml as part xc7s25csga225-1 specified in board_part file is either invalid or not available
WARNING: [Board 49-26] cannot add Board Part digilentinc.com:cmod_a7-15t:part0:1.2 available at D:/Programy-studia/Xlinx/Vivado/2023.2/data/xhub/boards/XilinxBoardStore/boards/Xilinx/cmod_a7-15t/B.0/board.xml as part xc7a15tcpg236-1 specified in board_part file is either invalid or not available
WARNING: [Board 49-26] cannot add Board Part digilentinc.com:cmod_a7-35t:part0:1.2 available at D:/Programy-studia/Xlinx/Vivado/2023.2/data/xhub/boards/XilinxBoardStore/boards/Xilinx/cmod_a7-35t/B.0/board.xml as part xc7a35tcpg236-1 specified in board_part file is either invalid or not available
WARNING: [Board 49-26] cannot add Board Part digilentinc.com:genesys2:part0:1.1 available at D:/Programy-studia/Xlinx/Vivado/2023.2/data/xhub/boards/XilinxBoardStore/boards/Xilinx/genesys2/H/board.xml as part xc7k325tffg900-2 specified in board_part file is either invalid or not available
WARNING: [Board 49-26] cannot add Board Part digilentinc.com:nexys-a7-100t:part0:1.0 available at D:/Programy-studia/Xlinx/Vivado/2023.2/data/xhub/boards/XilinxBoardStore/boards/Xilinx/nexys-a7-100t/D.0/1.0/board.xml as part xc7a100tcsg324-1 specified in board_part file is either invalid or not available
WARNING: [Board 49-26] cannot add Board Part digilentinc.com:nexys-a7-100t:part0:1.3 available at D:/Programy-studia/Xlinx/Vivado/2023.2/data/xhub/boards/XilinxBoardStore/boards/Xilinx/nexys-a7-100t/D.0/1.3/board.xml as part xc7a100tcsg324-1 specified in board_part file is either invalid or not available
WARNING: [Board 49-26] cannot add Board Part digilentinc.com:nexys-a7-50t:part0:1.0 available at D:/Programy-studia/Xlinx/Vivado/2023.2/data/xhub/boards/XilinxBoardStore/boards/Xilinx/nexys-a7-50t/D.0/1.0/board.xml as part xc7a50ticsg324-1l specified in board_part file is either invalid or not available
WARNING: [Board 49-26] cannot add Board Part digilentinc.com:nexys-a7-50t:part0:1.3 available at D:/Programy-studia/Xlinx/Vivado/2023.2/data/xhub/boards/XilinxBoardStore/boards/Xilinx/nexys-a7-50t/D.0/1.3/board.xml as part xc7a50ticsg324-1l specified in board_part file is either invalid or not available
WARNING: [Board 49-26] cannot add Board Part digilentinc.com:nexys4:part0:1.1 available at D:/Programy-studia/Xlinx/Vivado/2023.2/data/xhub/boards/XilinxBoardStore/boards/Xilinx/nexys4/B.1/board.xml as part xc7a100tcsg324-1 specified in board_part file is either invalid or not available
WARNING: [Board 49-26] cannot add Board Part digilentinc.com:nexys4_ddr:part0:1.1 available at D:/Programy-studia/Xlinx/Vivado/2023.2/data/xhub/boards/XilinxBoardStore/boards/Xilinx/nexys4_ddr/C.1/board.xml as part xc7a100tcsg324-1 specified in board_part file is either invalid or not available
WARNING: [Board 49-26] cannot add Board Part digilentinc.com:nexys_video:part0:1.1 available at D:/Programy-studia/Xlinx/Vivado/2023.2/data/xhub/boards/XilinxBoardStore/boards/Xilinx/nexys_video/A.0/1.1/board.xml as part xc7a200tsbg484-1 specified in board_part file is either invalid or not available
WARNING: [Board 49-26] cannot add Board Part digilentinc.com:nexys_video:part0:1.2 available at D:/Programy-studia/Xlinx/Vivado/2023.2/data/xhub/boards/XilinxBoardStore/boards/Xilinx/nexys_video/A.0/1.2/board.xml as part xc7a200tsbg484-1 specified in board_part file is either invalid or not available
WARNING: [Board 49-26] cannot add Board Part digilentinc.com:sword:part0:1.0 available at D:/Programy-studia/Xlinx/Vivado/2023.2/data/xhub/boards/XilinxBoardStore/boards/Xilinx/sword/C.0/board.xml as part xc7k325tffg900-2 specified in board_part file is either invalid or not available
WARNING: [Board 49-26] cannot add Board Part digilentinc.com:usb104-a7:part0:1.0 available at D:/Programy-studia/Xlinx/Vivado/2023.2/data/xhub/boards/XilinxBoardStore/boards/Xilinx/usb104-a7/B/1.0/board.xml as part xc7a100tcsg324-1 specified in board_part file is either invalid or not available
WARNING: [Board 49-26] cannot add Board Part digilentinc.com:usb104-a7:part0:1.1 available at D:/Programy-studia/Xlinx/Vivado/2023.2/data/xhub/boards/XilinxBoardStore/boards/Xilinx/usb104-a7/B/1.1/board.xml as part xc7a100tcsg324-1 specified in board_part file is either invalid or not available
WARNING: [Board 49-26] cannot add Board Part digilentinc.com:usb104-a7:part0:1.2 available at D:/Programy-studia/Xlinx/Vivado/2023.2/data/xhub/boards/XilinxBoardStore/boards/Xilinx/usb104-a7/B/1.2/board.xml as part xc7a100tcsg324-1 specified in board_part file is either invalid or not available
WARNING: [Board 49-26] cannot add Board Part digilentinc.com:usb104-a7:part0:1.3 available at D:/Programy-studia/Xlinx/Vivado/2023.2/data/xhub/boards/XilinxBoardStore/boards/Xilinx/usb104-a7/B/1.3/board.xml as part xc7a100tcsg324-1 specified in board_part file is either invalid or not available
WARNING: [Board 49-26] cannot add Board Part xilinx.com:ac701:part0:1.4 available at D:/Programy-studia/Xlinx/Vivado/2023.2/data/xhub/boards/XilinxBoardStore/boards/Xilinx/ac701/1.4/board.xml as part xc7a200tfbg676-2 specified in board_part file is either invalid or not available
WARNING: [Board 49-26] cannot add Board Part xilinx.com:kc705:part0:1.6 available at D:/Programy-studia/Xlinx/Vivado/2023.2/data/xhub/boards/XilinxBoardStore/boards/Xilinx/kc705/1.6/board.xml as part xc7k325tffg900-2 specified in board_part file is either invalid or not available
WARNING: [Board 49-26] cannot add Board Part xilinx.com:kcu105:part0:1.6 available at D:/Programy-studia/Xlinx/Vivado/2023.2/data/xhub/boards/XilinxBoardStore/boards/Xilinx/kcu105/1.6/board.xml as part xcku040-ffva1156-2-e specified in board_part file is either invalid or not available
WARNING: [Board 49-26] cannot add Board Part xilinx.com:kcu105:part0:1.7 available at D:/Programy-studia/Xlinx/Vivado/2023.2/data/xhub/boards/XilinxBoardStore/boards/Xilinx/kcu105/1.7/board.xml as part xcku040-ffva1156-2-e specified in board_part file is either invalid or not available
WARNING: [Board 49-26] cannot add Board Part xilinx.com:kcu116:part0:1.4 available at D:/Programy-studia/Xlinx/Vivado/2023.2/data/xhub/boards/XilinxBoardStore/boards/Xilinx/kcu116/1.4/board.xml as part xcku5p-ffvb676-2-e specified in board_part file is either invalid or not available
WARNING: [Board 49-26] cannot add Board Part xilinx.com:kcu116:part0:1.5 available at D:/Programy-studia/Xlinx/Vivado/2023.2/data/xhub/boards/XilinxBoardStore/boards/Xilinx/kcu116/1.5/board.xml as part xcku5p-ffvb676-2-e specified in board_part file is either invalid or not available
WARNING: [Board 49-26] cannot add Board Part xilinx.com:kcu1500:part0:1.2 available at D:/Programy-studia/Xlinx/Vivado/2023.2/data/xhub/boards/XilinxBoardStore/boards/Xilinx/kcu1500/1.2/board.xml as part xcku115-flvb2104-2-e specified in board_part file is either invalid or not available
WARNING: [Board 49-26] cannot add Board Part xilinx.com:sp701:part0:1.0 available at D:/Programy-studia/Xlinx/Vivado/2023.2/data/xhub/boards/XilinxBoardStore/boards/Xilinx/sp701/1.0/board.xml as part xc7s100fgga676-2 specified in board_part file is either invalid or not available
WARNING: [Board 49-26] cannot add Board Part xilinx.com:sp701:part0:1.1 available at D:/Programy-studia/Xlinx/Vivado/2023.2/data/xhub/boards/XilinxBoardStore/boards/Xilinx/sp701/1.1/board.xml as part xc7s100fgga676-2 specified in board_part file is either invalid or not available
WARNING: [Board 49-26] cannot add Board Part xilinx.com:vc707:part0:1.4 available at D:/Programy-studia/Xlinx/Vivado/2023.2/data/xhub/boards/XilinxBoardStore/boards/Xilinx/vc707/1.4/board.xml as part xc7vx485tffg1761-2 specified in board_part file is either invalid or not available
WARNING: [Board 49-26] cannot add Board Part xilinx.com:vc709:part0:1.8 available at D:/Programy-studia/Xlinx/Vivado/2023.2/data/xhub/boards/XilinxBoardStore/boards/Xilinx/vc709/1.8/board.xml as part xc7vx690tffg1761-2 specified in board_part file is either invalid or not available
WARNING: [Board 49-26] cannot add Board Part xilinx.com:vck190:part0:2.2 available at D:/Programy-studia/Xlinx/Vivado/2023.2/data/xhub/boards/XilinxBoardStore/boards/Xilinx/vck190/production/2.2/board.xml as part xcvc1902-vsva2197-2mp-e-s specified in board_part file is either invalid or not available
WARNING: [Board 49-26] cannot add Board Part xilinx.com:vck190:part0:3.0 available at D:/Programy-studia/Xlinx/Vivado/2023.2/data/xhub/boards/XilinxBoardStore/boards/Xilinx/vck190/production/3.0/board.xml as part xcvc1902-vsva2197-2mp-e-s specified in board_part file is either invalid or not available
WARNING: [Board 49-26] cannot add Board Part xilinx.com:vck190:part0:3.1 available at D:/Programy-studia/Xlinx/Vivado/2023.2/data/xhub/boards/XilinxBoardStore/boards/Xilinx/vck190/production/3.1/board.xml as part xcvc1902-vsva2197-2mp-e-s specified in board_part file is either invalid or not available
WARNING: [Board 49-26] cannot add Board Part xilinx.com:vck190:part0:3.2 available at D:/Programy-studia/Xlinx/Vivado/2023.2/data/xhub/boards/XilinxBoardStore/boards/Xilinx/vck190/production/3.2/board.xml as part xcvc1902-vsva2197-2mp-e-s specified in board_part file is either invalid or not available
WARNING: [Board 49-26] cannot add Board Part xilinx.com:vck190_newl:part0:1.0 available at D:/Programy-studia/Xlinx/Vivado/2023.2/data/xhub/boards/XilinxBoardStore/boards/Xilinx/vck190_newl/production/1.0/board.xml as part xcvc1902-vsva2197-2mp-e-s specified in board_part file is either invalid or not available
WARNING: [Board 49-26] cannot add Board Part xilinx.com:vck190_newl:part0:1.1 available at D:/Programy-studia/Xlinx/Vivado/2023.2/data/xhub/boards/XilinxBoardStore/boards/Xilinx/vck190_newl/production/1.1/board.xml as part xcvc1902-vsva2197-2mp-e-s specified in board_part file is either invalid or not available
WARNING: [Board 49-26] cannot add Board Part xilinx.com:vcu108:part0:1.6 available at D:/Programy-studia/Xlinx/Vivado/2023.2/data/xhub/boards/XilinxBoardStore/boards/Xilinx/vcu108/1.6/board.xml as part xcvu095-ffva2104-2-e specified in board_part file is either invalid or not available
WARNING: [Board 49-26] cannot add Board Part xilinx.com:vcu108:part0:1.7 available at D:/Programy-studia/Xlinx/Vivado/2023.2/data/xhub/boards/XilinxBoardStore/boards/Xilinx/vcu108/1.7/board.xml as part xcvu095-ffva2104-2-e specified in board_part file is either invalid or not available
WARNING: [Board 49-26] cannot add Board Part xilinx.com:vcu110:part0:1.4 available at D:/Programy-studia/Xlinx/Vivado/2023.2/data/xhub/boards/XilinxBoardStore/boards/Xilinx/vcu110/1.4/board.xml as part xcvu190-flgc2104-2-e specified in board_part file is either invalid or not available
WARNING: [Board 49-26] cannot add Board Part xilinx.com:vcu118:part0:2.0 available at D:/Programy-studia/Xlinx/Vivado/2023.2/data/xhub/boards/XilinxBoardStore/boards/Xilinx/vcu118/2.0/board.xml as part xcvu9p-flga2104-2l-e specified in board_part file is either invalid or not available
WARNING: [Board 49-26] cannot add Board Part xilinx.com:vcu118:part0:2.3 available at D:/Programy-studia/Xlinx/Vivado/2023.2/data/xhub/boards/XilinxBoardStore/boards/Xilinx/vcu118/2.3/board.xml as part xcvu9p-flga2104-2l-e specified in board_part file is either invalid or not available
WARNING: [Board 49-26] cannot add Board Part xilinx.com:vcu118:part0:2.4 available at D:/Programy-studia/Xlinx/Vivado/2023.2/data/xhub/boards/XilinxBoardStore/boards/Xilinx/vcu118/2.4/board.xml as part xcvu9p-flga2104-2l-e specified in board_part file is either invalid or not available
WARNING: [Board 49-26] cannot add Board Part xilinx.com:vcu128:part0:1.0 available at D:/Programy-studia/Xlinx/Vivado/2023.2/data/xhub/boards/XilinxBoardStore/boards/Xilinx/vcu128/production/1.0/board.xml as part xcvu37p-fsvh2892-2l-e specified in board_part file is either invalid or not available
WARNING: [Board 49-26] cannot add Board Part xilinx.com:vcu129:part0:1.0 available at D:/Programy-studia/Xlinx/Vivado/2023.2/data/xhub/boards/XilinxBoardStore/boards/Xilinx/vcu129/production/1.0/board.xml as part xcvu29p-fsga2577-2l-e specified in board_part file is either invalid or not available
WARNING: [Board 49-26] cannot add Board Part xilinx.com:vcu1525:part0:1.3 available at D:/Programy-studia/Xlinx/Vivado/2023.2/data/xhub/boards/XilinxBoardStore/boards/Xilinx/vcu1525/1.3/board.xml as part xcvu9p-fsgd2104-2l-e specified in board_part file is either invalid or not available
WARNING: [Board 49-26] cannot add Board Part xilinx.com:vek280:part0:1.0 available at D:/Programy-studia/Xlinx/Vivado/2023.2/data/xhub/boards/XilinxBoardStore/boards/Xilinx/vek280/production/1.0/board.xml as part xcve2802-vsvh1760-2mp-e-s specified in board_part file is either invalid or not available
WARNING: [Board 49-26] cannot add Board Part xilinx.com:vek280_es:part0:1.0 available at D:/Programy-studia/Xlinx/Vivado/2023.2/data/xhub/boards/XilinxBoardStore/boards/Xilinx/vek280/es/rev_a/1.0/board.xml as part xcve2802-vsvh1760-2lp-e-s-es1 specified in board_part file is either invalid or not available
WARNING: [Board 49-26] cannot add Board Part xilinx.com:vek280_es:part0:1.1 available at D:/Programy-studia/Xlinx/Vivado/2023.2/data/xhub/boards/XilinxBoardStore/boards/Xilinx/vek280/es/rev_a/1.1/board.xml as part xcve2802-vsvh1760-2lp-e-s-es1 specified in board_part file is either invalid or not available
WARNING: [Board 49-26] cannot add Board Part xilinx.com:vek280_es_revb:part0:1.0 available at D:/Programy-studia/Xlinx/Vivado/2023.2/data/xhub/boards/XilinxBoardStore/boards/Xilinx/vek280/es/rev_b/1.0/board.xml as part xcve2802-vsvh1760-2mp-e-s-es1 specified in board_part file is either invalid or not available
WARNING: [Board 49-26] cannot add Board Part xilinx.com:vek280_es_revb:part0:1.1 available at D:/Programy-studia/Xlinx/Vivado/2023.2/data/xhub/boards/XilinxBoardStore/boards/Xilinx/vek280/es/rev_b/1.1/board.xml as part xcve2802-vsvh1760-2mp-e-s-es1 specified in board_part file is either invalid or not available
WARNING: [Board 49-26] cannot add Board Part xilinx.com:vermeo_t1_mpsoc:part0:1.0 available at D:/Programy-studia/Xlinx/Vivado/2023.2/data/xhub/boards/XilinxBoardStore/boards/Xilinx/vermeo_t1_mpsoc/1.0/board.xml as part xczu19eg-ffvd1760-2l-e specified in board_part file is either invalid or not available
WARNING: [Board 49-26] cannot add Board Part xilinx.com:vermeo_t1_rfsoc:part0:1.0 available at D:/Programy-studia/Xlinx/Vivado/2023.2/data/xhub/boards/XilinxBoardStore/boards/Xilinx/vermeo_t1_rfsoc/1.0/board.xml as part xczu21dr-ffvd1156-2l-e specified in board_part file is either invalid or not available
WARNING: [Board 49-26] cannot add Board Part xilinx.com:vhk158:part0:1.0 available at D:/Programy-studia/Xlinx/Vivado/2023.2/data/xhub/boards/XilinxBoardStore/boards/Xilinx/vhk158/production/1.0/board.xml as part xcvh1582-vsva3697-2mp-e-s specified in board_part file is either invalid or not available
WARNING: [Board 49-26] cannot add Board Part xilinx.com:vhk158:part0:1.1 available at D:/Programy-studia/Xlinx/Vivado/2023.2/data/xhub/boards/XilinxBoardStore/boards/Xilinx/vhk158/production/1.1/board.xml as part xcvh1582-vsva3697-2mp-e-s specified in board_part file is either invalid or not available
WARNING: [Board 49-26] cannot add Board Part xilinx.com:vhk158_es:part0:1.0 available at D:/Programy-studia/Xlinx/Vivado/2023.2/data/xhub/boards/XilinxBoardStore/boards/Xilinx/vhk158/es/1.0/board.xml as part xcvh1582-vsva3697-2mp-e-s-es1 specified in board_part file is either invalid or not available
WARNING: [Board 49-26] cannot add Board Part xilinx.com:vhk158_es:part0:1.1 available at D:/Programy-studia/Xlinx/Vivado/2023.2/data/xhub/boards/XilinxBoardStore/boards/Xilinx/vhk158/es/1.1/board.xml as part xcvh1582-vsva3697-2mp-e-s-es1 specified in board_part file is either invalid or not available
WARNING: [Board 49-26] cannot add Board Part xilinx.com:vmk180:part0:2.2 available at D:/Programy-studia/Xlinx/Vivado/2023.2/data/xhub/boards/XilinxBoardStore/boards/Xilinx/vmk180/production/2.2/board.xml as part xcvm1802-vsva2197-2mp-e-s specified in board_part file is either invalid or not available
WARNING: [Board 49-26] cannot add Board Part xilinx.com:vmk180:part0:3.0 available at D:/Programy-studia/Xlinx/Vivado/2023.2/data/xhub/boards/XilinxBoardStore/boards/Xilinx/vmk180/production/3.0/board.xml as part xcvm1802-vsva2197-2mp-e-s specified in board_part file is either invalid or not available
WARNING: [Board 49-26] cannot add Board Part xilinx.com:vmk180:part0:3.1 available at D:/Programy-studia/Xlinx/Vivado/2023.2/data/xhub/boards/XilinxBoardStore/boards/Xilinx/vmk180/production/3.1/board.xml as part xcvm1802-vsva2197-2mp-e-s specified in board_part file is either invalid or not available
WARNING: [Board 49-26] cannot add Board Part xilinx.com:vmk180:part0:3.2 available at D:/Programy-studia/Xlinx/Vivado/2023.2/data/xhub/boards/XilinxBoardStore/boards/Xilinx/vmk180/production/3.2/board.xml as part xcvm1802-vsva2197-2mp-e-s specified in board_part file is either invalid or not available
WARNING: [Board 49-26] cannot add Board Part xilinx.com:vmk180_newl:part0:1.0 available at D:/Programy-studia/Xlinx/Vivado/2023.2/data/xhub/boards/XilinxBoardStore/boards/Xilinx/vmk180_newl/production/1.0/board.xml as part xcvm1802-vsva2197-2mp-e-s specified in board_part file is either invalid or not available
WARNING: [Board 49-26] cannot add Board Part xilinx.com:vmk180_newl:part0:1.1 available at D:/Programy-studia/Xlinx/Vivado/2023.2/data/xhub/boards/XilinxBoardStore/boards/Xilinx/vmk180_newl/production/1.1/board.xml as part xcvm1802-vsva2197-2mp-e-s specified in board_part file is either invalid or not available
WARNING: [Board 49-26] cannot add Board Part xilinx.com:vpk120:part0:1.0 available at D:/Programy-studia/Xlinx/Vivado/2023.2/data/xhub/boards/XilinxBoardStore/boards/Xilinx/vpk120/production/1.0/board.xml as part xcvp1202-vsva2785-2mp-e-s specified in board_part file is either invalid or not available
WARNING: [Board 49-26] cannot add Board Part xilinx.com:vpk120:part0:1.1 available at D:/Programy-studia/Xlinx/Vivado/2023.2/data/xhub/boards/XilinxBoardStore/boards/Xilinx/vpk120/production/1.1/board.xml as part xcvp1202-vsva2785-2mp-e-s specified in board_part file is either invalid or not available
WARNING: [Board 49-26] cannot add Board Part xilinx.com:vpk120:part0:1.2 available at D:/Programy-studia/Xlinx/Vivado/2023.2/data/xhub/boards/XilinxBoardStore/boards/Xilinx/vpk120/production/1.2/board.xml as part xcvp1202-vsva2785-2mp-e-s specified in board_part file is either invalid or not available
WARNING: [Board 49-26] cannot add Board Part xilinx.com:vpk180:part0:1.0 available at D:/Programy-studia/Xlinx/Vivado/2023.2/data/xhub/boards/XilinxBoardStore/boards/Xilinx/vpk180/production/1.0/board.xml as part xcvp1802-lsvc4072-2mp-e-s specified in board_part file is either invalid or not available
WARNING: [Board 49-26] cannot add Board Part xilinx.com:vpk180:part0:1.1 available at D:/Programy-studia/Xlinx/Vivado/2023.2/data/xhub/boards/XilinxBoardStore/boards/Xilinx/vpk180/production/1.1/board.xml as part xcvp1802-lsvc4072-2mp-e-s specified in board_part file is either invalid or not available
WARNING: [Board 49-26] cannot add Board Part xilinx.com:zc706:part0:1.4 available at D:/Programy-studia/Xlinx/Vivado/2023.2/data/xhub/boards/XilinxBoardStore/boards/Xilinx/zc706/1.4/board.xml as part xc7z045ffg900-2 specified in board_part file is either invalid or not available
WARNING: [Board 49-26] cannot add Board Part xilinx.com:zcu102:part0:3.3 available at D:/Programy-studia/Xlinx/Vivado/2023.2/data/xhub/boards/XilinxBoardStore/boards/Xilinx/zcu102/3.3/board.xml as part xczu9eg-ffvb1156-2-e specified in board_part file is either invalid or not available
WARNING: [Board 49-26] cannot add Board Part xilinx.com:zcu102:part0:3.4 available at D:/Programy-studia/Xlinx/Vivado/2023.2/data/xhub/boards/XilinxBoardStore/boards/Xilinx/zcu102/3.4/board.xml as part xczu9eg-ffvb1156-2-e specified in board_part file is either invalid or not available
WARNING: [Board 49-26] cannot add Board Part xilinx.com:zcu111:part0:1.2 available at D:/Programy-studia/Xlinx/Vivado/2023.2/data/xhub/boards/XilinxBoardStore/boards/Xilinx/zcu111/1.2/board.xml as part xczu28dr-ffvg1517-2-e specified in board_part file is either invalid or not available
WARNING: [Board 49-26] cannot add Board Part xilinx.com:zcu111:part0:1.3 available at D:/Programy-studia/Xlinx/Vivado/2023.2/data/xhub/boards/XilinxBoardStore/boards/Xilinx/zcu111/1.3/board.xml as part xczu28dr-ffvg1517-2-e specified in board_part file is either invalid or not available
WARNING: [Board 49-26] cannot add Board Part xilinx.com:zcu111:part0:1.4 available at D:/Programy-studia/Xlinx/Vivado/2023.2/data/xhub/boards/XilinxBoardStore/boards/Xilinx/zcu111/1.4/board.xml as part xczu28dr-ffvg1517-2-e specified in board_part file is either invalid or not available
WARNING: [Board 49-26] cannot add Board Part xilinx.com:zcu1275:part0:1.0 available at D:/Programy-studia/Xlinx/Vivado/2023.2/data/xhub/boards/XilinxBoardStore/boards/Xilinx/zcu1275/1.0/board.xml as part xczu29dr-ffvf1760-2-e specified in board_part file is either invalid or not available
WARNING: [Board 49-26] cannot add Board Part xilinx.com:zcu1285:part0:1.0 available at D:/Programy-studia/Xlinx/Vivado/2023.2/data/xhub/boards/XilinxBoardStore/boards/Xilinx/zcu1285/1.0/board.xml as part xczu39dr-ffvf1760-2-i specified in board_part file is either invalid or not available
WARNING: [Board 49-26] cannot add Board Part xilinx.com:zcu208:part0:2.0 available at D:/Programy-studia/Xlinx/Vivado/2023.2/data/xhub/boards/XilinxBoardStore/boards/Xilinx/zcu208/production/2.0/board.xml as part xczu48dr-fsvg1517-2-e specified in board_part file is either invalid or not available
WARNING: [Board 49-26] cannot add Board Part xilinx.com:zcu208ld:part0:2.0 available at D:/Programy-studia/Xlinx/Vivado/2023.2/data/xhub/boards/XilinxBoardStore/boards/Xilinx/zcu208ld/production/2.0/board.xml as part xczu58dr-fsvg1517-2-i specified in board_part file is either invalid or not available
WARNING: [Board 49-26] cannot add Board Part xilinx.com:zcu216:part0:2.0 available at D:/Programy-studia/Xlinx/Vivado/2023.2/data/xhub/boards/XilinxBoardStore/boards/Xilinx/zcu216/production/2.0/board.xml as part xczu49dr-ffvf1760-2-e specified in board_part file is either invalid or not available
WARNING: [Board 49-26] cannot add Board Part xilinx.com:zcu216ld:part0:2.0 available at D:/Programy-studia/Xlinx/Vivado/2023.2/data/xhub/boards/XilinxBoardStore/boards/Xilinx/zcu216ld/production/2.0/board.xml as part xczu59dr-ffvf1760-2-i specified in board_part file is either invalid or not available
WARNING: [Board 49-26] cannot add Board Part xilinx.com:zcu670:part0:2.0 available at D:/Programy-studia/Xlinx/Vivado/2023.2/data/xhub/boards/XilinxBoardStore/boards/Xilinx/zcu670/2.0/board.xml as part xczu67dr-fsve1156-2-i specified in board_part file is either invalid or not available
WARNING: [Board 49-26] cannot add Board Part xilinx.com:zcu670ld:part0:1.0 available at D:/Programy-studia/Xlinx/Vivado/2023.2/data/xhub/boards/XilinxBoardStore/boards/Xilinx/zcu670ld/1.0/board.xml as part xczu57dr-fsve1156-2-i specified in board_part file is either invalid or not available
INFO: [Project 1-313] Project file moved from 'D:/Kuba/studia/semestr VI/Systemy rekonfigurowalne/Lab_6/hdmi_vga_zybo_YCbCr_centroid' since last save.
Scanning sources...
Finished scanning sources
INFO: [IP_Flow 19-234] Refreshing IP repositories
INFO: [IP_Flow 19-1700] Loaded user IP repository 'd:/Kuba/studia/semestr VI/SR/Lab_5/vivado-library'.
INFO: [IP_Flow 19-1700] Loaded user IP repository 'd:/Kuba/studia/semestr VI/SR/Lab_6/ip_repo'.
INFO: [IP_Flow 19-1700] Loaded user IP repository 'd:/Kuba/studia/semestr VI/SR/Lab_6/divider_32_20_0'.
INFO: [IP_Flow 19-2313] Loaded Vivado IP repository 'D:/Programy-studia/Xlinx/Vivado/2023.2/data/ip'.
WARNING: [IP_Flow 19-2162] IP 'rgb2ycbcr_0' is locked:
* The IP Data in the repository is incompatible with the current instance (despite having identical Version and Revision). You will need to upgrade the IP before viewing the customization and generating outputs.
open_project: Time (s): cpu = 00:00:34 ; elapsed = 00:00:18 . Memory (MB): peak = 1562.812 ; gain = 346.402
update_compile_order -fileset sources_1
reset_run impl_1
launch_runs impl_1 -jobs 2
INFO: [Vivado 12-4149] The synthesis checkpoint for IP 'D:/Kuba/studia/semestr VI/SR/Lab_6/hdmi_zybo_centroid/hdmi_vga_zybo_YCbCr_centroid.srcs/sources_1/ip/add/add.xci' is already up-to-date
INFO: [Vivado 12-4149] The synthesis checkpoint for IP 'D:/Kuba/studia/semestr VI/SR/Lab_6/hdmi_zybo_centroid/hdmi_vga_zybo_YCbCr_centroid.srcs/sources_1/ip/divider_32_20_0/divider_32_20_0.xci' is already up-to-date
INFO: [Vivado 12-4149] The synthesis checkpoint for IP 'D:/Kuba/studia/semestr VI/SR/Lab_6/hdmi_zybo_centroid/hdmi_vga_zybo_YCbCr_centroid.srcs/sources_1/ip/rgb2ycbcr_0_1/rgb2ycbcr_0.xci' is already up-to-date
INFO: [Vivado 12-4149] The synthesis checkpoint for IP 'D:/Kuba/studia/semestr VI/SR/Lab_6/hdmi_zybo_centroid/hdmi_vga_zybo_YCbCr_centroid.srcs/sources_1/ip/add/add.xci' is already up-to-date
[Tue May 14 10:13:46 2024] Launched impl_1...
Run output will be captured here: D:/Kuba/studia/semestr VI/SR/Lab_6/hdmi_zybo_centroid/hdmi_vga_zybo_YCbCr_centroid.runs/impl_1/runme.log
open_bd_design {D:/Kuba/studia/semestr VI/SR/Lab_6/hdmi_zybo_centroid/hdmi_vga_zybo_YCbCr_centroid.srcs/sources_1/bd/hdmi_vga/hdmi_vga.bd}
Reading block design file <D:/Kuba/studia/semestr VI/SR/Lab_6/hdmi_zybo_centroid/hdmi_vga_zybo_YCbCr_centroid.srcs/sources_1/bd/hdmi_vga/hdmi_vga.bd>...
Adding component instance block -- digilentinc.com:ip:dvi2rgb:2.0 - dvi2rgb_0
Adding component instance block -- digilentinc.com:ip:rgb2vga:1.0 - rgb2vga_0
Adding component instance block -- xilinx.com:ip:clk_wiz:6.0 - clk_wiz_0
Adding component instance block -- xilinx.com:ip:xlconstant:1.1 - xlconstant_0
Adding component instance block -- xilinx.com:ip:xlconstant:1.1 - xlconstant_1
Adding component instance block -- xilinx.com:module_ref:vp:1.0 - vp_0
Successfully read diagram <hdmi_vga> from block design file <D:/Kuba/studia/semestr VI/SR/Lab_6/hdmi_zybo_centroid/hdmi_vga_zybo_YCbCr_centroid.srcs/sources_1/bd/hdmi_vga/hdmi_vga.bd>
open_bd_design: Time (s): cpu = 00:00:11 ; elapsed = 00:00:13 . Memory (MB): peak = 1682.059 ; gain = 91.148
delete_bd_objs [get_bd_nets SW_1] [get_bd_ports SW]
startgroup
create_bd_port -dir I -from 2 -to 0 sw
connect_bd_net [get_bd_pins /vp_0/SW] [get_bd_ports sw]
endgroup
reset_run synth_1
INFO: [Project 1-1161] Replacing file D:/Kuba/studia/semestr VI/SR/Lab_6/hdmi_zybo_centroid/hdmi_vga_zybo_YCbCr_centroid.srcs/utils_1/imports/synth_1/vp.dcp with file D:/Kuba/studia/semestr VI/SR/Lab_6/hdmi_zybo_centroid/hdmi_vga_zybo_YCbCr_centroid.runs/synth_1/hdmi_vga_wrapper.dcp
save_bd_design
Wrote  : <D:\Kuba\studia\semestr VI\SR\Lab_6\hdmi_zybo_centroid\hdmi_vga_zybo_YCbCr_centroid.srcs\sources_1\bd\hdmi_vga\hdmi_vga.bd> 
Wrote  : <D:/Kuba/studia/semestr VI/SR/Lab_6/hdmi_zybo_centroid/hdmi_vga_zybo_YCbCr_centroid.srcs/sources_1/bd/hdmi_vga/ui/bd_390e6c89.ui> 
launch_runs impl_1 -jobs 2
INFO: [Vivado 12-4149] The synthesis checkpoint for IP 'D:/Kuba/studia/semestr VI/SR/Lab_6/hdmi_zybo_centroid/hdmi_vga_zybo_YCbCr_centroid.srcs/sources_1/ip/add/add.xci' is already up-to-date
INFO: [Vivado 12-4149] The synthesis checkpoint for IP 'D:/Kuba/studia/semestr VI/SR/Lab_6/hdmi_zybo_centroid/hdmi_vga_zybo_YCbCr_centroid.srcs/sources_1/ip/divider_32_20_0/divider_32_20_0.xci' is already up-to-date
INFO: [Vivado 12-4149] The synthesis checkpoint for IP 'D:/Kuba/studia/semestr VI/SR/Lab_6/hdmi_zybo_centroid/hdmi_vga_zybo_YCbCr_centroid.srcs/sources_1/ip/rgb2ycbcr_0_1/rgb2ycbcr_0.xci' is already up-to-date
INFO: [Vivado 12-4149] The synthesis checkpoint for IP 'D:/Kuba/studia/semestr VI/SR/Lab_6/hdmi_zybo_centroid/hdmi_vga_zybo_YCbCr_centroid.srcs/sources_1/ip/add/add.xci' is already up-to-date
INFO: [xilinx.com:ip:clk_wiz:6.0-1] /clk_wiz_0 clk_wiz propagate
WARNING: [BD 41-1271] The connection to the pin: /dvi2rgb_0/vid_pVDE has been overridden by the user. This pin will not be connected as a part of the interface connection: dvi2rgb_0_RGB 
WARNING: [BD 41-1271] The connection to the pin: /dvi2rgb_0/vid_pData has been overridden by the user. This pin will not be connected as a part of the interface connection: dvi2rgb_0_RGB 
WARNING: [BD 41-1271] The connection to the pin: /dvi2rgb_0/vid_pHSync has been overridden by the user. This pin will not be connected as a part of the interface connection: dvi2rgb_0_RGB 
WARNING: [BD 41-1271] The connection to the pin: /dvi2rgb_0/vid_pVSync has been overridden by the user. This pin will not be connected as a part of the interface connection: dvi2rgb_0_RGB 
Wrote  : <D:\Kuba\studia\semestr VI\SR\Lab_6\hdmi_zybo_centroid\hdmi_vga_zybo_YCbCr_centroid.srcs\sources_1\bd\hdmi_vga\hdmi_vga.bd> 
Verilog Output written to : d:/Kuba/studia/semestr VI/SR/Lab_6/hdmi_zybo_centroid/hdmi_vga_zybo_YCbCr_centroid.gen/sources_1/bd/hdmi_vga/synth/hdmi_vga.v
Verilog Output written to : d:/Kuba/studia/semestr VI/SR/Lab_6/hdmi_zybo_centroid/hdmi_vga_zybo_YCbCr_centroid.gen/sources_1/bd/hdmi_vga/sim/hdmi_vga.v
Verilog Output written to : d:/Kuba/studia/semestr VI/SR/Lab_6/hdmi_zybo_centroid/hdmi_vga_zybo_YCbCr_centroid.gen/sources_1/bd/hdmi_vga/hdl/hdmi_vga_wrapper.v
Exporting to file d:/Kuba/studia/semestr VI/SR/Lab_6/hdmi_zybo_centroid/hdmi_vga_zybo_YCbCr_centroid.gen/sources_1/bd/hdmi_vga/hw_handoff/hdmi_vga.hwh
Generated Hardware Definition File d:/Kuba/studia/semestr VI/SR/Lab_6/hdmi_zybo_centroid/hdmi_vga_zybo_YCbCr_centroid.gen/sources_1/bd/hdmi_vga/synth/hdmi_vga.hwdef
[Tue May 14 10:20:15 2024] Launched synth_1...
Run output will be captured here: D:/Kuba/studia/semestr VI/SR/Lab_6/hdmi_zybo_centroid/hdmi_vga_zybo_YCbCr_centroid.runs/synth_1/runme.log
[Tue May 14 10:20:15 2024] Launched impl_1...
Run output will be captured here: D:/Kuba/studia/semestr VI/SR/Lab_6/hdmi_zybo_centroid/hdmi_vga_zybo_YCbCr_centroid.runs/impl_1/runme.log
launch_runs: Time (s): cpu = 00:00:06 ; elapsed = 00:00:08 . Memory (MB): peak = 1969.707 ; gain = 259.055
launch_runs impl_1 -to_step write_bitstream -jobs 2
INFO: [Vivado 12-4149] The synthesis checkpoint for IP 'D:/Kuba/studia/semestr VI/SR/Lab_6/hdmi_zybo_centroid/hdmi_vga_zybo_YCbCr_centroid.srcs/sources_1/ip/add/add.xci' is already up-to-date
INFO: [Vivado 12-4149] The synthesis checkpoint for IP 'D:/Kuba/studia/semestr VI/SR/Lab_6/hdmi_zybo_centroid/hdmi_vga_zybo_YCbCr_centroid.srcs/sources_1/ip/divider_32_20_0/divider_32_20_0.xci' is already up-to-date
INFO: [Vivado 12-4149] The synthesis checkpoint for IP 'D:/Kuba/studia/semestr VI/SR/Lab_6/hdmi_zybo_centroid/hdmi_vga_zybo_YCbCr_centroid.srcs/sources_1/ip/rgb2ycbcr_0_1/rgb2ycbcr_0.xci' is already up-to-date
INFO: [Vivado 12-4149] The synthesis checkpoint for IP 'D:/Kuba/studia/semestr VI/SR/Lab_6/hdmi_zybo_centroid/hdmi_vga_zybo_YCbCr_centroid.srcs/sources_1/ip/add/add.xci' is already up-to-date
[Tue May 14 10:28:14 2024] Launched impl_1...
Run output will be captured here: D:/Kuba/studia/semestr VI/SR/Lab_6/hdmi_zybo_centroid/hdmi_vga_zybo_YCbCr_centroid.runs/impl_1/runme.log
open_hw_manager
connect_hw_server -allow_non_jtag
INFO: [Labtools 27-2285] Connecting to hw_server url TCP:localhost:3121
INFO: [Labtools 27-2222] Launching hw_server...
INFO: [Labtools 27-2221] Launch Output:
ECHO is off.
ECHO is off.

****** Xilinx hw_server v2023.2
  **** Build date : Oct 13 2023 at 21:31:40
    ** Copyright 1986-2022 Xilinx, Inc. All Rights Reserved.


INFO: [Labtools 27-3415] Connecting to cs_server url TCP:localhost:0
INFO: [Labtools 27-3417] Launching cs_server...
INFO: [Labtools 27-2221] Launch Output:
ECHO is off.
ECHO is off.


******** Xilinx cs_server v2023.2.0
  ****** Build date   : Oct 10 2023-06:01:56
    **** Build number : 2023.2.1696910516
      ** Copyright 2017-2022 Xilinx, Inc. All Rights Reserved.
      ** Copyright 2022-2024 Advanced Micro Devices, Inc. All Rights Reserved.



connect_hw_server: Time (s): cpu = 00:00:01 ; elapsed = 00:00:09 . Memory (MB): peak = 1986.000 ; gain = 11.590
open_hw_target
INFO: [Labtoolstcl 44-466] Opening hw_target localhost:3121/xilinx_tcf/Digilent/210279786410A
set_property PROGRAM.FILE {D:/Kuba/studia/semestr VI/SR/Lab_6/hdmi_zybo_centroid/hdmi_vga_zybo_YCbCr_centroid.runs/impl_1/hdmi_vga_wrapper.bit} [get_hw_devices xc7z010_1]
set_property PROBES.FILE {D:/Kuba/studia/semestr VI/SR/Lab_6/hdmi_zybo_centroid/hdmi_vga_zybo_YCbCr_centroid.runs/impl_1/hdmi_vga_wrapper.ltx} [get_hw_devices xc7z010_1]
set_property FULL_PROBES.FILE {D:/Kuba/studia/semestr VI/SR/Lab_6/hdmi_zybo_centroid/hdmi_vga_zybo_YCbCr_centroid.runs/impl_1/hdmi_vga_wrapper.ltx} [get_hw_devices xc7z010_1]
current_hw_device [get_hw_devices xc7z010_1]
refresh_hw_device [lindex [get_hw_devices xc7z010_1] 0]
INFO: [Labtools 27-1434] Device xc7z010 (JTAG device index = 1) is programmed with a design that has no supported debug core(s) in it.
WARNING: [Labtools 27-3361] The debug hub core was not detected.
Resolution: 
1. Make sure the clock connected to the debug hub (dbg_hub) core is a free running clock and is active.
2. Make sure the BSCAN_SWITCH_USER_MASK device property in Vivado Hardware Manager reflects the user scan chain setting in the design and refresh the device.  To determine the user scan chain setting in the design, open the implemented design and use 'get_property C_USER_SCAN_CHAIN [get_debug_cores dbg_hub]'.
For more details on setting the scan chain property, consult the Vivado Debug and Programming User Guide (UG908).
WARNING: [Labtools 27-3413] Dropping logic core with cellname:'hdmi_vga_i/dvi2rgb_0/U0/GenerateDebug.ILA_RefClkx' at location 'uuid_88F563CD4E15519CB3CD92BFBA70CAFB' from probes file, since it cannot be found on the programmed device.
WARNING: [Labtools 27-3413] Dropping logic core with cellname:'hdmi_vga_i/dvi2rgb_0/U0/GenerateDebug.ILA_PixClkx' at location 'uuid_F7BE00E08DD05D1187F83AC9DDE6E10D' from probes file, since it cannot be found on the programmed device.
set_property PROBES.FILE {D:/Kuba/studia/semestr VI/SR/Lab_6/hdmi_zybo_centroid/hdmi_vga_zybo_YCbCr_centroid.runs/impl_1/hdmi_vga_wrapper.ltx} [get_hw_devices xc7z010_1]
set_property FULL_PROBES.FILE {D:/Kuba/studia/semestr VI/SR/Lab_6/hdmi_zybo_centroid/hdmi_vga_zybo_YCbCr_centroid.runs/impl_1/hdmi_vga_wrapper.ltx} [get_hw_devices xc7z010_1]
set_property PROGRAM.FILE {D:/Kuba/studia/semestr VI/SR/Lab_6/hdmi_zybo_centroid/hdmi_vga_zybo_YCbCr_centroid.runs/impl_1/hdmi_vga_wrapper.bit} [get_hw_devices xc7z010_1]
program_hw_devices [get_hw_devices xc7z010_1]
INFO: [Labtools 27-3164] End of startup status: HIGH
refresh_hw_device [lindex [get_hw_devices xc7z010_1] 0]
INFO: [Labtools 27-2302] Device xc7z010 (JTAG device index = 1) is programmed with a design that has 2 ILA core(s).
refresh_hw_device: Time (s): cpu = 00:00:07 ; elapsed = 00:00:05 . Memory (MB): peak = 2055.059 ; gain = 26.566
display_hw_ila_data [ get_hw_ila_data hw_ila_data_1 -of_objects [get_hw_ilas -of_objects [get_hw_devices xc7z010_1] -filter {CELL_NAME=~"hdmi_vga_i/dvi2rgb_0/U0/GenerateDebug.ILA_PixClkx"}]]
display_hw_ila_data [ get_hw_ila_data hw_ila_data_2 -of_objects [get_hw_ilas -of_objects [get_hw_devices xc7z010_1] -filter {CELL_NAME=~"hdmi_vga_i/dvi2rgb_0/U0/GenerateDebug.ILA_RefClkx"}]]
WARNING: [filemgmt 56-199] Attempt to get parsing info during refresh. "On-the-fly" syntax checking information may be incorrect. [D:\Kuba\studia\semestr VI\SR\Lab_6\hdmi_zybo_centroid\hdmi_vga_zybo_YCbCr_centroid.srcs\sources_1\new\vis_centroid.v:]
WARNING: [filemgmt 56-199] Attempt to get parsing info during refresh. "On-the-fly" syntax checking information may be incorrect. [D:\Kuba\studia\semestr VI\SR\Lab_6\hdmi_zybo_centroid\hdmi_vga_zybo_YCbCr_centroid.srcs\sources_1\new\centroid.v:]
ERROR: [Common 17-180] Spawn failed: No error
WARNING: [filemgmt 56-199] Attempt to get parsing info during refresh. "On-the-fly" syntax checking information may be incorrect. [D:\Kuba\studia\semestr VI\SR\Lab_6\hdmi_zybo_centroid\hdmi_vga_zybo_YCbCr_centroid.srcs\sources_1\new\vis_centroid.v:]
WARNING: [filemgmt 56-199] Attempt to get parsing info during refresh. "On-the-fly" syntax checking information may be incorrect. [D:\Kuba\studia\semestr VI\SR\Lab_6\hdmi_zybo_centroid\hdmi_vga_zybo_YCbCr_centroid.srcs\sources_1\new\progowanie.v:]
WARNING: [filemgmt 56-199] Attempt to get parsing info during refresh. "On-the-fly" syntax checking information may be incorrect. [D:\Kuba\studia\semestr VI\SR\Lab_6\hdmi_zybo_centroid\hdmi_vga_zybo_YCbCr_centroid.srcs\sources_1\new\centroid.v:]
reset_run synth_1
INFO: [Project 1-1161] Replacing file D:/Kuba/studia/semestr VI/SR/Lab_6/hdmi_zybo_centroid/hdmi_vga_zybo_YCbCr_centroid.srcs/utils_1/imports/synth_1/vp.dcp with file D:/Kuba/studia/semestr VI/SR/Lab_6/hdmi_zybo_centroid/hdmi_vga_zybo_YCbCr_centroid.runs/synth_1/hdmi_vga_wrapper.dcp
WARNING: [Vivado 12-1017] Problems encountered:
1. Failed to delete one or more files in run directory D:/Kuba/studia/semestr VI/SR/Lab_6/hdmi_zybo_centroid/hdmi_vga_zybo_YCbCr_centroid.runs/synth_1

launch_runs impl_1 -jobs 2
INFO: [Vivado 12-4149] The synthesis checkpoint for IP 'D:/Kuba/studia/semestr VI/SR/Lab_6/hdmi_zybo_centroid/hdmi_vga_zybo_YCbCr_centroid.srcs/sources_1/ip/add/add.xci' is already up-to-date
INFO: [Vivado 12-4149] The synthesis checkpoint for IP 'D:/Kuba/studia/semestr VI/SR/Lab_6/hdmi_zybo_centroid/hdmi_vga_zybo_YCbCr_centroid.srcs/sources_1/ip/divider_32_20_0/divider_32_20_0.xci' is already up-to-date
INFO: [Vivado 12-4149] The synthesis checkpoint for IP 'D:/Kuba/studia/semestr VI/SR/Lab_6/hdmi_zybo_centroid/hdmi_vga_zybo_YCbCr_centroid.srcs/sources_1/ip/rgb2ycbcr_0_1/rgb2ycbcr_0.xci' is already up-to-date
INFO: [Vivado 12-4149] The synthesis checkpoint for IP 'D:/Kuba/studia/semestr VI/SR/Lab_6/hdmi_zybo_centroid/hdmi_vga_zybo_YCbCr_centroid.srcs/sources_1/ip/add/add.xci' is already up-to-date
WARNING: [filemgmt 56-199] Attempt to get parsing info during refresh. "On-the-fly" syntax checking information may be incorrect. [D:\Kuba\studia\semestr VI\SR\Lab_6\hdmi_zybo_centroid\hdmi_vga_zybo_YCbCr_centroid.srcs\sources_1\new\vis_centroid.v:]
WARNING: [filemgmt 56-199] Attempt to get parsing info during refresh. "On-the-fly" syntax checking information may be incorrect. [D:\Kuba\studia\semestr VI\SR\Lab_6\hdmi_zybo_centroid\hdmi_vga_zybo_YCbCr_centroid.srcs\sources_1\new\progowanie.v:]
WARNING: [filemgmt 56-199] Attempt to get parsing info during refresh. "On-the-fly" syntax checking information may be incorrect. [D:\Kuba\studia\semestr VI\SR\Lab_6\hdmi_zybo_centroid\hdmi_vga_zybo_YCbCr_centroid.srcs\sources_1\new\centroid.v:]
[Tue May 14 10:37:50 2024] Launched synth_1...
Run output will be captured here: D:/Kuba/studia/semestr VI/SR/Lab_6/hdmi_zybo_centroid/hdmi_vga_zybo_YCbCr_centroid.runs/synth_1/runme.log
[Tue May 14 10:37:50 2024] Launched impl_1...
Run output will be captured here: D:/Kuba/studia/semestr VI/SR/Lab_6/hdmi_zybo_centroid/hdmi_vga_zybo_YCbCr_centroid.runs/impl_1/runme.log
launch_runs impl_1 -to_step write_bitstream -jobs 2
INFO: [Vivado 12-4149] The synthesis checkpoint for IP 'D:/Kuba/studia/semestr VI/SR/Lab_6/hdmi_zybo_centroid/hdmi_vga_zybo_YCbCr_centroid.srcs/sources_1/ip/add/add.xci' is already up-to-date
INFO: [Vivado 12-4149] The synthesis checkpoint for IP 'D:/Kuba/studia/semestr VI/SR/Lab_6/hdmi_zybo_centroid/hdmi_vga_zybo_YCbCr_centroid.srcs/sources_1/ip/divider_32_20_0/divider_32_20_0.xci' is already up-to-date
INFO: [Vivado 12-4149] The synthesis checkpoint for IP 'D:/Kuba/studia/semestr VI/SR/Lab_6/hdmi_zybo_centroid/hdmi_vga_zybo_YCbCr_centroid.srcs/sources_1/ip/rgb2ycbcr_0_1/rgb2ycbcr_0.xci' is already up-to-date
INFO: [Vivado 12-4149] The synthesis checkpoint for IP 'D:/Kuba/studia/semestr VI/SR/Lab_6/hdmi_zybo_centroid/hdmi_vga_zybo_YCbCr_centroid.srcs/sources_1/ip/add/add.xci' is already up-to-date
[Tue May 14 10:46:28 2024] Launched impl_1...
Run output will be captured here: D:/Kuba/studia/semestr VI/SR/Lab_6/hdmi_zybo_centroid/hdmi_vga_zybo_YCbCr_centroid.runs/impl_1/runme.log
set_property PROBES.FILE {D:/Kuba/studia/semestr VI/SR/Lab_6/hdmi_zybo_centroid/hdmi_vga_zybo_YCbCr_centroid.runs/impl_1/hdmi_vga_wrapper.ltx} [get_hw_devices xc7z010_1]
set_property FULL_PROBES.FILE {D:/Kuba/studia/semestr VI/SR/Lab_6/hdmi_zybo_centroid/hdmi_vga_zybo_YCbCr_centroid.runs/impl_1/hdmi_vga_wrapper.ltx} [get_hw_devices xc7z010_1]
set_property PROGRAM.FILE {D:/Kuba/studia/semestr VI/SR/Lab_6/hdmi_zybo_centroid/hdmi_vga_zybo_YCbCr_centroid.runs/impl_1/hdmi_vga_wrapper.bit} [get_hw_devices xc7z010_1]
program_hw_devices [get_hw_devices xc7z010_1]
INFO: [Labtools 27-3164] End of startup status: HIGH
refresh_hw_device [lindex [get_hw_devices xc7z010_1] 0]
INFO: [Labtools 27-2302] Device xc7z010 (JTAG device index = 1) is programmed with a design that has 2 ILA core(s).
open_bd_design {D:/Kuba/studia/semestr VI/SR/Lab_6/hdmi_zybo_centroid/hdmi_vga_zybo_YCbCr_centroid.srcs/sources_1/bd/hdmi_vga/hdmi_vga.bd}
open_bd_design {D:/Kuba/studia/semestr VI/SR/Lab_6/hdmi_zybo_centroid/hdmi_vga_zybo_YCbCr_centroid.srcs/sources_1/bd/hdmi_vga/hdmi_vga.bd}
delete_bd_objs [get_bd_intf_nets dvi2rgb_0_RGB]
regenerate_bd_layout
WARNING: [filemgmt 56-199] Attempt to get parsing info during refresh. "On-the-fly" syntax checking information may be incorrect. [D:\Kuba\studia\semestr VI\SR\Lab_6\hdmi_zybo_centroid\hdmi_vga_zybo_YCbCr_centroid.srcs\sources_1\new\vis_centroid.v:]
WARNING: [filemgmt 56-199] Attempt to get parsing info during refresh. "On-the-fly" syntax checking information may be incorrect. [D:\Kuba\studia\semestr VI\SR\Lab_6\hdmi_zybo_centroid\hdmi_vga_zybo_YCbCr_centroid.srcs\sources_1\new\progowanie.v:]
WARNING: [filemgmt 56-199] Attempt to get parsing info during refresh. "On-the-fly" syntax checking information may be incorrect. [D:\Kuba\studia\semestr VI\SR\Lab_6\hdmi_zybo_centroid\hdmi_vga_zybo_YCbCr_centroid.srcs\sources_1\new\vp.v:]
WARNING: [filemgmt 56-199] Attempt to get parsing info during refresh. "On-the-fly" syntax checking information may be incorrect. [D:\Kuba\studia\semestr VI\SR\Lab_6\hdmi_zybo_centroid\hdmi_vga_zybo_YCbCr_centroid.srcs\sources_1\new\centroid.v:]
WARNING: [filemgmt 56-199] Attempt to get parsing info during refresh. "On-the-fly" syntax checking information may be incorrect. [D:\Kuba\studia\semestr VI\SR\Lab_6\hdmi_zybo_centroid\hdmi_vga_zybo_YCbCr_centroid.srcs\sources_1\new\vis_centroid.v:]
WARNING: [filemgmt 56-199] Attempt to get parsing info during refresh. "On-the-fly" syntax checking information may be incorrect. [D:\Kuba\studia\semestr VI\SR\Lab_6\hdmi_zybo_centroid\hdmi_vga_zybo_YCbCr_centroid.srcs\sources_1\new\progowanie.v:]
WARNING: [filemgmt 56-199] Attempt to get parsing info during refresh. "On-the-fly" syntax checking information may be incorrect. [D:\Kuba\studia\semestr VI\SR\Lab_6\hdmi_zybo_centroid\hdmi_vga_zybo_YCbCr_centroid.srcs\sources_1\new\vp.v:]
WARNING: [filemgmt 56-199] Attempt to get parsing info during refresh. "On-the-fly" syntax checking information may be incorrect. [D:\Kuba\studia\semestr VI\SR\Lab_6\hdmi_zybo_centroid\hdmi_vga_zybo_YCbCr_centroid.srcs\sources_1\new\centroid.v:]
ERROR: [Common 17-180] Spawn failed: No error
ERROR: [Common 17-180] Spawn failed: No error
update_module_reference hdmi_vga_vp_0_0
INFO: [IP_Flow 19-5107] Inferred bus interface 'clk' of definition 'xilinx.com:signal:clock:1.0' (from Xilinx Repository).
WARNING: [IP_Flow 19-5661] Bus Interface 'clk' does not have any bus interfaces associated with it.
WARNING: [IP_Flow 19-11770] Clock interface 'clk' has no FREQ_HZ parameter.
INFO: [IP_Flow 19-5107] Inferred bus interface 'clk' of definition 'xilinx.com:signal:clock:1.0' (from Xilinx Repository).
WARNING: [IP_Flow 19-5661] Bus Interface 'clk' does not have any bus interfaces associated with it.
WARNING: [IP_Flow 19-11770] Clock interface 'clk' has no FREQ_HZ parameter.
Upgrading 'D:/Kuba/studia/semestr VI/SR/Lab_6/hdmi_zybo_centroid/hdmi_vga_zybo_YCbCr_centroid.srcs/sources_1/bd/hdmi_vga/hdmi_vga.bd'
WARNING: [Vivado 12-1017] Problems encountered:
1. Failed to delete one or more files in run directory D:/Kuba/studia/semestr VI/SR/Lab_6/hdmi_zybo_centroid/hdmi_vga_zybo_YCbCr_centroid.runs/hdmi_vga_vp_0_0_synth_1

INFO: [IP_Flow 19-3420] Updated hdmi_vga_vp_0_0 to use current project options
Wrote  : <D:\Kuba\studia\semestr VI\SR\Lab_6\hdmi_zybo_centroid\hdmi_vga_zybo_YCbCr_centroid.srcs\sources_1\bd\hdmi_vga\hdmi_vga.bd> 
Wrote  : <D:/Kuba/studia/semestr VI/SR/Lab_6/hdmi_zybo_centroid/hdmi_vga_zybo_YCbCr_centroid.srcs/sources_1/bd/hdmi_vga/ui/bd_390e6c89.ui> 
generate_target all [get_files  {{D:/Kuba/studia/semestr VI/SR/Lab_6/hdmi_zybo_centroid/hdmi_vga_zybo_YCbCr_centroid.srcs/sources_1/bd/hdmi_vga/hdmi_vga.bd}}]
INFO: [xilinx.com:ip:clk_wiz:6.0-1] /clk_wiz_0 clk_wiz propagate
Wrote  : <D:\Kuba\studia\semestr VI\SR\Lab_6\hdmi_zybo_centroid\hdmi_vga_zybo_YCbCr_centroid.srcs\sources_1\bd\hdmi_vga\hdmi_vga.bd> 
Verilog Output written to : d:/Kuba/studia/semestr VI/SR/Lab_6/hdmi_zybo_centroid/hdmi_vga_zybo_YCbCr_centroid.gen/sources_1/bd/hdmi_vga/synth/hdmi_vga.v
Verilog Output written to : d:/Kuba/studia/semestr VI/SR/Lab_6/hdmi_zybo_centroid/hdmi_vga_zybo_YCbCr_centroid.gen/sources_1/bd/hdmi_vga/sim/hdmi_vga.v
Verilog Output written to : d:/Kuba/studia/semestr VI/SR/Lab_6/hdmi_zybo_centroid/hdmi_vga_zybo_YCbCr_centroid.gen/sources_1/bd/hdmi_vga/hdl/hdmi_vga_wrapper.v
INFO: [BD 41-1029] Generation completed for the IP Integrator block vp_0 .
Exporting to file d:/Kuba/studia/semestr VI/SR/Lab_6/hdmi_zybo_centroid/hdmi_vga_zybo_YCbCr_centroid.gen/sources_1/bd/hdmi_vga/hw_handoff/hdmi_vga.hwh
Generated Hardware Definition File d:/Kuba/studia/semestr VI/SR/Lab_6/hdmi_zybo_centroid/hdmi_vga_zybo_YCbCr_centroid.gen/sources_1/bd/hdmi_vga/synth/hdmi_vga.hwdef
export_ip_user_files -of_objects [get_files {{D:/Kuba/studia/semestr VI/SR/Lab_6/hdmi_zybo_centroid/hdmi_vga_zybo_YCbCr_centroid.srcs/sources_1/bd/hdmi_vga/hdmi_vga.bd}}] -no_script -sync -force -quiet
create_ip_run [get_files -of_objects [get_fileset sources_1] {{D:/Kuba/studia/semestr VI/SR/Lab_6/hdmi_zybo_centroid/hdmi_vga_zybo_YCbCr_centroid.srcs/sources_1/bd/hdmi_vga/hdmi_vga.bd}}]
launch_runs hdmi_vga_vp_0_0_synth_1 -jobs 2
INFO: [Vivado 12-4149] The synthesis checkpoint for IP 'D:/Kuba/studia/semestr VI/SR/Lab_6/hdmi_zybo_centroid/hdmi_vga_zybo_YCbCr_centroid.srcs/sources_1/ip/divider_32_20_0/divider_32_20_0.xci' is already up-to-date
INFO: [Vivado 12-4149] The synthesis checkpoint for IP 'D:/Kuba/studia/semestr VI/SR/Lab_6/hdmi_zybo_centroid/hdmi_vga_zybo_YCbCr_centroid.srcs/sources_1/ip/rgb2ycbcr_0_1/rgb2ycbcr_0.xci' is already up-to-date
INFO: [Vivado 12-4149] The synthesis checkpoint for IP 'D:/Kuba/studia/semestr VI/SR/Lab_6/hdmi_zybo_centroid/hdmi_vga_zybo_YCbCr_centroid.srcs/sources_1/ip/add/add.xci' is already up-to-date
[Tue May 14 10:55:14 2024] Launched hdmi_vga_vp_0_0_synth_1...
Run output will be captured here: D:/Kuba/studia/semestr VI/SR/Lab_6/hdmi_zybo_centroid/hdmi_vga_zybo_YCbCr_centroid.runs/hdmi_vga_vp_0_0_synth_1/runme.log
export_simulation -of_objects [get_files {{D:/Kuba/studia/semestr VI/SR/Lab_6/hdmi_zybo_centroid/hdmi_vga_zybo_YCbCr_centroid.srcs/sources_1/bd/hdmi_vga/hdmi_vga.bd}}] -directory {D:/Kuba/studia/semestr VI/SR/Lab_6/hdmi_zybo_centroid/hdmi_vga_zybo_YCbCr_centroid.ip_user_files/sim_scripts} -ip_user_files_dir {D:/Kuba/studia/semestr VI/SR/Lab_6/hdmi_zybo_centroid/hdmi_vga_zybo_YCbCr_centroid.ip_user_files} -ipstatic_source_dir {D:/Kuba/studia/semestr VI/SR/Lab_6/hdmi_zybo_centroid/hdmi_vga_zybo_YCbCr_centroid.ip_user_files/ipstatic} -lib_map_path [list {modelsim=D:/Kuba/studia/semestr VI/SR/Lab_6/hdmi_zybo_centroid/hdmi_vga_zybo_YCbCr_centroid.cache/compile_simlib/modelsim} {questa=D:/Kuba/studia/semestr VI/SR/Lab_6/hdmi_zybo_centroid/hdmi_vga_zybo_YCbCr_centroid.cache/compile_simlib/questa} {riviera=D:/Kuba/studia/semestr VI/SR/Lab_6/hdmi_zybo_centroid/hdmi_vga_zybo_YCbCr_centroid.cache/compile_simlib/riviera} {activehdl=D:/Kuba/studia/semestr VI/SR/Lab_6/hdmi_zybo_centroid/hdmi_vga_zybo_YCbCr_centroid.cache/compile_simlib/activehdl}] -use_ip_compiled_libs -force -quiet
WARNING: [filemgmt 56-199] Attempt to get parsing info during refresh. "On-the-fly" syntax checking information may be incorrect. [D:\Kuba\studia\semestr VI\SR\Lab_6\hdmi_zybo_centroid\hdmi_vga_zybo_YCbCr_centroid.srcs\sources_1\new\vis_centroid.v:]
WARNING: [filemgmt 56-199] Attempt to get parsing info during refresh. "On-the-fly" syntax checking information may be incorrect. [D:\Kuba\studia\semestr VI\SR\Lab_6\hdmi_zybo_centroid\hdmi_vga_zybo_YCbCr_centroid.srcs\sources_1\new\progowanie.v:]
WARNING: [filemgmt 56-199] Attempt to get parsing info during refresh. "On-the-fly" syntax checking information may be incorrect. [D:\Kuba\studia\semestr VI\SR\Lab_6\hdmi_zybo_centroid\hdmi_vga_zybo_YCbCr_centroid.srcs\sources_1\new\vp.v:]
WARNING: [filemgmt 56-199] Attempt to get parsing info during refresh. "On-the-fly" syntax checking information may be incorrect. [D:\Kuba\studia\semestr VI\SR\Lab_6\hdmi_zybo_centroid\hdmi_vga_zybo_YCbCr_centroid.srcs\sources_1\new\centroid.v:]
WARNING: [filemgmt 56-199] Attempt to get parsing info during refresh. "On-the-fly" syntax checking information may be incorrect. [D:\Kuba\studia\semestr VI\SR\Lab_6\hdmi_zybo_centroid\hdmi_vga_zybo_YCbCr_centroid.srcs\sources_1\new\vis_centroid.v:]
WARNING: [filemgmt 56-199] Attempt to get parsing info during refresh. "On-the-fly" syntax checking information may be incorrect. [D:\Kuba\studia\semestr VI\SR\Lab_6\hdmi_zybo_centroid\hdmi_vga_zybo_YCbCr_centroid.srcs\sources_1\new\progowanie.v:]
WARNING: [filemgmt 56-199] Attempt to get parsing info during refresh. "On-the-fly" syntax checking information may be incorrect. [D:\Kuba\studia\semestr VI\SR\Lab_6\hdmi_zybo_centroid\hdmi_vga_zybo_YCbCr_centroid.srcs\sources_1\new\vp.v:]
WARNING: [filemgmt 56-199] Attempt to get parsing info during refresh. "On-the-fly" syntax checking information may be incorrect. [D:\Kuba\studia\semestr VI\SR\Lab_6\hdmi_zybo_centroid\hdmi_vga_zybo_YCbCr_centroid.srcs\sources_1\new\centroid.v:]
WARNING: [filemgmt 56-199] Attempt to get parsing info during refresh. "On-the-fly" syntax checking information may be incorrect. [D:\Kuba\studia\semestr VI\SR\Lab_6\hdmi_zybo_centroid\hdmi_vga_zybo_YCbCr_centroid.srcs\sources_1\new\vis_centroid.v:]
WARNING: [filemgmt 56-199] Attempt to get parsing info during refresh. "On-the-fly" syntax checking information may be incorrect. [D:\Kuba\studia\semestr VI\SR\Lab_6\hdmi_zybo_centroid\hdmi_vga_zybo_YCbCr_centroid.srcs\sources_1\new\progowanie.v:]
WARNING: [filemgmt 56-199] Attempt to get parsing info during refresh. "On-the-fly" syntax checking information may be incorrect. [D:\Kuba\studia\semestr VI\SR\Lab_6\hdmi_zybo_centroid\hdmi_vga_zybo_YCbCr_centroid.srcs\sources_1\new\vp.v:]
WARNING: [filemgmt 56-199] Attempt to get parsing info during refresh. "On-the-fly" syntax checking information may be incorrect. [D:\Kuba\studia\semestr VI\SR\Lab_6\hdmi_zybo_centroid\hdmi_vga_zybo_YCbCr_centroid.srcs\sources_1\new\centroid.v:]
WARNING: [filemgmt 56-199] Attempt to get parsing info during refresh. "On-the-fly" syntax checking information may be incorrect. [D:\Kuba\studia\semestr VI\SR\Lab_6\hdmi_zybo_centroid\hdmi_vga_zybo_YCbCr_centroid.srcs\sources_1\new\vis_centroid.v:]
WARNING: [filemgmt 56-199] Attempt to get parsing info during refresh. "On-the-fly" syntax checking information may be incorrect. [D:\Kuba\studia\semestr VI\SR\Lab_6\hdmi_zybo_centroid\hdmi_vga_zybo_YCbCr_centroid.srcs\sources_1\new\progowanie.v:]
WARNING: [filemgmt 56-199] Attempt to get parsing info during refresh. "On-the-fly" syntax checking information may be incorrect. [D:\Kuba\studia\semestr VI\SR\Lab_6\hdmi_zybo_centroid\hdmi_vga_zybo_YCbCr_centroid.srcs\sources_1\new\vp.v:]
WARNING: [filemgmt 56-199] Attempt to get parsing info during refresh. "On-the-fly" syntax checking information may be incorrect. [D:\Kuba\studia\semestr VI\SR\Lab_6\hdmi_zybo_centroid\hdmi_vga_zybo_YCbCr_centroid.srcs\sources_1\new\centroid.v:]
WARNING: [filemgmt 56-199] Attempt to get parsing info during refresh. "On-the-fly" syntax checking information may be incorrect. [D:\Kuba\studia\semestr VI\SR\Lab_6\hdmi_zybo_centroid\hdmi_vga_zybo_YCbCr_centroid.srcs\sources_1\new\vis_centroid.v:]
WARNING: [filemgmt 56-199] Attempt to get parsing info during refresh. "On-the-fly" syntax checking information may be incorrect. [D:\Kuba\studia\semestr VI\SR\Lab_6\hdmi_zybo_centroid\hdmi_vga_zybo_YCbCr_centroid.srcs\sources_1\new\progowanie.v:]
WARNING: [filemgmt 56-199] Attempt to get parsing info during refresh. "On-the-fly" syntax checking information may be incorrect. [D:\Kuba\studia\semestr VI\SR\Lab_6\hdmi_zybo_centroid\hdmi_vga_zybo_YCbCr_centroid.srcs\sources_1\new\vp.v:]
WARNING: [filemgmt 56-199] Attempt to get parsing info during refresh. "On-the-fly" syntax checking information may be incorrect. [D:\Kuba\studia\semestr VI\SR\Lab_6\hdmi_zybo_centroid\hdmi_vga_zybo_YCbCr_centroid.srcs\sources_1\new\centroid.v:]
ERROR: [Common 17-180] Spawn failed: No error
WARNING: [filemgmt 56-199] Attempt to get parsing info during refresh. "On-the-fly" syntax checking information may be incorrect. [D:\Kuba\studia\semestr VI\SR\Lab_6\hdmi_zybo_centroid\hdmi_vga_zybo_YCbCr_centroid.srcs\sources_1\new\vis_centroid.v:]
WARNING: [filemgmt 56-199] Attempt to get parsing info during refresh. "On-the-fly" syntax checking information may be incorrect. [D:\Kuba\studia\semestr VI\SR\Lab_6\hdmi_zybo_centroid\hdmi_vga_zybo_YCbCr_centroid.srcs\sources_1\new\progowanie.v:]
WARNING: [filemgmt 56-199] Attempt to get parsing info during refresh. "On-the-fly" syntax checking information may be incorrect. [D:\Kuba\studia\semestr VI\SR\Lab_6\hdmi_zybo_centroid\hdmi_vga_zybo_YCbCr_centroid.srcs\sources_1\new\vp.v:]
WARNING: [filemgmt 56-199] Attempt to get parsing info during refresh. "On-the-fly" syntax checking information may be incorrect. [D:\Kuba\studia\semestr VI\SR\Lab_6\hdmi_zybo_centroid\hdmi_vga_zybo_YCbCr_centroid.srcs\sources_1\new\centroid.v:]
ERROR: [Common 17-180] Spawn failed: No error
reset_run synth_1
INFO: [Project 1-1161] Replacing file D:/Kuba/studia/semestr VI/SR/Lab_6/hdmi_zybo_centroid/hdmi_vga_zybo_YCbCr_centroid.srcs/utils_1/imports/synth_1/vp.dcp with file D:/Kuba/studia/semestr VI/SR/Lab_6/hdmi_zybo_centroid/hdmi_vga_zybo_YCbCr_centroid.runs/synth_1/hdmi_vga_wrapper.dcp
WARNING: [Vivado 12-1017] Problems encountered:
1. Failed to delete one or more files in run directory D:/Kuba/studia/semestr VI/SR/Lab_6/hdmi_zybo_centroid/hdmi_vga_zybo_YCbCr_centroid.runs/synth_1

WARNING: [filemgmt 56-199] Attempt to get parsing info during refresh. "On-the-fly" syntax checking information may be incorrect. [D:\Kuba\studia\semestr VI\SR\Lab_6\hdmi_zybo_centroid\hdmi_vga_zybo_YCbCr_centroid.srcs\sources_1\new\vis_centroid.v:]
WARNING: [filemgmt 56-199] Attempt to get parsing info during refresh. "On-the-fly" syntax checking information may be incorrect. [D:\Kuba\studia\semestr VI\SR\Lab_6\hdmi_zybo_centroid\hdmi_vga_zybo_YCbCr_centroid.srcs\sources_1\new\progowanie.v:]
WARNING: [filemgmt 56-199] Attempt to get parsing info during refresh. "On-the-fly" syntax checking information may be incorrect. [D:\Kuba\studia\semestr VI\SR\Lab_6\hdmi_zybo_centroid\hdmi_vga_zybo_YCbCr_centroid.srcs\sources_1\new\vp.v:]
WARNING: [filemgmt 56-199] Attempt to get parsing info during refresh. "On-the-fly" syntax checking information may be incorrect. [D:\Kuba\studia\semestr VI\SR\Lab_6\hdmi_zybo_centroid\hdmi_vga_zybo_YCbCr_centroid.srcs\sources_1\new\centroid.v:]
WARNING: [filemgmt 56-199] Attempt to get parsing info during refresh. "On-the-fly" syntax checking information may be incorrect. [D:\Kuba\studia\semestr VI\SR\Lab_6\hdmi_zybo_centroid\hdmi_vga_zybo_YCbCr_centroid.srcs\sources_1\new\vis_centroid.v:]
WARNING: [filemgmt 56-199] Attempt to get parsing info during refresh. "On-the-fly" syntax checking information may be incorrect. [D:\Kuba\studia\semestr VI\SR\Lab_6\hdmi_zybo_centroid\hdmi_vga_zybo_YCbCr_centroid.srcs\sources_1\new\progowanie.v:]
WARNING: [filemgmt 56-199] Attempt to get parsing info during refresh. "On-the-fly" syntax checking information may be incorrect. [D:\Kuba\studia\semestr VI\SR\Lab_6\hdmi_zybo_centroid\hdmi_vga_zybo_YCbCr_centroid.srcs\sources_1\new\vp.v:]
WARNING: [filemgmt 56-199] Attempt to get parsing info during refresh. "On-the-fly" syntax checking information may be incorrect. [D:\Kuba\studia\semestr VI\SR\Lab_6\hdmi_zybo_centroid\hdmi_vga_zybo_YCbCr_centroid.srcs\sources_1\new\centroid.v:]
launch_runs impl_1 -to_step write_bitstream -jobs 2
INFO: [Vivado 12-4149] The synthesis checkpoint for IP 'D:/Kuba/studia/semestr VI/SR/Lab_6/hdmi_zybo_centroid/hdmi_vga_zybo_YCbCr_centroid.srcs/sources_1/ip/add/add.xci' is already up-to-date
INFO: [Vivado 12-4149] The synthesis checkpoint for IP 'D:/Kuba/studia/semestr VI/SR/Lab_6/hdmi_zybo_centroid/hdmi_vga_zybo_YCbCr_centroid.srcs/sources_1/ip/divider_32_20_0/divider_32_20_0.xci' is already up-to-date
INFO: [Vivado 12-4149] The synthesis checkpoint for IP 'D:/Kuba/studia/semestr VI/SR/Lab_6/hdmi_zybo_centroid/hdmi_vga_zybo_YCbCr_centroid.srcs/sources_1/ip/rgb2ycbcr_0_1/rgb2ycbcr_0.xci' is already up-to-date
INFO: [Vivado 12-4149] The synthesis checkpoint for IP 'D:/Kuba/studia/semestr VI/SR/Lab_6/hdmi_zybo_centroid/hdmi_vga_zybo_YCbCr_centroid.srcs/sources_1/ip/add/add.xci' is already up-to-date
ERROR: [Common 17-180] Spawn failed: No error
WARNING: [filemgmt 56-199] Attempt to get parsing info during refresh. "On-the-fly" syntax checking information may be incorrect. [D:\Kuba\studia\semestr VI\SR\Lab_6\hdmi_zybo_centroid\hdmi_vga_zybo_YCbCr_centroid.srcs\sources_1\new\vis_centroid.v:]
WARNING: [filemgmt 56-199] Attempt to get parsing info during refresh. "On-the-fly" syntax checking information may be incorrect. [D:\Kuba\studia\semestr VI\SR\Lab_6\hdmi_zybo_centroid\hdmi_vga_zybo_YCbCr_centroid.srcs\sources_1\new\progowanie.v:]
WARNING: [filemgmt 56-199] Attempt to get parsing info during refresh. "On-the-fly" syntax checking information may be incorrect. [D:\Kuba\studia\semestr VI\SR\Lab_6\hdmi_zybo_centroid\hdmi_vga_zybo_YCbCr_centroid.srcs\sources_1\new\vp.v:]
WARNING: [filemgmt 56-199] Attempt to get parsing info during refresh. "On-the-fly" syntax checking information may be incorrect. [D:\Kuba\studia\semestr VI\SR\Lab_6\hdmi_zybo_centroid\hdmi_vga_zybo_YCbCr_centroid.srcs\sources_1\new\centroid.v:]
ERROR: [Common 17-180] Spawn failed: No error
[Tue May 14 10:56:52 2024] Launched synth_1...
Run output will be captured here: D:/Kuba/studia/semestr VI/SR/Lab_6/hdmi_zybo_centroid/hdmi_vga_zybo_YCbCr_centroid.runs/synth_1/runme.log
[Tue May 14 10:56:52 2024] Launched impl_1...
Run output will be captured here: D:/Kuba/studia/semestr VI/SR/Lab_6/hdmi_zybo_centroid/hdmi_vga_zybo_YCbCr_centroid.runs/impl_1/runme.log
ERROR: [Common 17-39] 'launch_runs' failed due to earlier errors.
set_property PROBES.FILE {D:/Kuba/studia/semestr VI/SR/Lab_6/hdmi_zybo_centroid/hdmi_vga_zybo_YCbCr_centroid.runs/impl_1/hdmi_vga_wrapper.ltx} [get_hw_devices xc7z010_1]
set_property FULL_PROBES.FILE {D:/Kuba/studia/semestr VI/SR/Lab_6/hdmi_zybo_centroid/hdmi_vga_zybo_YCbCr_centroid.runs/impl_1/hdmi_vga_wrapper.ltx} [get_hw_devices xc7z010_1]
set_property PROGRAM.FILE {D:/Kuba/studia/semestr VI/SR/Lab_6/hdmi_zybo_centroid/hdmi_vga_zybo_YCbCr_centroid.runs/impl_1/hdmi_vga_wrapper.bit} [get_hw_devices xc7z010_1]
program_hw_devices [get_hw_devices xc7z010_1]
INFO: [Labtools 27-3164] End of startup status: HIGH
refresh_hw_device [lindex [get_hw_devices xc7z010_1] 0]
INFO: [Labtools 27-2302] Device xc7z010 (JTAG device index = 1) is programmed with a design that has 2 ILA core(s).
WARNING: [filemgmt 56-199] Attempt to get parsing info during refresh. "On-the-fly" syntax checking information may be incorrect. [D:\Kuba\studia\semestr VI\SR\Lab_6\hdmi_zybo_centroid\hdmi_vga_zybo_YCbCr_centroid.srcs\sources_1\new\vis_centroid.v:]
WARNING: [filemgmt 56-199] Attempt to get parsing info during refresh. "On-the-fly" syntax checking information may be incorrect. [D:\Kuba\studia\semestr VI\SR\Lab_6\hdmi_zybo_centroid\hdmi_vga_zybo_YCbCr_centroid.srcs\sources_1\new\progowanie.v:]
WARNING: [filemgmt 56-199] Attempt to get parsing info during refresh. "On-the-fly" syntax checking information may be incorrect. [D:\Kuba\studia\semestr VI\SR\Lab_6\hdmi_zybo_centroid\hdmi_vga_zybo_YCbCr_centroid.srcs\sources_1\new\vp.v:]
WARNING: [filemgmt 56-199] Attempt to get parsing info during refresh. "On-the-fly" syntax checking information may be incorrect. [D:\Kuba\studia\semestr VI\SR\Lab_6\hdmi_zybo_centroid\hdmi_vga_zybo_YCbCr_centroid.srcs\sources_1\new\centroid.v:]
WARNING: [filemgmt 56-199] Attempt to get parsing info during refresh. "On-the-fly" syntax checking information may be incorrect. [D:\Kuba\studia\semestr VI\SR\Lab_6\hdmi_zybo_centroid\hdmi_vga_zybo_YCbCr_centroid.srcs\sources_1\new\vis_centroid.v:]
WARNING: [filemgmt 56-199] Attempt to get parsing info during refresh. "On-the-fly" syntax checking information may be incorrect. [D:\Kuba\studia\semestr VI\SR\Lab_6\hdmi_zybo_centroid\hdmi_vga_zybo_YCbCr_centroid.srcs\sources_1\new\progowanie.v:]
WARNING: [filemgmt 56-199] Attempt to get parsing info during refresh. "On-the-fly" syntax checking information may be incorrect. [D:\Kuba\studia\semestr VI\SR\Lab_6\hdmi_zybo_centroid\hdmi_vga_zybo_YCbCr_centroid.srcs\sources_1\new\vp.v:]
WARNING: [filemgmt 56-199] Attempt to get parsing info during refresh. "On-the-fly" syntax checking information may be incorrect. [D:\Kuba\studia\semestr VI\SR\Lab_6\hdmi_zybo_centroid\hdmi_vga_zybo_YCbCr_centroid.srcs\sources_1\new\centroid.v:]
WARNING: [filemgmt 56-199] Attempt to get parsing info during refresh. "On-the-fly" syntax checking information may be incorrect. [D:\Kuba\studia\semestr VI\SR\Lab_6\hdmi_zybo_centroid\hdmi_vga_zybo_YCbCr_centroid.srcs\sources_1\new\vis_centroid.v:]
WARNING: [filemgmt 56-199] Attempt to get parsing info during refresh. "On-the-fly" syntax checking information may be incorrect. [D:\Kuba\studia\semestr VI\SR\Lab_6\hdmi_zybo_centroid\hdmi_vga_zybo_YCbCr_centroid.srcs\sources_1\new\progowanie.v:]
WARNING: [filemgmt 56-199] Attempt to get parsing info during refresh. "On-the-fly" syntax checking information may be incorrect. [D:\Kuba\studia\semestr VI\SR\Lab_6\hdmi_zybo_centroid\hdmi_vga_zybo_YCbCr_centroid.srcs\sources_1\new\vp.v:]
WARNING: [filemgmt 56-199] Attempt to get parsing info during refresh. "On-the-fly" syntax checking information may be incorrect. [D:\Kuba\studia\semestr VI\SR\Lab_6\hdmi_zybo_centroid\hdmi_vga_zybo_YCbCr_centroid.srcs\sources_1\new\centroid.v:]
ERROR: [Common 17-180] Spawn failed: No error
reset_run synth_1
INFO: [Project 1-1161] Replacing file D:/Kuba/studia/semestr VI/SR/Lab_6/hdmi_zybo_centroid/hdmi_vga_zybo_YCbCr_centroid.srcs/utils_1/imports/synth_1/vp.dcp with file D:/Kuba/studia/semestr VI/SR/Lab_6/hdmi_zybo_centroid/hdmi_vga_zybo_YCbCr_centroid.runs/synth_1/hdmi_vga_wrapper.dcp
WARNING: [Vivado 12-1017] Problems encountered:
1. Failed to delete one or more files in run directory D:/Kuba/studia/semestr VI/SR/Lab_6/hdmi_zybo_centroid/hdmi_vga_zybo_YCbCr_centroid.runs/synth_1

launch_runs impl_1 -to_step write_bitstream -jobs 2
INFO: [Vivado 12-4149] The synthesis checkpoint for IP 'D:/Kuba/studia/semestr VI/SR/Lab_6/hdmi_zybo_centroid/hdmi_vga_zybo_YCbCr_centroid.srcs/sources_1/ip/add/add.xci' is already up-to-date
INFO: [Vivado 12-4149] The synthesis checkpoint for IP 'D:/Kuba/studia/semestr VI/SR/Lab_6/hdmi_zybo_centroid/hdmi_vga_zybo_YCbCr_centroid.srcs/sources_1/ip/divider_32_20_0/divider_32_20_0.xci' is already up-to-date
INFO: [Vivado 12-4149] The synthesis checkpoint for IP 'D:/Kuba/studia/semestr VI/SR/Lab_6/hdmi_zybo_centroid/hdmi_vga_zybo_YCbCr_centroid.srcs/sources_1/ip/rgb2ycbcr_0_1/rgb2ycbcr_0.xci' is already up-to-date
INFO: [Vivado 12-4149] The synthesis checkpoint for IP 'D:/Kuba/studia/semestr VI/SR/Lab_6/hdmi_zybo_centroid/hdmi_vga_zybo_YCbCr_centroid.srcs/sources_1/ip/add/add.xci' is already up-to-date
WARNING: [filemgmt 56-199] Attempt to get parsing info during refresh. "On-the-fly" syntax checking information may be incorrect. [D:\Kuba\studia\semestr VI\SR\Lab_6\hdmi_zybo_centroid\hdmi_vga_zybo_YCbCr_centroid.srcs\sources_1\new\vis_centroid.v:]
WARNING: [filemgmt 56-199] Attempt to get parsing info during refresh. "On-the-fly" syntax checking information may be incorrect. [D:\Kuba\studia\semestr VI\SR\Lab_6\hdmi_zybo_centroid\hdmi_vga_zybo_YCbCr_centroid.srcs\sources_1\new\progowanie.v:]
WARNING: [filemgmt 56-199] Attempt to get parsing info during refresh. "On-the-fly" syntax checking information may be incorrect. [D:\Kuba\studia\semestr VI\SR\Lab_6\hdmi_zybo_centroid\hdmi_vga_zybo_YCbCr_centroid.srcs\sources_1\new\vp.v:]
WARNING: [filemgmt 56-199] Attempt to get parsing info during refresh. "On-the-fly" syntax checking information may be incorrect. [D:\Kuba\studia\semestr VI\SR\Lab_6\hdmi_zybo_centroid\hdmi_vga_zybo_YCbCr_centroid.srcs\sources_1\new\centroid.v:]
WARNING: [filemgmt 56-199] Attempt to get parsing info during refresh. "On-the-fly" syntax checking information may be incorrect. [D:\Kuba\studia\semestr VI\SR\Lab_6\hdmi_zybo_centroid\hdmi_vga_zybo_YCbCr_centroid.srcs\sources_1\new\vis_centroid.v:]
WARNING: [filemgmt 56-199] Attempt to get parsing info during refresh. "On-the-fly" syntax checking information may be incorrect. [D:\Kuba\studia\semestr VI\SR\Lab_6\hdmi_zybo_centroid\hdmi_vga_zybo_YCbCr_centroid.srcs\sources_1\new\progowanie.v:]
WARNING: [filemgmt 56-199] Attempt to get parsing info during refresh. "On-the-fly" syntax checking information may be incorrect. [D:\Kuba\studia\semestr VI\SR\Lab_6\hdmi_zybo_centroid\hdmi_vga_zybo_YCbCr_centroid.srcs\sources_1\new\vp.v:]
WARNING: [filemgmt 56-199] Attempt to get parsing info during refresh. "On-the-fly" syntax checking information may be incorrect. [D:\Kuba\studia\semestr VI\SR\Lab_6\hdmi_zybo_centroid\hdmi_vga_zybo_YCbCr_centroid.srcs\sources_1\new\centroid.v:]
[Tue May 14 11:08:56 2024] Launched synth_1...
Run output will be captured here: D:/Kuba/studia/semestr VI/SR/Lab_6/hdmi_zybo_centroid/hdmi_vga_zybo_YCbCr_centroid.runs/synth_1/runme.log
[Tue May 14 11:08:56 2024] Launched impl_1...
Run output will be captured here: D:/Kuba/studia/semestr VI/SR/Lab_6/hdmi_zybo_centroid/hdmi_vga_zybo_YCbCr_centroid.runs/impl_1/runme.log
ERROR: [Common 17-180] Spawn failed: No error
WARNING: [filemgmt 56-199] Attempt to get parsing info during refresh. "On-the-fly" syntax checking information may be incorrect. [D:\Kuba\studia\semestr VI\SR\Lab_6\hdmi_zybo_centroid\hdmi_vga_zybo_YCbCr_centroid.srcs\sources_1\new\vis_centroid.v:]
WARNING: [filemgmt 56-199] Attempt to get parsing info during refresh. "On-the-fly" syntax checking information may be incorrect. [D:\Kuba\studia\semestr VI\SR\Lab_6\hdmi_zybo_centroid\hdmi_vga_zybo_YCbCr_centroid.srcs\sources_1\new\progowanie.v:]
WARNING: [filemgmt 56-199] Attempt to get parsing info during refresh. "On-the-fly" syntax checking information may be incorrect. [D:\Kuba\studia\semestr VI\SR\Lab_6\hdmi_zybo_centroid\hdmi_vga_zybo_YCbCr_centroid.srcs\sources_1\new\vp.v:]
WARNING: [filemgmt 56-199] Attempt to get parsing info during refresh. "On-the-fly" syntax checking information may be incorrect. [D:\Kuba\studia\semestr VI\SR\Lab_6\hdmi_zybo_centroid\hdmi_vga_zybo_YCbCr_centroid.srcs\sources_1\new\centroid.v:]
ERROR: [Common 17-180] Spawn failed: No error
set_property PROBES.FILE {D:/Kuba/studia/semestr VI/SR/Lab_6/hdmi_zybo_centroid/hdmi_vga_zybo_YCbCr_centroid.runs/impl_1/hdmi_vga_wrapper.ltx} [get_hw_devices xc7z010_1]
set_property FULL_PROBES.FILE {D:/Kuba/studia/semestr VI/SR/Lab_6/hdmi_zybo_centroid/hdmi_vga_zybo_YCbCr_centroid.runs/impl_1/hdmi_vga_wrapper.ltx} [get_hw_devices xc7z010_1]
set_property PROGRAM.FILE {D:/Kuba/studia/semestr VI/SR/Lab_6/hdmi_zybo_centroid/hdmi_vga_zybo_YCbCr_centroid.runs/impl_1/hdmi_vga_wrapper.bit} [get_hw_devices xc7z010_1]
program_hw_devices [get_hw_devices xc7z010_1]
INFO: [Labtools 27-3164] End of startup status: HIGH
refresh_hw_device [lindex [get_hw_devices xc7z010_1] 0]
INFO: [Labtools 27-2302] Device xc7z010 (JTAG device index = 1) is programmed with a design that has 2 ILA core(s).
save_wave_config {D:/Kuba/studia/semestr VI/SR/Lab_6/hdmi_zybo_centroid/hdmi_vga_zybo_YCbCr_centroid.hw/hw_1/wave/hw_ila_data_1/hw_ila_data_1.wcfg}
save_wave_config {D:/Kuba/studia/semestr VI/SR/Lab_6/hdmi_zybo_centroid/hdmi_vga_zybo_YCbCr_centroid.hw/hw_1/wave/hw_ila_data_2/hw_ila_data_2.wcfg}
exit
INFO: [Common 17-206] Exiting Vivado at Tue May 14 11:20:21 2024...
