Copyright 1986-2022 Xilinx, Inc. All Rights Reserved.
------------------------------------------------------------------------------------
| Tool Version : Vivado v.2022.2 (win64) Build 3671981 Fri Oct 14 05:00:03 MDT 2022
| Date         : Sun May  5 21:57:37 2024
| Host         : Kuba running 64-bit major release  (build 9200)
| Command      : upgrade_ip
| Device       : xc7z010clg400-1
------------------------------------------------------------------------------------

Upgrade Log for IP 'binaryzation_2'

1. Summary
----------

SUCCESS in the conversion of binaryzation_2 (xilinx.com:user:binaryzation:1.0 (Rev. 1)) to Vivado generation flows.






Copyright 1986-2022 Xilinx, Inc. All Rights Reserved.
------------------------------------------------------------------------------------
| Tool Version : Vivado v.2022.2 (win64) Build 3671981 Fri Oct 14 05:00:03 MDT 2022
| Date         : Sun May  5 10:33:44 2024
| Host         : Kuba running 64-bit major release  (build 9200)
| Command      : upgrade_ip
| Device       : xc7z010clg400-1
------------------------------------------------------------------------------------

Upgrade Log for IP 'binaryzation_2'

1. Summary
----------

SUCCESS in the conversion of binaryzation_2 (xilinx.com:user:binaryzation:1.0 (Rev. 1)) to Vivado generation flows.






Copyright 1986-2022 Xilinx, Inc. All Rights Reserved.
------------------------------------------------------------------------------------
| Tool Version : Vivado v.2022.2 (win64) Build 3671981 Fri Oct 14 05:00:03 MDT 2022
| Date         : Sun Apr 14 12:09:31 2024
| Host         : Kuba running 64-bit major release  (build 9200)
| Command      : upgrade_ip
| Device       : xc7z010clg400-1
------------------------------------------------------------------------------------

Upgrade Log for IP 'binaryzation_0'

1. Summary
----------

SUCCESS in the conversion of binaryzation_0 (xilinx.com:user:binaryzation:1.0 (Rev. 1)) to Vivado generation flows.






Copyright 1986-2022 Xilinx, Inc. All Rights Reserved.
------------------------------------------------------------------------------------
| Tool Version : Vivado v.2022.2 (win64) Build 3671981 Fri Oct 14 05:00:03 MDT 2022
| Date         : Sun Apr 14 11:52:59 2024
| Host         : Kuba running 64-bit major release  (build 9200)
| Command      : upgrade_ip
| Device       : xc7z010clg400-1
------------------------------------------------------------------------------------

Upgrade Log for IP 'binaryzation_0'

1. Summary
----------

SUCCESS in the conversion of binaryzation_0 (xilinx.com:user:binaryzation:1.0 (Rev. 1)) to Vivado generation flows.






Copyright 1986-2022 Xilinx, Inc. All Rights Reserved.
------------------------------------------------------------------------------------
| Tool Version : Vivado v.2022.2 (win64) Build 3671981 Fri Oct 14 05:00:03 MDT 2022
| Date         : Sun Apr 14 11:49:18 2024
| Host         : Kuba running 64-bit major release  (build 9200)
| Command      : upgrade_ip
| Device       : xc7z010clg400-1
------------------------------------------------------------------------------------

Upgrade Log for IP 'binaryzation_0'

1. Summary
----------

SUCCESS in the conversion of binaryzation_0 (xilinx.com:user:binaryzation:1.0 (Rev. 1)) to Vivado generation flows.






Copyright 1986-2022 Xilinx, Inc. All Rights Reserved.
------------------------------------------------------------------------------------
| Tool Version : Vivado v.2022.2 (win64) Build 3671981 Fri Oct 14 05:00:03 MDT 2022
| Date         : Sun Apr 14 11:23:57 2024
| Host         : Kuba running 64-bit major release  (build 9200)
| Command      : upgrade_ip
| Device       : xc7z010clg400-1
------------------------------------------------------------------------------------

Upgrade Log for IP 'binaryzation_0'

1. Summary
----------

CAUTION (success, with warnings) in the conversion of binaryzation_0 (xilinx.com:user:binaryzation:1.0 (Rev. 1)) to Vivado generation flows.

After upgrade, an IP may have parameter and port differences compared to the original customization. Please review the parameters within the IP customization GUI to ensure proper functionality. Also, please review the updated IP instantiation template to ensure proper connectivity, and update your design if required.

2. Connection Warnings
----------------------

Detected external port differences while upgrading 'binaryzation_0'. These changes may impact your design.


-Upgrade has removed port 'de_in'

-Upgrade has removed port 'de_out'

-Upgrade has removed port 'h_sync_in'

-Upgrade has removed port 'h_sync_out'

-Upgrade has removed port 'v_sync_in'

-Upgrade has removed port 'v_sync_out'


