
*** Running vivado
    with args -log hdmi_vga_rgb2vga_0_0.vds -m64 -product Vivado -mode batch -messageDb vivado.pb -notrace -source hdmi_vga_rgb2vga_0_0.tcl


ECHO is off.
ECHO is off.

****** Vivado v2023.2 (64-bit)
  **** SW Build 4029153 on Fri Oct 13 20:14:34 MDT 2023
  **** IP Build 4028589 on Sat Oct 14 00:45:43 MDT 2023
  **** SharedData Build 4025554 on Tue Oct 10 17:18:54 MDT 2023
    ** Copyright 1986-2022 Xilinx, Inc. All Rights Reserved.
    ** Copyright 2022-2023 Advanced Micro Devices, Inc. All Rights Reserved.

source hdmi_vga_rgb2vga_0_0.tcl -notrace
INFO: [IP_Flow 19-234] Refreshing IP repositories
INFO: [IP_Flow 19-1700] Loaded user IP repository 'd:/Kuba/studia/semestr VI/SR/Lab_5/vivado-library'.
INFO: [IP_Flow 19-1700] Loaded user IP repository 'd:/Kuba/studia/semestr VI/SR/Lab_6/ip_repo'.
INFO: [IP_Flow 19-1700] Loaded user IP repository 'd:/Kuba/studia/semestr VI/SR/Lab_6/divider_32_20_0'.
INFO: [IP_Flow 19-2313] Loaded Vivado IP repository 'D:/Programy-studia/Xlinx/Vivado/2023.2/data/ip'.
WARNING: [IP_Flow 19-4995] The host OS only allows 260 characters in a normal path. The IP cache path is more than 80 characters. If you experience issues with IP caching, please consider changing the IP cache to a location with a shorter path. Alternately consider using the OS subst command to map part of the path to a drive letter. 
Current IP cache path is d:/Kuba/studia/semestr VI/SR/Lab_6/hdmi_zybo_centroid/hdmi_vga_zybo_YCbCr_centroid.cache/ip 
INFO: [IP_Flow 19-6924] IPCACHE: Running cache check for IP inst: hdmi_vga_rgb2vga_0_0
Command: synth_design -top hdmi_vga_rgb2vga_0_0 -part xc7z010clg400-1 -incremental_mode off -mode out_of_context
Starting synth_design
Attempting to get a license for feature 'Synthesis' and/or device 'xc7z010'
INFO: [Common 17-349] Got license for feature 'Synthesis' and/or device 'xc7z010'
INFO: [Device 21-403] Loading part xc7z010clg400-1
INFO: [Synth 8-7079] Multithreading enabled for synth_design using a maximum of 2 processes.
INFO: [Synth 8-7078] Launching helper process for spawning children vivado processes
INFO: [Synth 8-7075] Helper process launched with PID 4052
---------------------------------------------------------------------------------
Starting RTL Elaboration : Time (s): cpu = 00:00:08 ; elapsed = 00:00:09 . Memory (MB): peak = 1329.227 ; gain = 437.438
---------------------------------------------------------------------------------
INFO: [Synth 8-638] synthesizing module 'hdmi_vga_rgb2vga_0_0' [d:/Kuba/studia/semestr VI/SR/Lab_6/hdmi_zybo_centroid/hdmi_vga_zybo_YCbCr_centroid.gen/sources_1/bd/hdmi_vga/ip/hdmi_vga_rgb2vga_0_0/synth/hdmi_vga_rgb2vga_0_0.vhd:71]
	Parameter VID_IN_DATA_WIDTH bound to: 24 - type: integer 
	Parameter kRedDepth bound to: 5 - type: integer 
	Parameter kGreenDepth bound to: 6 - type: integer 
	Parameter kBlueDepth bound to: 5 - type: integer 
INFO: [Synth 8-3491] module 'rgb2vga' declared at 'd:/Kuba/studia/semestr VI/SR/Lab_6/hdmi_zybo_centroid/hdmi_vga_zybo_YCbCr_centroid.gen/sources_1/bd/hdmi_vga/ipshared/69dc/src/rgb2vga.vhd:58' bound to instance 'U0' of component 'rgb2vga' [d:/Kuba/studia/semestr VI/SR/Lab_6/hdmi_zybo_centroid/hdmi_vga_zybo_YCbCr_centroid.gen/sources_1/bd/hdmi_vga/ip/hdmi_vga_rgb2vga_0_0/synth/hdmi_vga_rgb2vga_0_0.vhd:107]
INFO: [Synth 8-638] synthesizing module 'rgb2vga' [d:/Kuba/studia/semestr VI/SR/Lab_6/hdmi_zybo_centroid/hdmi_vga_zybo_YCbCr_centroid.gen/sources_1/bd/hdmi_vga/ipshared/69dc/src/rgb2vga.vhd:81]
INFO: [Synth 8-256] done synthesizing module 'rgb2vga' (0#1) [d:/Kuba/studia/semestr VI/SR/Lab_6/hdmi_zybo_centroid/hdmi_vga_zybo_YCbCr_centroid.gen/sources_1/bd/hdmi_vga/ipshared/69dc/src/rgb2vga.vhd:81]
INFO: [Synth 8-256] done synthesizing module 'hdmi_vga_rgb2vga_0_0' (0#1) [d:/Kuba/studia/semestr VI/SR/Lab_6/hdmi_zybo_centroid/hdmi_vga_zybo_YCbCr_centroid.gen/sources_1/bd/hdmi_vga/ip/hdmi_vga_rgb2vga_0_0/synth/hdmi_vga_rgb2vga_0_0.vhd:71]
---------------------------------------------------------------------------------
Finished RTL Elaboration : Time (s): cpu = 00:00:10 ; elapsed = 00:00:12 . Memory (MB): peak = 1440.391 ; gain = 548.602
---------------------------------------------------------------------------------
---------------------------------------------------------------------------------
Start Handling Custom Attributes
---------------------------------------------------------------------------------
---------------------------------------------------------------------------------
Finished Handling Custom Attributes : Time (s): cpu = 00:00:11 ; elapsed = 00:00:13 . Memory (MB): peak = 1440.391 ; gain = 548.602
---------------------------------------------------------------------------------
---------------------------------------------------------------------------------
Finished RTL Optimization Phase 1 : Time (s): cpu = 00:00:11 ; elapsed = 00:00:13 . Memory (MB): peak = 1440.391 ; gain = 548.602
---------------------------------------------------------------------------------
Netlist sorting complete. Time (s): cpu = 00:00:00 ; elapsed = 00:00:00.001 . Memory (MB): peak = 1440.391 ; gain = 0.000
INFO: [Project 1-570] Preparing netlist for logic optimization

Processing XDC Constraints
Initializing timing engine
Completed Processing XDC Constraints

Netlist sorting complete. Time (s): cpu = 00:00:00 ; elapsed = 00:00:00 . Memory (MB): peak = 1499.898 ; gain = 0.000
INFO: [Project 1-111] Unisim Transformation Summary:
No Unisim elements were transformed.

System nie mo푘 odnale쳠 okre쁫onej 쁟ie푟i.
Constraint Validation Runtime : Time (s): cpu = 00:00:00 ; elapsed = 00:00:00.130 . Memory (MB): peak = 1499.941 ; gain = 0.043
INFO: [Designutils 20-5008] Incremental synthesis strategy off
---------------------------------------------------------------------------------
Finished Constraint Validation : Time (s): cpu = 00:00:21 ; elapsed = 00:00:25 . Memory (MB): peak = 1499.941 ; gain = 608.152
---------------------------------------------------------------------------------
---------------------------------------------------------------------------------
Start Loading Part and Timing Information
---------------------------------------------------------------------------------
Loading part: xc7z010clg400-1
---------------------------------------------------------------------------------
Finished Loading Part and Timing Information : Time (s): cpu = 00:00:21 ; elapsed = 00:00:25 . Memory (MB): peak = 1499.941 ; gain = 608.152
---------------------------------------------------------------------------------
---------------------------------------------------------------------------------
Start Applying 'set_property' XDC Constraints
---------------------------------------------------------------------------------
---------------------------------------------------------------------------------
Finished applying 'set_property' XDC Constraints : Time (s): cpu = 00:00:21 ; elapsed = 00:00:25 . Memory (MB): peak = 1499.941 ; gain = 608.152
---------------------------------------------------------------------------------
---------------------------------------------------------------------------------
Finished RTL Optimization Phase 2 : Time (s): cpu = 00:00:21 ; elapsed = 00:00:25 . Memory (MB): peak = 1499.941 ; gain = 608.152
---------------------------------------------------------------------------------
---------------------------------------------------------------------------------
Start RTL Component Statistics 
---------------------------------------------------------------------------------
Detailed RTL Component Info : 
+---Registers : 
	               24 Bit    Registers := 1     
	                1 Bit    Registers := 2     
+---Muxes : 
	   2 Input   24 Bit        Muxes := 1     
---------------------------------------------------------------------------------
Finished RTL Component Statistics 
---------------------------------------------------------------------------------
---------------------------------------------------------------------------------
Start Part Resource Summary
---------------------------------------------------------------------------------
Part Resources:
DSPs: 80 (col length:40)
BRAMs: 120 (col length: RAMB18 40 RAMB36 20)
---------------------------------------------------------------------------------
Finished Part Resource Summary
---------------------------------------------------------------------------------
---------------------------------------------------------------------------------
Start Cross Boundary and Area Optimization
---------------------------------------------------------------------------------
WARNING: [Synth 8-7080] Parallel synthesis criteria is not met
---------------------------------------------------------------------------------
Finished Cross Boundary and Area Optimization : Time (s): cpu = 00:00:24 ; elapsed = 00:00:28 . Memory (MB): peak = 1499.941 ; gain = 608.152
---------------------------------------------------------------------------------
---------------------------------------------------------------------------------
Start Applying XDC Timing Constraints
---------------------------------------------------------------------------------
---------------------------------------------------------------------------------
Finished Applying XDC Timing Constraints : Time (s): cpu = 00:00:31 ; elapsed = 00:00:36 . Memory (MB): peak = 1499.941 ; gain = 608.152
---------------------------------------------------------------------------------
---------------------------------------------------------------------------------
Start Timing Optimization
---------------------------------------------------------------------------------
---------------------------------------------------------------------------------
Finished Timing Optimization : Time (s): cpu = 00:00:31 ; elapsed = 00:00:36 . Memory (MB): peak = 1499.941 ; gain = 608.152
---------------------------------------------------------------------------------
---------------------------------------------------------------------------------
Start Technology Mapping
---------------------------------------------------------------------------------
---------------------------------------------------------------------------------
Finished Technology Mapping : Time (s): cpu = 00:00:31 ; elapsed = 00:00:36 . Memory (MB): peak = 1499.941 ; gain = 608.152
---------------------------------------------------------------------------------
---------------------------------------------------------------------------------
Start IO Insertion
---------------------------------------------------------------------------------
---------------------------------------------------------------------------------
Start Flattening Before IO Insertion
---------------------------------------------------------------------------------
---------------------------------------------------------------------------------
Finished Flattening Before IO Insertion
---------------------------------------------------------------------------------
---------------------------------------------------------------------------------
Start Final Netlist Cleanup
---------------------------------------------------------------------------------
---------------------------------------------------------------------------------
Finished Final Netlist Cleanup
---------------------------------------------------------------------------------
---------------------------------------------------------------------------------
Finished IO Insertion : Time (s): cpu = 00:00:39 ; elapsed = 00:00:43 . Memory (MB): peak = 1499.941 ; gain = 608.152
---------------------------------------------------------------------------------
---------------------------------------------------------------------------------
Start Renaming Generated Instances
---------------------------------------------------------------------------------
---------------------------------------------------------------------------------
Finished Renaming Generated Instances : Time (s): cpu = 00:00:39 ; elapsed = 00:00:43 . Memory (MB): peak = 1499.941 ; gain = 608.152
---------------------------------------------------------------------------------
---------------------------------------------------------------------------------
Start Rebuilding User Hierarchy
---------------------------------------------------------------------------------
---------------------------------------------------------------------------------
Finished Rebuilding User Hierarchy : Time (s): cpu = 00:00:39 ; elapsed = 00:00:43 . Memory (MB): peak = 1499.941 ; gain = 608.152
---------------------------------------------------------------------------------
---------------------------------------------------------------------------------
Start Renaming Generated Ports
---------------------------------------------------------------------------------
---------------------------------------------------------------------------------
Finished Renaming Generated Ports : Time (s): cpu = 00:00:39 ; elapsed = 00:00:43 . Memory (MB): peak = 1499.941 ; gain = 608.152
---------------------------------------------------------------------------------
---------------------------------------------------------------------------------
Start Handling Custom Attributes
---------------------------------------------------------------------------------
---------------------------------------------------------------------------------
Finished Handling Custom Attributes : Time (s): cpu = 00:00:39 ; elapsed = 00:00:43 . Memory (MB): peak = 1499.941 ; gain = 608.152
---------------------------------------------------------------------------------
---------------------------------------------------------------------------------
Start Renaming Generated Nets
---------------------------------------------------------------------------------
---------------------------------------------------------------------------------
Finished Renaming Generated Nets : Time (s): cpu = 00:00:39 ; elapsed = 00:00:43 . Memory (MB): peak = 1499.941 ; gain = 608.152
---------------------------------------------------------------------------------
---------------------------------------------------------------------------------
Start Writing Synthesis Report
---------------------------------------------------------------------------------

Report BlackBoxes: 
+-+--------------+----------+
| |BlackBox name |Instances |
+-+--------------+----------+
+-+--------------+----------+

Report Cell Usage: 
+------+-----+------+
|      |Cell |Count |
+------+-----+------+
|1     |LUT1 |     1|
|2     |FDRE |    18|
+------+-----+------+
---------------------------------------------------------------------------------
Finished Writing Synthesis Report : Time (s): cpu = 00:00:39 ; elapsed = 00:00:43 . Memory (MB): peak = 1499.941 ; gain = 608.152
---------------------------------------------------------------------------------
Synthesis finished with 0 errors, 0 critical warnings and 1 warnings.
Synthesis Optimization Runtime : Time (s): cpu = 00:00:26 ; elapsed = 00:00:40 . Memory (MB): peak = 1499.941 ; gain = 548.602
Synthesis Optimization Complete : Time (s): cpu = 00:00:39 ; elapsed = 00:00:43 . Memory (MB): peak = 1499.941 ; gain = 608.152
INFO: [Project 1-571] Translating synthesized netlist
Netlist sorting complete. Time (s): cpu = 00:00:00 ; elapsed = 00:00:00 . Memory (MB): peak = 1499.941 ; gain = 0.000
INFO: [Project 1-570] Preparing netlist for logic optimization
INFO: [Opt 31-138] Pushed 0 inverter(s) to 0 load pin(s).
Netlist sorting complete. Time (s): cpu = 00:00:00 ; elapsed = 00:00:00 . Memory (MB): peak = 1499.941 ; gain = 0.000
INFO: [Project 1-111] Unisim Transformation Summary:
No Unisim elements were transformed.

System nie mo푘 odnale쳠 okre쁫onej 쁟ie푟i.
Synth Design complete | Checksum: a142c4ae
INFO: [Common 17-83] Releasing license: Synthesis
24 Infos, 2 Warnings, 0 Critical Warnings and 0 Errors encountered.
synth_design completed successfully
INFO: [Common 17-600] The following parameters have non-default value.
tcl.statsThreshold
INFO: [Common 17-1381] The checkpoint 'D:/Kuba/studia/semestr VI/SR/Lab_6/hdmi_zybo_centroid/hdmi_vga_zybo_YCbCr_centroid.runs/hdmi_vga_rgb2vga_0_0_synth_1/hdmi_vga_rgb2vga_0_0.dcp' has been generated.
INFO: [Coretcl 2-1648] Added synthesis output to IP cache for IP hdmi_vga_rgb2vga_0_0, cache-ID = 2bfc08cb3d8376e9
INFO: [Common 17-1381] The checkpoint 'D:/Kuba/studia/semestr VI/SR/Lab_6/hdmi_zybo_centroid/hdmi_vga_zybo_YCbCr_centroid.runs/hdmi_vga_rgb2vga_0_0_synth_1/hdmi_vga_rgb2vga_0_0.dcp' has been generated.
INFO: [runtcl-4] Executing : report_utilization -file hdmi_vga_rgb2vga_0_0_utilization_synth.rpt -pb hdmi_vga_rgb2vga_0_0_utilization_synth.pb
INFO: [Common 17-206] Exiting Vivado at Tue May 21 10:20:13 2024...
