#-----------------------------------------------------------
# Vivado v2017.4 (64-bit)
# SW Build 2086221 on Fri Dec 15 20:55:39 MST 2017
# IP Build 2085800 on Fri Dec 15 22:25:07 MST 2017
# Start of session at: Wed May  9 20:07:17 2018
# Process ID: 5084
# Current directory: J:/PROGRAMY/Vivado_projekty/arytm_proste
# Command line: vivado.exe -gui_launcher_event rodinguilauncherevent1560 J:\PROGRAMY\Vivado_projekty\arytm_proste\arytm_proste.xpr
# Log file: J:/PROGRAMY/Vivado_projekty/arytm_proste/vivado.log
# Journal file: J:/PROGRAMY/Vivado_projekty/arytm_proste\vivado.jou
#-----------------------------------------------------------
start_gui
open_project J:/PROGRAMY/Vivado_projekty/arytm_proste/arytm_proste.xpr
Scanning sources...
Finished scanning sources
INFO: [IP_Flow 19-234] Refreshing IP repositories
INFO: [IP_Flow 19-1704] No user IP repositories specified
INFO: [IP_Flow 19-2313] Loaded Vivado IP repository 'J:/VIVADOwindowsik/Vivado/2017.4/data/ip'.
open_project: Time (s): cpu = 00:00:13 ; elapsed = 00:00:16 . Memory (MB): peak = 759.125 ; gain = 66.078
update_compile_order -fileset sources_1
exit
INFO: [Common 17-206] Exiting Vivado at Wed May  9 20:20:32 2018...
