
*** Running vivado
    with args -log mult_gen_0.vds -m64 -product Vivado -mode batch -messageDb vivado.pb -notrace -source mult_gen_0.tcl


****** Vivado v2017.4 (64-bit)
  **** SW Build 2086221 on Fri Dec 15 20:55:39 MST 2017
  **** IP Build 2085800 on Fri Dec 15 22:25:07 MST 2017
    ** Copyright 1986-2017 Xilinx, Inc. All Rights Reserved.

source mult_gen_0.tcl -notrace
Command: synth_design -top mult_gen_0 -part xc7z010clg400-1 -mode out_of_context
Starting synth_design
Attempting to get a license for feature 'Synthesis' and/or device 'xc7z010'
INFO: [Common 17-349] Got license for feature 'Synthesis' and/or device 'xc7z010'
INFO: Launching helper process for spawning children vivado processes
INFO: Helper process launched with PID 12220 
---------------------------------------------------------------------------------
Starting RTL Elaboration : Time (s): cpu = 00:00:09 ; elapsed = 00:00:10 . Memory (MB): peak = 366.609 ; gain = 99.020
---------------------------------------------------------------------------------
INFO: [Synth 8-638] synthesizing module 'mult_gen_0' [j:/PROGRAMY/Vivado_projekty/arytm_proste/arytm_proste.srcs/sources_1/ip/mult_gen_0/synth/mult_gen_0.vhd:69]
WARNING: [Synth 8-5640] Port 'zero_detect' is missing in component declaration [j:/PROGRAMY/Vivado_projekty/arytm_proste/arytm_proste.srcs/sources_1/ip/mult_gen_0/synth/mult_gen_0.vhd:72]
WARNING: [Synth 8-5640] Port 'pcasc' is missing in component declaration [j:/PROGRAMY/Vivado_projekty/arytm_proste/arytm_proste.srcs/sources_1/ip/mult_gen_0/synth/mult_gen_0.vhd:72]
	Parameter C_VERBOSITY bound to: 0 - type: integer 
	Parameter C_MODEL_TYPE bound to: 0 - type: integer 
	Parameter C_OPTIMIZE_GOAL bound to: 1 - type: integer 
	Parameter C_XDEVICEFAMILY bound to: zynq - type: string 
	Parameter C_HAS_CE bound to: 1 - type: integer 
	Parameter C_HAS_SCLR bound to: 0 - type: integer 
	Parameter C_LATENCY bound to: 1 - type: integer 
	Parameter C_A_WIDTH bound to: 10 - type: integer 
	Parameter C_A_TYPE bound to: 0 - type: integer 
	Parameter C_B_WIDTH bound to: 9 - type: integer 
	Parameter C_B_TYPE bound to: 0 - type: integer 
	Parameter C_OUT_HIGH bound to: 18 - type: integer 
	Parameter C_OUT_LOW bound to: 0 - type: integer 
	Parameter C_MULT_TYPE bound to: 1 - type: integer 
	Parameter C_CE_OVERRIDES_SCLR bound to: 0 - type: integer 
	Parameter C_CCM_IMP bound to: 0 - type: integer 
	Parameter C_B_VALUE bound to: 10000001 - type: string 
	Parameter C_HAS_ZERO_DETECT bound to: 0 - type: integer 
	Parameter C_ROUND_OUTPUT bound to: 0 - type: integer 
	Parameter C_ROUND_PT bound to: 0 - type: integer 
INFO: [Synth 8-3491] module 'mult_gen_v12_0_13' declared at 'j:/PROGRAMY/Vivado_projekty/arytm_proste/arytm_proste.srcs/sources_1/ip/mult_gen_0/hdl/mult_gen_v12_0_vh_rfs.vhd:21013' bound to instance 'U0' of component 'mult_gen_v12_0_13' [j:/PROGRAMY/Vivado_projekty/arytm_proste/arytm_proste.srcs/sources_1/ip/mult_gen_0/synth/mult_gen_0.vhd:123]
WARNING: [Synth 8-5974] attribute "use_dsp48" has been deprecated, please use "use_dsp" instead 
INFO: [Synth 8-256] done synthesizing module 'mult_gen_0' (6#1) [j:/PROGRAMY/Vivado_projekty/arytm_proste/arytm_proste.srcs/sources_1/ip/mult_gen_0/synth/mult_gen_0.vhd:69]
WARNING: [Synth 8-3331] design delay_line has unconnected port CLK
WARNING: [Synth 8-3331] design delay_line has unconnected port CE
WARNING: [Synth 8-3331] design delay_line has unconnected port SCLR
WARNING: [Synth 8-3331] design dsp has unconnected port C_PORT[47]
WARNING: [Synth 8-3331] design dsp has unconnected port C_PORT[46]
WARNING: [Synth 8-3331] design dsp has unconnected port C_PORT[45]
WARNING: [Synth 8-3331] design dsp has unconnected port C_PORT[44]
WARNING: [Synth 8-3331] design dsp has unconnected port C_PORT[43]
WARNING: [Synth 8-3331] design dsp has unconnected port C_PORT[42]
WARNING: [Synth 8-3331] design dsp has unconnected port C_PORT[41]
WARNING: [Synth 8-3331] design dsp has unconnected port C_PORT[40]
WARNING: [Synth 8-3331] design dsp has unconnected port C_PORT[39]
WARNING: [Synth 8-3331] design dsp has unconnected port C_PORT[38]
WARNING: [Synth 8-3331] design dsp has unconnected port C_PORT[37]
WARNING: [Synth 8-3331] design dsp has unconnected port C_PORT[36]
WARNING: [Synth 8-3331] design dsp has unconnected port C_PORT[35]
WARNING: [Synth 8-3331] design dsp has unconnected port C_PORT[34]
WARNING: [Synth 8-3331] design dsp has unconnected port C_PORT[33]
WARNING: [Synth 8-3331] design dsp has unconnected port C_PORT[32]
WARNING: [Synth 8-3331] design dsp has unconnected port C_PORT[31]
WARNING: [Synth 8-3331] design dsp has unconnected port C_PORT[30]
WARNING: [Synth 8-3331] design dsp has unconnected port C_PORT[29]
WARNING: [Synth 8-3331] design dsp has unconnected port C_PORT[28]
WARNING: [Synth 8-3331] design dsp has unconnected port C_PORT[27]
WARNING: [Synth 8-3331] design dsp has unconnected port C_PORT[26]
WARNING: [Synth 8-3331] design dsp has unconnected port C_PORT[25]
WARNING: [Synth 8-3331] design dsp has unconnected port C_PORT[24]
WARNING: [Synth 8-3331] design dsp has unconnected port C_PORT[23]
WARNING: [Synth 8-3331] design dsp has unconnected port C_PORT[22]
WARNING: [Synth 8-3331] design dsp has unconnected port C_PORT[21]
WARNING: [Synth 8-3331] design dsp has unconnected port C_PORT[20]
WARNING: [Synth 8-3331] design dsp has unconnected port C_PORT[19]
WARNING: [Synth 8-3331] design dsp has unconnected port C_PORT[18]
WARNING: [Synth 8-3331] design dsp has unconnected port C_PORT[17]
WARNING: [Synth 8-3331] design dsp has unconnected port C_PORT[16]
WARNING: [Synth 8-3331] design dsp has unconnected port C_PORT[15]
WARNING: [Synth 8-3331] design dsp has unconnected port C_PORT[14]
WARNING: [Synth 8-3331] design dsp has unconnected port C_PORT[13]
WARNING: [Synth 8-3331] design dsp has unconnected port C_PORT[12]
WARNING: [Synth 8-3331] design dsp has unconnected port C_PORT[11]
WARNING: [Synth 8-3331] design dsp has unconnected port C_PORT[10]
WARNING: [Synth 8-3331] design dsp has unconnected port C_PORT[9]
WARNING: [Synth 8-3331] design dsp has unconnected port C_PORT[8]
WARNING: [Synth 8-3331] design dsp has unconnected port C_PORT[7]
WARNING: [Synth 8-3331] design dsp has unconnected port C_PORT[6]
WARNING: [Synth 8-3331] design dsp has unconnected port C_PORT[5]
WARNING: [Synth 8-3331] design dsp has unconnected port C_PORT[4]
WARNING: [Synth 8-3331] design dsp has unconnected port C_PORT[3]
WARNING: [Synth 8-3331] design dsp has unconnected port C_PORT[2]
WARNING: [Synth 8-3331] design dsp has unconnected port C_PORT[1]
WARNING: [Synth 8-3331] design dsp has unconnected port C_PORT[0]
WARNING: [Synth 8-3331] design dsp has unconnected port D_PORT[24]
WARNING: [Synth 8-3331] design dsp has unconnected port D_PORT[23]
WARNING: [Synth 8-3331] design dsp has unconnected port D_PORT[22]
WARNING: [Synth 8-3331] design dsp has unconnected port D_PORT[21]
WARNING: [Synth 8-3331] design dsp has unconnected port D_PORT[20]
WARNING: [Synth 8-3331] design dsp has unconnected port D_PORT[19]
WARNING: [Synth 8-3331] design dsp has unconnected port D_PORT[18]
WARNING: [Synth 8-3331] design dsp has unconnected port D_PORT[17]
WARNING: [Synth 8-3331] design dsp has unconnected port D_PORT[16]
WARNING: [Synth 8-3331] design dsp has unconnected port D_PORT[15]
WARNING: [Synth 8-3331] design dsp has unconnected port D_PORT[14]
WARNING: [Synth 8-3331] design dsp has unconnected port D_PORT[13]
WARNING: [Synth 8-3331] design dsp has unconnected port D_PORT[12]
WARNING: [Synth 8-3331] design dsp has unconnected port D_PORT[11]
WARNING: [Synth 8-3331] design dsp has unconnected port D_PORT[10]
WARNING: [Synth 8-3331] design dsp has unconnected port D_PORT[9]
WARNING: [Synth 8-3331] design dsp has unconnected port D_PORT[8]
WARNING: [Synth 8-3331] design dsp has unconnected port D_PORT[7]
WARNING: [Synth 8-3331] design dsp has unconnected port D_PORT[6]
WARNING: [Synth 8-3331] design dsp has unconnected port D_PORT[5]
WARNING: [Synth 8-3331] design dsp has unconnected port D_PORT[4]
WARNING: [Synth 8-3331] design dsp has unconnected port D_PORT[3]
WARNING: [Synth 8-3331] design dsp has unconnected port D_PORT[2]
WARNING: [Synth 8-3331] design dsp has unconnected port D_PORT[1]
WARNING: [Synth 8-3331] design dsp has unconnected port D_PORT[0]
WARNING: [Synth 8-3331] design dsp has unconnected port SUBTRACT
WARNING: [Synth 8-3331] design dsp has unconnected port CARRY_IN
WARNING: [Synth 8-3331] design dsp has unconnected port PCASC_IN[47]
WARNING: [Synth 8-3331] design dsp has unconnected port PCASC_IN[46]
WARNING: [Synth 8-3331] design dsp has unconnected port PCASC_IN[45]
WARNING: [Synth 8-3331] design dsp has unconnected port PCASC_IN[44]
WARNING: [Synth 8-3331] design dsp has unconnected port PCASC_IN[43]
WARNING: [Synth 8-3331] design dsp has unconnected port PCASC_IN[42]
WARNING: [Synth 8-3331] design dsp has unconnected port PCASC_IN[41]
WARNING: [Synth 8-3331] design dsp has unconnected port PCASC_IN[40]
WARNING: [Synth 8-3331] design dsp has unconnected port PCASC_IN[39]
WARNING: [Synth 8-3331] design dsp has unconnected port PCASC_IN[38]
WARNING: [Synth 8-3331] design dsp has unconnected port PCASC_IN[37]
WARNING: [Synth 8-3331] design dsp has unconnected port PCASC_IN[36]
WARNING: [Synth 8-3331] design dsp has unconnected port PCASC_IN[35]
WARNING: [Synth 8-3331] design dsp has unconnected port PCASC_IN[34]
WARNING: [Synth 8-3331] design dsp has unconnected port PCASC_IN[33]
WARNING: [Synth 8-3331] design dsp has unconnected port PCASC_IN[32]
WARNING: [Synth 8-3331] design dsp has unconnected port PCASC_IN[31]
WARNING: [Synth 8-3331] design dsp has unconnected port PCASC_IN[30]
WARNING: [Synth 8-3331] design dsp has unconnected port PCASC_IN[29]
WARNING: [Synth 8-3331] design dsp has unconnected port PCASC_IN[28]
WARNING: [Synth 8-3331] design dsp has unconnected port PCASC_IN[27]
WARNING: [Synth 8-3331] design dsp has unconnected port PCASC_IN[26]
INFO: [Common 17-14] Message 'Synth 8-3331' appears 100 times and further instances of the messages will be disabled. Use the Tcl command set_msg_config to change the current settings.
---------------------------------------------------------------------------------
Finished RTL Elaboration : Time (s): cpu = 00:00:14 ; elapsed = 00:00:15 . Memory (MB): peak = 439.508 ; gain = 171.918
---------------------------------------------------------------------------------

Report Check Netlist: 
+------+------------------+-------+---------+-------+------------------+
|      |Item              |Errors |Warnings |Status |Description       |
+------+------------------+-------+---------+-------+------------------+
|1     |multi_driven_nets |      0|        0|Passed |Multi driven nets |
+------+------------------+-------+---------+-------+------------------+
---------------------------------------------------------------------------------
Finished RTL Optimization Phase 1 : Time (s): cpu = 00:00:14 ; elapsed = 00:00:16 . Memory (MB): peak = 439.508 ; gain = 171.918
---------------------------------------------------------------------------------
INFO: [Device 21-403] Loading part xc7z010clg400-1
INFO: [Project 1-570] Preparing netlist for logic optimization

Processing XDC Constraints
Initializing timing engine
Parsing XDC File [j:/PROGRAMY/Vivado_projekty/arytm_proste/arytm_proste.srcs/sources_1/ip/mult_gen_0/mult_gen_0_ooc.xdc] for cell 'U0'
Finished Parsing XDC File [j:/PROGRAMY/Vivado_projekty/arytm_proste/arytm_proste.srcs/sources_1/ip/mult_gen_0/mult_gen_0_ooc.xdc] for cell 'U0'
Parsing XDC File [J:/PROGRAMY/Vivado_projekty/arytm_proste/arytm_proste.runs/mult_gen_0_synth_1/dont_touch.xdc]
Finished Parsing XDC File [J:/PROGRAMY/Vivado_projekty/arytm_proste/arytm_proste.runs/mult_gen_0_synth_1/dont_touch.xdc]
Completed Processing XDC Constraints

INFO: [Project 1-111] Unisim Transformation Summary:
No Unisim elements were transformed.

Constraint Validation Runtime : Time (s): cpu = 00:00:00 ; elapsed = 00:00:00.072 . Memory (MB): peak = 755.551 ; gain = 0.000
---------------------------------------------------------------------------------
Finished Constraint Validation : Time (s): cpu = 00:00:32 ; elapsed = 00:00:35 . Memory (MB): peak = 755.551 ; gain = 487.961
---------------------------------------------------------------------------------
---------------------------------------------------------------------------------
Start Loading Part and Timing Information
---------------------------------------------------------------------------------
Loading part: xc7z010clg400-1
---------------------------------------------------------------------------------
Finished Loading Part and Timing Information : Time (s): cpu = 00:00:32 ; elapsed = 00:00:35 . Memory (MB): peak = 755.551 ; gain = 487.961
---------------------------------------------------------------------------------
---------------------------------------------------------------------------------
Start Applying 'set_property' XDC Constraints
---------------------------------------------------------------------------------
Applied set_property DONT_TOUCH = true for U0. (constraint file  J:/PROGRAMY/Vivado_projekty/arytm_proste/arytm_proste.runs/mult_gen_0_synth_1/dont_touch.xdc, line 9).
---------------------------------------------------------------------------------
Finished applying 'set_property' XDC Constraints : Time (s): cpu = 00:00:32 ; elapsed = 00:00:35 . Memory (MB): peak = 755.551 ; gain = 487.961
---------------------------------------------------------------------------------
---------------------------------------------------------------------------------
Finished RTL Optimization Phase 2 : Time (s): cpu = 00:00:32 ; elapsed = 00:00:36 . Memory (MB): peak = 755.551 ; gain = 487.961
---------------------------------------------------------------------------------

Report RTL Partitions: 
+-+--------------+------------+----------+
| |RTL Partition |Replication |Instances |
+-+--------------+------------+----------+
+-+--------------+------------+----------+
---------------------------------------------------------------------------------
Start RTL Component Statistics 
---------------------------------------------------------------------------------
---------------------------------------------------------------------------------
Finished RTL Component Statistics 
---------------------------------------------------------------------------------
---------------------------------------------------------------------------------
Start RTL Hierarchical Component Statistics 
---------------------------------------------------------------------------------
---------------------------------------------------------------------------------
Finished RTL Hierarchical Component Statistics
---------------------------------------------------------------------------------
---------------------------------------------------------------------------------
Start Part Resource Summary
---------------------------------------------------------------------------------
Part Resources:
DSPs: 80 (col length:40)
BRAMs: 120 (col length: RAMB18 40 RAMB36 20)
---------------------------------------------------------------------------------
Finished Part Resource Summary
---------------------------------------------------------------------------------
---------------------------------------------------------------------------------
Start Cross Boundary and Area Optimization
---------------------------------------------------------------------------------
---------------------------------------------------------------------------------
Finished Cross Boundary and Area Optimization : Time (s): cpu = 00:00:34 ; elapsed = 00:00:37 . Memory (MB): peak = 755.551 ; gain = 487.961
---------------------------------------------------------------------------------

Report RTL Partitions: 
+-+--------------+------------+----------+
| |RTL Partition |Replication |Instances |
+-+--------------+------------+----------+
+-+--------------+------------+----------+
---------------------------------------------------------------------------------
Start Applying XDC Timing Constraints
---------------------------------------------------------------------------------
---------------------------------------------------------------------------------
Finished Applying XDC Timing Constraints : Time (s): cpu = 00:00:53 ; elapsed = 00:00:57 . Memory (MB): peak = 789.863 ; gain = 522.273
---------------------------------------------------------------------------------
---------------------------------------------------------------------------------
Start Timing Optimization
---------------------------------------------------------------------------------
---------------------------------------------------------------------------------
Finished Timing Optimization : Time (s): cpu = 00:00:53 ; elapsed = 00:00:57 . Memory (MB): peak = 790.230 ; gain = 522.641
---------------------------------------------------------------------------------

Report RTL Partitions: 
+-+--------------+------------+----------+
| |RTL Partition |Replication |Instances |
+-+--------------+------------+----------+
+-+--------------+------------+----------+
---------------------------------------------------------------------------------
Start Technology Mapping
---------------------------------------------------------------------------------
---------------------------------------------------------------------------------
Finished Technology Mapping : Time (s): cpu = 00:00:53 ; elapsed = 00:00:57 . Memory (MB): peak = 799.758 ; gain = 532.168
---------------------------------------------------------------------------------

Report RTL Partitions: 
+-+--------------+------------+----------+
| |RTL Partition |Replication |Instances |
+-+--------------+------------+----------+
+-+--------------+------------+----------+
---------------------------------------------------------------------------------
Start IO Insertion
---------------------------------------------------------------------------------
---------------------------------------------------------------------------------
Start Flattening Before IO Insertion
---------------------------------------------------------------------------------
---------------------------------------------------------------------------------
Finished Flattening Before IO Insertion
---------------------------------------------------------------------------------
---------------------------------------------------------------------------------
Start Final Netlist Cleanup
---------------------------------------------------------------------------------
---------------------------------------------------------------------------------
Finished Final Netlist Cleanup
---------------------------------------------------------------------------------
---------------------------------------------------------------------------------
Finished IO Insertion : Time (s): cpu = 00:00:54 ; elapsed = 00:00:59 . Memory (MB): peak = 799.758 ; gain = 532.168
---------------------------------------------------------------------------------

Report Check Netlist: 
+------+------------------+-------+---------+-------+------------------+
|      |Item              |Errors |Warnings |Status |Description       |
+------+------------------+-------+---------+-------+------------------+
|1     |multi_driven_nets |      0|        0|Passed |Multi driven nets |
+------+------------------+-------+---------+-------+------------------+
---------------------------------------------------------------------------------
Start Renaming Generated Instances
---------------------------------------------------------------------------------
---------------------------------------------------------------------------------
Finished Renaming Generated Instances : Time (s): cpu = 00:00:54 ; elapsed = 00:00:59 . Memory (MB): peak = 799.758 ; gain = 532.168
---------------------------------------------------------------------------------

Report RTL Partitions: 
+-+--------------+------------+----------+
| |RTL Partition |Replication |Instances |
+-+--------------+------------+----------+
+-+--------------+------------+----------+
---------------------------------------------------------------------------------
Start Rebuilding User Hierarchy
---------------------------------------------------------------------------------
---------------------------------------------------------------------------------
Finished Rebuilding User Hierarchy : Time (s): cpu = 00:00:54 ; elapsed = 00:00:59 . Memory (MB): peak = 799.758 ; gain = 532.168
---------------------------------------------------------------------------------
---------------------------------------------------------------------------------
Start Renaming Generated Ports
---------------------------------------------------------------------------------
---------------------------------------------------------------------------------
Finished Renaming Generated Ports : Time (s): cpu = 00:00:54 ; elapsed = 00:00:59 . Memory (MB): peak = 799.758 ; gain = 532.168
---------------------------------------------------------------------------------
---------------------------------------------------------------------------------
Start Handling Custom Attributes
---------------------------------------------------------------------------------
---------------------------------------------------------------------------------
Finished Handling Custom Attributes : Time (s): cpu = 00:00:54 ; elapsed = 00:00:59 . Memory (MB): peak = 799.758 ; gain = 532.168
---------------------------------------------------------------------------------
---------------------------------------------------------------------------------
Start Renaming Generated Nets
---------------------------------------------------------------------------------
---------------------------------------------------------------------------------
Finished Renaming Generated Nets : Time (s): cpu = 00:00:54 ; elapsed = 00:00:59 . Memory (MB): peak = 799.758 ; gain = 532.168
---------------------------------------------------------------------------------
---------------------------------------------------------------------------------
Start Writing Synthesis Report
---------------------------------------------------------------------------------

Report BlackBoxes: 
+-+--------------+----------+
| |BlackBox name |Instances |
+-+--------------+----------+
+-+--------------+----------+

Report Cell Usage: 
+------+--------+------+
|      |Cell    |Count |
+------+--------+------+
|1     |DSP48E1 |     1|
+------+--------+------+
---------------------------------------------------------------------------------
Finished Writing Synthesis Report : Time (s): cpu = 00:00:54 ; elapsed = 00:00:59 . Memory (MB): peak = 799.758 ; gain = 532.168
---------------------------------------------------------------------------------
Synthesis finished with 0 errors, 0 critical warnings and 1 warnings.
Synthesis Optimization Runtime : Time (s): cpu = 00:00:31 ; elapsed = 00:00:49 . Memory (MB): peak = 799.758 ; gain = 216.125
Synthesis Optimization Complete : Time (s): cpu = 00:00:54 ; elapsed = 00:00:59 . Memory (MB): peak = 799.758 ; gain = 532.168
INFO: [Project 1-571] Translating synthesized netlist
INFO: [Netlist 29-17] Analyzing 1 Unisim elements for replacement
INFO: [Netlist 29-28] Unisim Transformation completed in 0 CPU seconds
INFO: [Project 1-570] Preparing netlist for logic optimization
INFO: [Opt 31-138] Pushed 0 inverter(s) to 0 load pin(s).
INFO: [Project 1-111] Unisim Transformation Summary:
No Unisim elements were transformed.

INFO: [Common 17-83] Releasing license: Synthesis
15 Infos, 103 Warnings, 0 Critical Warnings and 0 Errors encountered.
synth_design completed successfully
synth_design: Time (s): cpu = 00:00:56 ; elapsed = 00:01:02 . Memory (MB): peak = 799.758 ; gain = 543.637
INFO: [Common 17-1381] The checkpoint 'J:/PROGRAMY/Vivado_projekty/arytm_proste/arytm_proste.runs/mult_gen_0_synth_1/mult_gen_0.dcp' has been generated.
INFO: [Coretcl 2-1482] Added synthesis output to IP cache for IP j:/PROGRAMY/Vivado_projekty/arytm_proste/arytm_proste.srcs/sources_1/ip/mult_gen_0/mult_gen_0.xci
INFO: [Coretcl 2-1174] Renamed 3 cell refs.
INFO: [Common 17-1381] The checkpoint 'J:/PROGRAMY/Vivado_projekty/arytm_proste/arytm_proste.runs/mult_gen_0_synth_1/mult_gen_0.dcp' has been generated.
INFO: [runtcl-4] Executing : report_utilization -file mult_gen_0_utilization_synth.rpt -pb mult_gen_0_utilization_synth.pb
report_utilization: Time (s): cpu = 00:00:00 ; elapsed = 00:00:00.293 . Memory (MB): peak = 799.758 ; gain = 0.000
INFO: [Common 17-206] Exiting Vivado at Thu Apr 12 20:40:37 2018...
