
*** Running vivado
    with args -log delay.vds -m64 -product Vivado -mode batch -messageDb vivado.pb -notrace -source delay.tcl


ECHO is off.
ECHO is off.

****** Vivado v2023.2 (64-bit)
  **** SW Build 4029153 on Fri Oct 13 20:14:34 MDT 2023
  **** IP Build 4028589 on Sat Oct 14 00:45:43 MDT 2023
  **** SharedData Build 4025554 on Tue Oct 10 17:18:54 MDT 2023
    ** Copyright 1986-2022 Xilinx, Inc. All Rights Reserved.
    ** Copyright 2022-2023 Advanced Micro Devices, Inc. All Rights Reserved.

source delay.tcl -notrace
create_project: Time (s): cpu = 00:00:07 ; elapsed = 00:00:07 . Memory (MB): peak = 472.957 ; gain = 179.496
Command: read_checkpoint -auto_incremental -incremental {C:/Studia/Semestr 6/Systemy Rekonfigurowalne/delay/delay.srcs/utils_1/imports/synth_1/delay.dcp}
INFO: [Vivado 12-5825] Read reference checkpoint from C:/Studia/Semestr 6/Systemy Rekonfigurowalne/delay/delay.srcs/utils_1/imports/synth_1/delay.dcp for incremental synthesis
INFO: [Vivado 12-7989] Please ensure there are no constraint changes
Command: synth_design -top delay -part xc7z020clg400-1
Starting synth_design
Attempting to get a license for feature 'Synthesis' and/or device 'xc7z020'
INFO: [Common 17-349] Got license for feature 'Synthesis' and/or device 'xc7z020'
INFO: [Designutils 20-5440] No compile time benefit to using incremental synthesis; A full resynthesis will be run
INFO: [Designutils 20-4379] Flow is switching to default flow due to incremental criteria not met. If you would like to alter this behaviour and have the flow terminate instead, please set the following parameter config_implementation {autoIncr.Synth.RejectBehavior Terminate}
INFO: [Synth 8-7079] Multithreading enabled for synth_design using a maximum of 2 processes.
INFO: [Synth 8-7078] Launching helper process for spawning children vivado processes
INFO: [Synth 8-7075] Helper process launched with PID 16000
---------------------------------------------------------------------------------
Starting Synthesize : Time (s): cpu = 00:00:07 ; elapsed = 00:00:07 . Memory (MB): peak = 927.480 ; gain = 439.996
---------------------------------------------------------------------------------
INFO: [Synth 8-6157] synthesizing module 'delay' [C:/Studia/Semestr 6/Systemy Rekonfigurowalne/delay/delay.srcs/sources_1/new/delay.v:23]
INFO: [Synth 8-6157] synthesizing module 'reg_delay' [C:/Studia/Semestr 6/Systemy Rekonfigurowalne/delay/delay.srcs/sources_1/new/reg_delay.v:23]
	Parameter N bound to: 5 - type: integer 
INFO: [Synth 8-6155] done synthesizing module 'reg_delay' (0#1) [C:/Studia/Semestr 6/Systemy Rekonfigurowalne/delay/delay.srcs/sources_1/new/reg_delay.v:23]
WARNING: [Synth 8-689] width (5) of port connection 'd' does not match port width (1) of module 'reg_delay' [C:/Studia/Semestr 6/Systemy Rekonfigurowalne/delay/delay.srcs/sources_1/new/delay.v:51]
WARNING: [Synth 8-689] width (5) of port connection 'q' does not match port width (1) of module 'reg_delay' [C:/Studia/Semestr 6/Systemy Rekonfigurowalne/delay/delay.srcs/sources_1/new/delay.v:52]
WARNING: [Synth 8-689] width (5) of port connection 'd' does not match port width (1) of module 'reg_delay' [C:/Studia/Semestr 6/Systemy Rekonfigurowalne/delay/delay.srcs/sources_1/new/delay.v:51]
WARNING: [Synth 8-689] width (5) of port connection 'q' does not match port width (1) of module 'reg_delay' [C:/Studia/Semestr 6/Systemy Rekonfigurowalne/delay/delay.srcs/sources_1/new/delay.v:52]
INFO: [Synth 8-6155] done synthesizing module 'delay' (0#1) [C:/Studia/Semestr 6/Systemy Rekonfigurowalne/delay/delay.srcs/sources_1/new/delay.v:23]
WARNING: [Synth 8-3917] design delay has port odata[4] driven by constant 0
WARNING: [Synth 8-3917] design delay has port odata[3] driven by constant 0
WARNING: [Synth 8-3917] design delay has port odata[2] driven by constant 0
WARNING: [Synth 8-3917] design delay has port odata[1] driven by constant 0
WARNING: [Synth 8-7129] Port idata[4] in module delay is either unconnected or has no load
WARNING: [Synth 8-7129] Port idata[3] in module delay is either unconnected or has no load
WARNING: [Synth 8-7129] Port idata[2] in module delay is either unconnected or has no load
WARNING: [Synth 8-7129] Port idata[1] in module delay is either unconnected or has no load
---------------------------------------------------------------------------------
Finished Synthesize : Time (s): cpu = 00:00:09 ; elapsed = 00:00:10 . Memory (MB): peak = 1033.062 ; gain = 545.578
---------------------------------------------------------------------------------
---------------------------------------------------------------------------------
Finished Constraint Validation : Time (s): cpu = 00:00:10 ; elapsed = 00:00:10 . Memory (MB): peak = 1033.062 ; gain = 545.578
---------------------------------------------------------------------------------
---------------------------------------------------------------------------------
Start Loading Part and Timing Information
---------------------------------------------------------------------------------
Loading part: xc7z020clg400-1
---------------------------------------------------------------------------------
Finished Loading Part and Timing Information : Time (s): cpu = 00:00:10 ; elapsed = 00:00:10 . Memory (MB): peak = 1033.062 ; gain = 545.578
---------------------------------------------------------------------------------
INFO: [Device 21-403] Loading part xc7z020clg400-1
---------------------------------------------------------------------------------
Finished RTL Optimization Phase 2 : Time (s): cpu = 00:00:10 ; elapsed = 00:00:11 . Memory (MB): peak = 1033.062 ; gain = 545.578
---------------------------------------------------------------------------------
No constraint files found.
---------------------------------------------------------------------------------
Start RTL Component Statistics 
---------------------------------------------------------------------------------
Detailed RTL Component Info : 
+---Registers : 
	                1 Bit    Registers := 2     
---------------------------------------------------------------------------------
Finished RTL Component Statistics 
---------------------------------------------------------------------------------
---------------------------------------------------------------------------------
Start Part Resource Summary
---------------------------------------------------------------------------------
Part Resources:
DSPs: 220 (col length:60)
BRAMs: 280 (col length: RAMB18 60 RAMB36 30)
---------------------------------------------------------------------------------
Finished Part Resource Summary
---------------------------------------------------------------------------------
No constraint files found.
---------------------------------------------------------------------------------
Start Cross Boundary and Area Optimization
---------------------------------------------------------------------------------
WARNING: [Synth 8-7080] Parallel synthesis criteria is not met
WARNING: [Synth 8-3917] design delay has port odata[4] driven by constant 0
WARNING: [Synth 8-3917] design delay has port odata[3] driven by constant 0
WARNING: [Synth 8-3917] design delay has port odata[2] driven by constant 0
WARNING: [Synth 8-3917] design delay has port odata[1] driven by constant 0
WARNING: [Synth 8-7129] Port idata[4] in module delay is either unconnected or has no load
WARNING: [Synth 8-7129] Port idata[3] in module delay is either unconnected or has no load
WARNING: [Synth 8-7129] Port idata[2] in module delay is either unconnected or has no load
WARNING: [Synth 8-7129] Port idata[1] in module delay is either unconnected or has no load
---------------------------------------------------------------------------------
Finished Cross Boundary and Area Optimization : Time (s): cpu = 00:00:16 ; elapsed = 00:00:18 . Memory (MB): peak = 1234.312 ; gain = 746.828
---------------------------------------------------------------------------------
No constraint files found.
---------------------------------------------------------------------------------
Start Timing Optimization
---------------------------------------------------------------------------------
---------------------------------------------------------------------------------
Finished Timing Optimization : Time (s): cpu = 00:00:16 ; elapsed = 00:00:18 . Memory (MB): peak = 1234.312 ; gain = 746.828
---------------------------------------------------------------------------------
---------------------------------------------------------------------------------
Start Technology Mapping
---------------------------------------------------------------------------------
---------------------------------------------------------------------------------
Finished Technology Mapping : Time (s): cpu = 00:00:16 ; elapsed = 00:00:18 . Memory (MB): peak = 1234.312 ; gain = 746.828
---------------------------------------------------------------------------------
---------------------------------------------------------------------------------
Start IO Insertion
---------------------------------------------------------------------------------
---------------------------------------------------------------------------------
Start Flattening Before IO Insertion
---------------------------------------------------------------------------------
---------------------------------------------------------------------------------
Finished Flattening Before IO Insertion
---------------------------------------------------------------------------------
---------------------------------------------------------------------------------
Start Final Netlist Cleanup
---------------------------------------------------------------------------------
---------------------------------------------------------------------------------
Finished Final Netlist Cleanup
---------------------------------------------------------------------------------
---------------------------------------------------------------------------------
Finished IO Insertion : Time (s): cpu = 00:00:22 ; elapsed = 00:00:24 . Memory (MB): peak = 1234.312 ; gain = 746.828
---------------------------------------------------------------------------------
---------------------------------------------------------------------------------
Start Renaming Generated Instances
---------------------------------------------------------------------------------
---------------------------------------------------------------------------------
Finished Renaming Generated Instances : Time (s): cpu = 00:00:22 ; elapsed = 00:00:24 . Memory (MB): peak = 1234.312 ; gain = 746.828
---------------------------------------------------------------------------------
---------------------------------------------------------------------------------
Start Rebuilding User Hierarchy
---------------------------------------------------------------------------------
---------------------------------------------------------------------------------
Finished Rebuilding User Hierarchy : Time (s): cpu = 00:00:22 ; elapsed = 00:00:24 . Memory (MB): peak = 1234.312 ; gain = 746.828
---------------------------------------------------------------------------------
---------------------------------------------------------------------------------
Start Renaming Generated Ports
---------------------------------------------------------------------------------
---------------------------------------------------------------------------------
Finished Renaming Generated Ports : Time (s): cpu = 00:00:22 ; elapsed = 00:00:24 . Memory (MB): peak = 1234.312 ; gain = 746.828
---------------------------------------------------------------------------------
---------------------------------------------------------------------------------
Start Handling Custom Attributes
---------------------------------------------------------------------------------
---------------------------------------------------------------------------------
Finished Handling Custom Attributes : Time (s): cpu = 00:00:22 ; elapsed = 00:00:24 . Memory (MB): peak = 1234.312 ; gain = 746.828
---------------------------------------------------------------------------------
---------------------------------------------------------------------------------
Start Renaming Generated Nets
---------------------------------------------------------------------------------
---------------------------------------------------------------------------------
Finished Renaming Generated Nets : Time (s): cpu = 00:00:22 ; elapsed = 00:00:24 . Memory (MB): peak = 1234.312 ; gain = 746.828
---------------------------------------------------------------------------------
---------------------------------------------------------------------------------
Start Writing Synthesis Report
---------------------------------------------------------------------------------

Report BlackBoxes: 
+-+--------------+----------+
| |BlackBox name |Instances |
+-+--------------+----------+
+-+--------------+----------+

Report Cell Usage: 
+------+-----+------+
|      |Cell |Count |
+------+-----+------+
|1     |BUFG |     1|
|2     |FDRE |     2|
|3     |IBUF |     3|
|4     |OBUF |     5|
+------+-----+------+

Report Instance Areas: 
+------+--------------------------+------------+------+
|      |Instance                  |Module      |Cells |
+------+--------------------------+------------+------+
|1     |top                       |            |    11|
|2     |  \genblk1[0].only_delay  |reg_delay   |     1|
|3     |  \genblk1[1].only_delay  |reg_delay_0 |     1|
+------+--------------------------+------------+------+
---------------------------------------------------------------------------------
Finished Writing Synthesis Report : Time (s): cpu = 00:00:22 ; elapsed = 00:00:24 . Memory (MB): peak = 1234.312 ; gain = 746.828
---------------------------------------------------------------------------------
Synthesis finished with 0 errors, 0 critical warnings and 21 warnings.
Synthesis Optimization Runtime : Time (s): cpu = 00:00:22 ; elapsed = 00:00:24 . Memory (MB): peak = 1234.312 ; gain = 746.828
Synthesis Optimization Complete : Time (s): cpu = 00:00:22 ; elapsed = 00:00:24 . Memory (MB): peak = 1234.312 ; gain = 746.828
INFO: [Project 1-571] Translating synthesized netlist
Netlist sorting complete. Time (s): cpu = 00:00:00 ; elapsed = 00:00:00 . Memory (MB): peak = 1238.215 ; gain = 0.000
INFO: [Project 1-570] Preparing netlist for logic optimization
INFO: [Opt 31-138] Pushed 0 inverter(s) to 0 load pin(s).
Netlist sorting complete. Time (s): cpu = 00:00:00 ; elapsed = 00:00:00 . Memory (MB): peak = 1341.812 ; gain = 0.000
INFO: [Project 1-111] Unisim Transformation Summary:
No Unisim elements were transformed.

Odmowa dost©pu.
Synth Design complete | Checksum: f1973757
INFO: [Common 17-83] Releasing license: Synthesis
18 Infos, 21 Warnings, 0 Critical Warnings and 0 Errors encountered.
synth_design completed successfully
synth_design: Time (s): cpu = 00:00:25 ; elapsed = 00:00:27 . Memory (MB): peak = 1341.812 ; gain = 860.176
Write ShapeDB Complete: Time (s): cpu = 00:00:00 ; elapsed = 00:00:00.002 . Memory (MB): peak = 1341.812 ; gain = 0.000
INFO: [Common 17-1381] The checkpoint 'C:/Studia/Semestr 6/Systemy Rekonfigurowalne/delay/delay.runs/synth_1/delay.dcp' has been generated.
INFO: [runtcl-4] Executing : report_utilization -file delay_utilization_synth.rpt -pb delay_utilization_synth.pb
INFO: [Common 17-206] Exiting Vivado at Sun Mar 17 14:55:01 2024...
