Vivado Simulator v2023.2
Copyright 1986-2022 Xilinx, Inc. All Rights Reserved.
Copyright 2022-2023 Advanced Micro Devices, Inc. All Rights Reserved.
Running: C:/Xilinx/Vivado/2023.2/bin/unwrapped/win64.o/xelab.exe --incr --debug typical --relax --mt 2 -L xil_defaultlib -L xbip_utils_v3_0_11 -L xbip_pipe_v3_0_7 -L xbip_bram18k_v3_0_7 -L mult_gen_v12_0_19 -L c_reg_fd_v12_0_7 -L xbip_dsp48_wrapper_v3_0_5 -L xbip_dsp48_addsub_v3_0_7 -L xbip_addsub_v3_0_7 -L c_addsub_v12_0_16 -L unisims_ver -L unimacro_ver -L secureip -L xpm --snapshot tb_hdmi_behav xil_defaultlib.tb_hdmi xil_defaultlib.glbl -log elaborate.log 
Using 2 slave threads.
Starting static elaboration
Pass Through NonSizing Optimizer
WARNING: [VRFC 10-3091] actual bit length 11 differs from formal bit length 32 for port 'quotient' [C:/Studia/Semestr_6/Systemy_Rekonfigurowalne/hdmi_zybo_centroid/hdmi_vga_zybo_YCbCr_centroid.srcs/sources_1/new/centroid.v:124]
WARNING: [VRFC 10-3091] actual bit length 11 differs from formal bit length 32 for port 'quotient' [C:/Studia/Semestr_6/Systemy_Rekonfigurowalne/hdmi_zybo_centroid/hdmi_vga_zybo_YCbCr_centroid.srcs/sources_1/new/centroid.v:134]
Completed static elaboration
Starting simulation data flow analysis
Completed simulation data flow analysis
Time Resolution for simulation is 1ps
Compiling package std.standard
Compiling package std.textio
Compiling package ieee.std_logic_1164
Compiling package ieee.numeric_std
Compiling package xbip_utils_v3_0_11.xbip_utils_v3_0_11_pkg
Compiling package mult_gen_v12_0_19.mult_gen_v12_0_19_viv_comp
Compiling package mult_gen_v12_0_19.mult_gen_v12_0_19_pkg
Compiling package ieee.std_logic_arith
Compiling package ieee.std_logic_signed
Compiling package unisim.vcomponents
Compiling package mult_gen_v12_0_19.dsp_pkg
Compiling package c_addsub_v12_0_16.c_addsub_v12_0_16_viv_comp
Compiling package xbip_pipe_v3_0_7.xbip_pipe_v3_0_7_viv_comp
Compiling package xbip_addsub_v3_0_7.xbip_addsub_v3_0_7_viv_comp
Compiling package c_addsub_v12_0_16.c_addsub_v12_0_16_pkg
Compiling package c_addsub_v12_0_16.c_addsub_v12_0_16_pkg_legacy
Compiling package c_reg_fd_v12_0_7.c_reg_fd_v12_0_7_viv_comp
Compiling package ieee.vital_timing
Compiling package ieee.vital_primitives
Compiling package unisim.vpkg
Compiling module xil_defaultlib.hdmi_in
Compiling architecture xilinx of entity mult_gen_v12_0_19.delay_line [\delay_line(c_xdevicefamily="zyn...]
Compiling architecture xilinx of entity mult_gen_v12_0_19.op_resize [\op_resize(ai_width=18,bi_width=...]
Compiling architecture xilinx of entity mult_gen_v12_0_19.dsp [\dsp(c_xdevicefamily="zynq",c_a_...]
Compiling architecture xilinx of entity mult_gen_v12_0_19.mult_gen_v12_0_19_viv [\mult_gen_v12_0_19_viv(c_verbosi...]
Compiling architecture xilinx of entity mult_gen_v12_0_19.mult_gen_v12_0_19 [\mult_gen_v12_0_19(c_xdevicefami...]
Compiling architecture mult_gen_0_arch of entity xil_defaultlib.mult_gen_0 [mult_gen_0_default]
Compiling architecture structural of entity c_reg_fd_v12_0_7.c_reg_fd_v12_0_7_viv [\c_reg_fd_v12_0_7_viv(c_width=9,...]
Compiling architecture muxcy_v of entity unisim.MUXCY [muxcy_default]
Compiling architecture xorcy_v of entity unisim.XORCY [xorcy_default]
Compiling architecture rtl of entity c_addsub_v12_0_16.c_addsub_v12_0_16_lut6_legacy [\c_addsub_v12_0_16_lut6_legacy(c...]
Compiling architecture synth of entity c_addsub_v12_0_16.c_addsub_v12_0_16_fabric_legacy [\c_addsub_v12_0_16_fabric_legacy...]
Compiling architecture synth of entity c_addsub_v12_0_16.c_addsub_v12_0_16_legacy [\c_addsub_v12_0_16_legacy(c_fami...]
Compiling architecture synth of entity c_addsub_v12_0_16.c_addsub_v12_0_16_viv [\c_addsub_v12_0_16_viv(c_xdevice...]
Compiling architecture xilinx of entity c_addsub_v12_0_16.c_addsub_v12_0_16 [\c_addsub_v12_0_16(c_xdevicefami...]
Compiling architecture c_addsub_0_arch of entity xil_defaultlib.c_addsub_0 [c_addsub_0_default]
Compiling module xil_defaultlib.register(N=9)
Compiling module xil_defaultlib.Deley_line(N=9,DELAY=1)
Compiling module xil_defaultlib.register(N=3)
Compiling module xil_defaultlib.Deley_line(N=3,DELAY=5)
Compiling module xil_defaultlib.rgb2ycbcr
Compiling module xil_defaultlib.rgb2ycbcr_0
Compiling module xil_defaultlib.progowanie
Compiling architecture rtl of entity c_addsub_v12_0_16.c_addsub_v12_0_16_lut6_legacy [\c_addsub_v12_0_16_lut6_legacy(c...]
Compiling architecture synth of entity c_addsub_v12_0_16.c_addsub_v12_0_16_fabric_legacy [\c_addsub_v12_0_16_fabric_legacy...]
Compiling architecture synth of entity c_addsub_v12_0_16.c_addsub_v12_0_16_legacy [\c_addsub_v12_0_16_legacy(c_fami...]
Compiling architecture synth of entity c_addsub_v12_0_16.c_addsub_v12_0_16_viv [\c_addsub_v12_0_16_viv(c_xdevice...]
Compiling architecture xilinx of entity c_addsub_v12_0_16.c_addsub_v12_0_16 [\c_addsub_v12_0_16(c_xdevicefami...]
Compiling architecture add_arch of entity xil_defaultlib.add [add_default]
Compiling module xil_defaultlib.registe
Compiling module xil_defaultlib.sum
Compiling architecture xilinx of entity mult_gen_v12_0_19.delay_line [\delay_line(c_xdevicefamily="zyn...]
Compiling architecture xilinx of entity mult_gen_v12_0_19.delay_line [\delay_line(c_xdevicefamily="zyn...]
Compiling architecture xilinx of entity mult_gen_v12_0_19.delay_line [\delay_line(c_xdevicefamily="zyn...]
Compiling architecture xilinx of entity mult_gen_v12_0_19.delay_line [\delay_line(c_xdevicefamily="zyn...]
Compiling architecture dsp48e1_v of entity unisim.DSP48E1 [\DSP48E1(alumodereg=0,carryinreg...]
Compiling architecture xilinx of entity mult_gen_v12_0_19.delay_line [\delay_line(c_xdevicefamily="zyn...]
Compiling architecture dsp48e1_v of entity unisim.DSP48E1 [\DSP48E1(a_input="CASCADE",bcasc...]
Compiling architecture xilinx of entity mult_gen_v12_0_19.op_resize [\op_resize(ai_width=32,bi_width=...]
Compiling architecture xilinx of entity mult_gen_v12_0_19.dsp [\dsp(c_xdevicefamily="zynq",c_a_...]
Compiling architecture xilinx of entity mult_gen_v12_0_19.mult_gen_v12_0_19_viv [\mult_gen_v12_0_19_viv(c_verbosi...]
Compiling architecture xilinx of entity mult_gen_v12_0_19.mult_gen_v12_0_19 [\mult_gen_v12_0_19(c_xdevicefami...]
Compiling architecture mult_32_20_lm_arch of entity xil_defaultlib.mult_32_20_lm [mult_32_20_lm_default]
Compiling module xil_defaultlib.divider_32_20
Compiling module xil_defaultlib.divider_32_20_0
Compiling module xil_defaultlib.centroid(IMG_H=720,IMG_W=1280)
Compiling module xil_defaultlib.vis_centroid(IMG_H=720,IMG_W=128...
Compiling module xil_defaultlib.vp
Compiling module xil_defaultlib.hdmi_out
Compiling module xil_defaultlib.tb_hdmi
Compiling module xil_defaultlib.glbl
Built simulation snapshot tb_hdmi_behav
