Copyright 1986-2022 Xilinx, Inc. All Rights Reserved. Copyright 2022-2023 Advanced Micro Devices, Inc. All Rights Reserved.
---------------------------------------------------------------------------------------------------------------------------------------------
| Tool Version : Vivado v.2023.2 (win64) Build 4029153 Fri Oct 13 20:14:34 MDT 2023
| Date         : Mon Apr 15 12:47:56 2024
| Host         : DESKTOP-QB8TK5V running 64-bit major release  (build 9200)
| Command      : upgrade_project -migrate_output_products
| Project_Path : C:/Studia/Semestr_6/Systemy_Rekonfigurowalne/hdmi_vga_zybo/hdmi_vga_zybo.xpr
---------------------------------------------------------------------------------------------------------------------------------------------

Project Status Summary

1. Project IP Status
--------------------
This project contains 1 IP and 1 Block Designs.


1.1 Project IP Instances
+-------------------------+-------------------------+-------------------------------------+-------------------------------------+
| Instance Name           | Status                  | Reason                              | Recommendation                      |
+-------------------------+-------------------------+-------------------------------------+-------------------------------------+
| hdmi_vga_GND_0          | Will be Migrated.       |                                     |                                     |
+-------------------------+-------------------------+-------------------------------------+-------------------------------------+
| hdmi_vga_clk_wiz_0_0    | Will be Migrated.       |                                     |                                     |
+-------------------------+-------------------------+-------------------------------------+-------------------------------------+
| hdmi_vga_dvi2rgb_0_0    | Will be Migrated.       |                                     |                                     |
+-------------------------+-------------------------+-------------------------------------+-------------------------------------+
| hdmi_vga_rgb2vga_0_0    | Will be Migrated.       |                                     |                                     |
+-------------------------+-------------------------+-------------------------------------+-------------------------------------+
| hdmi_vga_vp_0_0         | Will be Migrated.       |                                     |                                     |
+-------------------------+-------------------------+-------------------------------------+-------------------------------------+
| hdmi_vga_xlconstant_0_1 | Will be Migrated.       |                                     |                                     |
+-------------------------+-------------------------+-------------------------------------+-------------------------------------+
| vp_0                    | Will be Migrated.       |                                     |                                     |
+-------------------------+-------------------------+-------------------------------------+-------------------------------------+


1.2 Project Block Designs
+----------+-------------------------+-------------------------------------+-------------------------------------+
| Design   | Status                  | Reason                              | Recommendation                      |
| Name     |                         |                                     |                                     |
+----------+-------------------------+-------------------------------------+-------------------------------------+
| hdmi_vga | Will be Migrated.       |                                     |                                     |
+----------+-------------------------+-------------------------------------+-------------------------------------+



