#-----------------------------------------------------------
# Vivado v2017.4 (64-bit)
# SW Build 2086221 on Fri Dec 15 20:55:39 MST 2017
# IP Build 2085800 on Fri Dec 15 22:25:07 MST 2017
# Start of session at: Sun May 13 14:00:16 2018
# Process ID: 3936
# Current directory: J:/PROGRAMY/Vivado_projekty/hdmi_vga_zybo
# Command line: vivado.exe -gui_launcher_event rodinguilauncherevent3596 J:\PROGRAMY\Vivado_projekty\hdmi_vga_zybo\hdmi_vga_zybo.xpr
# Log file: J:/PROGRAMY/Vivado_projekty/hdmi_vga_zybo/vivado.log
# Journal file: J:/PROGRAMY/Vivado_projekty/hdmi_vga_zybo\vivado.jou
#-----------------------------------------------------------
start_gui
open_project J:/PROGRAMY/Vivado_projekty/hdmi_vga_zybo/hdmi_vga_zybo.xpr
Scanning sources...
Finished scanning sources
INFO: [IP_Flow 19-234] Refreshing IP repositories
INFO: [IP_Flow 19-1700] Loaded user IP repository 'j:/PROGRAMY/Vivado_projekty/hdmi_vga_zybo/hdmi_vga_ip_repo'.
INFO: [IP_Flow 19-1700] Loaded user IP repository 'j:/PROGRAMY/Vivado_projekty/vp'.
INFO: [IP_Flow 19-2313] Loaded Vivado IP repository 'J:/VIVADOwindowsik/Vivado/2017.4/data/ip'.
WARNING: [BD 41-1661] One or more IPs have been locked in the design 'hdmi_vga.bd'. Please run report_ip_status for more details and recommendations on how to fix this issue.
List of locked IPs:
hdmi_vga_vp_0_0

WARNING: [IP_Flow 19-2162] IP 'vp_0' is locked:
* IP definition 'vp_v1_0 (1.0)' for IP 'vp_0' (customized with software release 2017.4) has a different revision in the IP Catalog.
* IP definition 'vp_v1_0 (1.0)' relies on the following subcore(s) that were not found in the IP Catalog: xilinx.com:user:rgb2ycbcr:1.0, xilinx.com:user:progowanie_YCbCr:1.0
Please select 'Report IP Status' from the 'Tools/Report' menu or run Tcl command 'report_ip_status' for more information.
open_project: Time (s): cpu = 00:00:17 ; elapsed = 00:00:14 . Memory (MB): peak = 774.488 ; gain = 71.277
update_compile_order -fileset sources_1
exit
INFO: [Common 17-206] Exiting Vivado at Sun May 13 14:02:49 2018...
