#-----------------------------------------------------------
# Vivado v2017.4 (64-bit)
# SW Build 2086221 on Fri Dec 15 20:55:39 MST 2017
# IP Build 2085800 on Fri Dec 15 22:25:07 MST 2017
# Start of session at: Sun Apr 22 22:46:29 2018
# Process ID: 8120
# Current directory: J:/PROGRAMY/Vivado_projekty/hdmi_vga_zybo
# Command line: vivado.exe -gui_launcher_event rodinguilauncherevent6756 J:\PROGRAMY\Vivado_projekty\hdmi_vga_zybo\hdmi_vga_zybo.xpr
# Log file: J:/PROGRAMY/Vivado_projekty/hdmi_vga_zybo/vivado.log
# Journal file: J:/PROGRAMY/Vivado_projekty/hdmi_vga_zybo\vivado.jou
#-----------------------------------------------------------
start_gui
open_project J:/PROGRAMY/Vivado_projekty/hdmi_vga_zybo/hdmi_vga_zybo.xpr
Scanning sources...
Finished scanning sources
INFO: [IP_Flow 19-234] Refreshing IP repositories
INFO: [IP_Flow 19-1700] Loaded user IP repository 'j:/PROGRAMY/Vivado_projekty/hdmi_vga_zybo/hdmi_vga_ip_repo'.
INFO: [IP_Flow 19-2313] Loaded Vivado IP repository 'J:/VIVADOwindowsik/Vivado/2017.4/data/ip'.
open_project: Time (s): cpu = 00:00:18 ; elapsed = 00:00:11 . Memory (MB): peak = 768.625 ; gain = 47.730
update_compile_order -fileset sources_1
set_property  ip_repo_paths  {j:/PROGRAMY/Vivado_projekty/hdmi_vga_zybo/hdmi_vga_ip_repo J:/PROGRAMY/Vivado_projekty/vp} [current_project]
update_ip_catalog
INFO: [IP_Flow 19-234] Refreshing IP repositories
INFO: [IP_Flow 19-1700] Loaded user IP repository 'j:/PROGRAMY/Vivado_projekty/hdmi_vga_zybo/hdmi_vga_ip_repo'.
INFO: [IP_Flow 19-1700] Loaded user IP repository 'j:/PROGRAMY/Vivado_projekty/vp'.
create_ip -name vp -vendor xilinx.com -library user -version 1.0 -module_name vp_0 -dir j:/PROGRAMY/Vivado_projekty/hdmi_vga_zybo/hdmi_vga_zybo.srcs/sources_1/ip
generate_target {instantiation_template} [get_files j:/PROGRAMY/Vivado_projekty/hdmi_vga_zybo/hdmi_vga_zybo.srcs/sources_1/ip/vp_0/vp_0.xci]
INFO: [IP_Flow 19-1686] Generating 'Instantiation Template' target for IP 'vp_0'...
update_compile_order -fileset sources_1
generate_target all [get_files  j:/PROGRAMY/Vivado_projekty/hdmi_vga_zybo/hdmi_vga_zybo.srcs/sources_1/ip/vp_0/vp_0.xci]
INFO: [IP_Flow 19-1686] Generating 'Synthesis' target for IP 'vp_0'...
INFO: [IP_Flow 19-1686] Generating 'Simulation' target for IP 'vp_0'...
catch { config_ip_cache -export [get_ips -all vp_0] }
export_ip_user_files -of_objects [get_files j:/PROGRAMY/Vivado_projekty/hdmi_vga_zybo/hdmi_vga_zybo.srcs/sources_1/ip/vp_0/vp_0.xci] -no_script -sync -force -quiet
create_ip_run [get_files -of_objects [get_fileset sources_1] j:/PROGRAMY/Vivado_projekty/hdmi_vga_zybo/hdmi_vga_zybo.srcs/sources_1/ip/vp_0/vp_0.xci]
launch_runs -jobs 2 vp_0_synth_1
[Sun Apr 22 23:22:32 2018] Launched vp_0_synth_1...
Run output will be captured here: J:/PROGRAMY/Vivado_projekty/hdmi_vga_zybo/hdmi_vga_zybo.runs/vp_0_synth_1/runme.log
export_simulation -of_objects [get_files j:/PROGRAMY/Vivado_projekty/hdmi_vga_zybo/hdmi_vga_zybo.srcs/sources_1/ip/vp_0/vp_0.xci] -directory J:/PROGRAMY/Vivado_projekty/hdmi_vga_zybo/hdmi_vga_zybo.ip_user_files/sim_scripts -ip_user_files_dir J:/PROGRAMY/Vivado_projekty/hdmi_vga_zybo/hdmi_vga_zybo.ip_user_files -ipstatic_source_dir J:/PROGRAMY/Vivado_projekty/hdmi_vga_zybo/hdmi_vga_zybo.ip_user_files/ipstatic -lib_map_path [list {modelsim=J:/PROGRAMY/Vivado_projekty/hdmi_vga_zybo/hdmi_vga_zybo.cache/compile_simlib/modelsim} {questa=J:/PROGRAMY/Vivado_projekty/hdmi_vga_zybo/hdmi_vga_zybo.cache/compile_simlib/questa} {riviera=J:/PROGRAMY/Vivado_projekty/hdmi_vga_zybo/hdmi_vga_zybo.cache/compile_simlib/riviera} {activehdl=J:/PROGRAMY/Vivado_projekty/hdmi_vga_zybo/hdmi_vga_zybo.cache/compile_simlib/activehdl}] -use_ip_compiled_libs -force -quiet
export_ip_user_files -of_objects  [get_files j:/PROGRAMY/Vivado_projekty/hdmi_vga_zybo/hdmi_vga_zybo.srcs/sources_1/ip/vp_0/vp_0.xci] -no_script -reset -force -quiet
remove_files  -fileset vp_0 j:/PROGRAMY/Vivado_projekty/hdmi_vga_zybo/hdmi_vga_zybo.srcs/sources_1/ip/vp_0/vp_0.xci
WARNING: [Vivado 12-1017] Problems encountered:
1. PID not specified

INFO: [Project 1-386] Moving file 'j:/PROGRAMY/Vivado_projekty/hdmi_vga_zybo/hdmi_vga_zybo.srcs/sources_1/ip/vp_0/vp_0.xci' from fileset 'vp_0' to fileset 'sources_1'.
set_property  ip_repo_paths  j:/PROGRAMY/Vivado_projekty/hdmi_vga_zybo/hdmi_vga_ip_repo [current_project]
update_ip_catalog
INFO: [IP_Flow 19-234] Refreshing IP repositories
INFO: [IP_Flow 19-1700] Loaded user IP repository 'j:/PROGRAMY/Vivado_projekty/hdmi_vga_zybo/hdmi_vga_ip_repo'.
exit
INFO: [Common 17-206] Exiting Vivado at Sun Apr 22 23:25:50 2018...
