#-----------------------------------------------------------
# Vivado v2017.4 (64-bit)
# SW Build 2086221 on Fri Dec 15 20:55:39 MST 2017
# IP Build 2085800 on Fri Dec 15 22:25:07 MST 2017
# Start of session at: Mon Apr 23 19:45:06 2018
# Process ID: 900
# Current directory: J:/PROGRAMY/Vivado_projekty/hdmi_vga_zybo
# Command line: vivado.exe -gui_launcher_event rodinguilauncherevent10464 J:\PROGRAMY\Vivado_projekty\hdmi_vga_zybo\hdmi_vga_zybo.xpr
# Log file: J:/PROGRAMY/Vivado_projekty/hdmi_vga_zybo/vivado.log
# Journal file: J:/PROGRAMY/Vivado_projekty/hdmi_vga_zybo\vivado.jou
#-----------------------------------------------------------
start_gui
open_project J:/PROGRAMY/Vivado_projekty/hdmi_vga_zybo/hdmi_vga_zybo.xpr
Scanning sources...
Finished scanning sources
INFO: [IP_Flow 19-234] Refreshing IP repositories
INFO: [IP_Flow 19-1700] Loaded user IP repository 'j:/PROGRAMY/Vivado_projekty/hdmi_vga_zybo/hdmi_vga_ip_repo'.
INFO: [IP_Flow 19-1700] Loaded user IP repository 'j:/PROGRAMY/Vivado_projekty/vp'.
INFO: [IP_Flow 19-2313] Loaded Vivado IP repository 'J:/VIVADOwindowsik/Vivado/2017.4/data/ip'.
open_project: Time (s): cpu = 00:00:14 ; elapsed = 00:00:07 . Memory (MB): peak = 762.691 ; gain = 75.023
update_compile_order -fileset sources_1
save_project_as hdmi_vga_zybo_bin_rgb J:/PROGRAMY/Vivado_projekty/hdmi_vga_zybo_bin_rgb -force
save_project_as: Time (s): cpu = 00:00:08 ; elapsed = 00:00:17 . Memory (MB): peak = 785.734 ; gain = 5.586
report_ip_status -name ip_status 
exit
INFO: [Common 17-206] Exiting Vivado at Mon Apr 23 19:58:16 2018...
